{"F:/小说桌面端工具/do-zhou/electron/main.ts": {"path":"F:/小说桌面端工具/do-zhou/electron/main.ts","statementMap":{"0":{"start":{"line":11,"column":39},"end":{"line":11,"column":null}},"1":{"start":{"line":14,"column":2},"end":{"line":21,"column":null}},"2":{"start":{"line":23,"column":2},"end":{"line":27,"column":null}},"3":{"start":{"line":24,"column":4},"end":{"line":24,"column":null}},"4":{"start":{"line":26,"column":4},"end":{"line":26,"column":null}},"5":{"start":{"line":30,"column":0},"end":{"line":30,"column":null}},"6":{"start":{"line":30,"column":36},"end":{"line":30,"column":58}},"7":{"start":{"line":31,"column":0},"end":{"line":33,"column":null}},"8":{"start":{"line":32,"column":2},"end":{"line":32,"column":null}},"9":{"start":{"line":32,"column":35},"end":{"line":32,"column":59}},"10":{"start":{"line":32,"column":68},"end":{"line":32,"column":91}},"11":{"start":{"line":34,"column":0},"end":{"line":34,"column":null}},"12":{"start":{"line":34,"column":33},"end":{"line":34,"column":52}},"13":{"start":{"line":35,"column":0},"end":{"line":35,"column":null}},"14":{"start":{"line":35,"column":43},"end":{"line":35,"column":77}},"15":{"start":{"line":37,"column":0},"end":{"line":37,"column":null}},"16":{"start":{"line":39,"column":17},"end":{"line":39,"column":null}},"17":{"start":{"line":40,"column":25},"end":{"line":40,"column":null}},"18":{"start":{"line":41,"column":0},"end":{"line":41,"column":null}},"19":{"start":{"line":42,"column":0},"end":{"line":42,"column":null}},"20":{"start":{"line":46,"column":21},"end":{"line":46,"column":null}},"21":{"start":{"line":47,"column":0},"end":{"line":47,"column":null}},"22":{"start":{"line":51,"column":24},"end":{"line":51,"column":null}},"23":{"start":{"line":52,"column":22},"end":{"line":52,"column":null}},"24":{"start":{"line":53,"column":0},"end":{"line":53,"column":null}},"25":{"start":{"line":53,"column":37},"end":{"line":53,"column":58}},"26":{"start":{"line":54,"column":0},"end":{"line":54,"column":null}},"27":{"start":{"line":54,"column":43},"end":{"line":54,"column":66}},"28":{"start":{"line":55,"column":0},"end":{"line":55,"column":null}},"29":{"start":{"line":55,"column":39},"end":{"line":55,"column":62}},"30":{"start":{"line":56,"column":0},"end":{"line":56,"column":null}},"31":{"start":{"line":56,"column":36},"end":{"line":56,"column":63}},"32":{"start":{"line":57,"column":0},"end":{"line":57,"column":null}},"33":{"start":{"line":57,"column":75},"end":{"line":57,"column":114}},"34":{"start":{"line":58,"column":0},"end":{"line":58,"column":null}},"35":{"start":{"line":58,"column":81},"end":{"line":58,"column":126}},"36":{"start":{"line":59,"column":0},"end":{"line":59,"column":null}},"37":{"start":{"line":59,"column":59},"end":{"line":59,"column":89}},"38":{"start":{"line":61,"column":0},"end":{"line":64,"column":null}},"39":{"start":{"line":62,"column":27},"end":{"line":62,"column":null}},"40":{"start":{"line":63,"column":2},"end":{"line":63,"column":null}},"41":{"start":{"line":67,"column":24},"end":{"line":67,"column":null}},"42":{"start":{"line":67,"column":39},"end":{"line":67,"column":null}},"43":{"start":{"line":68,"column":0},"end":{"line":70,"column":null}},"44":{"start":{"line":69,"column":2},"end":{"line":69,"column":null}},"45":{"start":{"line":69,"column":8},"end":{"line":69,"column":67}},"46":{"start":{"line":69,"column":77},"end":{"line":69,"column":89}},"47":{"start":{"line":71,"column":0},"end":{"line":74,"column":null}},"48":{"start":{"line":72,"column":13},"end":{"line":72,"column":null}},"49":{"start":{"line":73,"column":14},"end":{"line":73,"column":32}},"50":{"start":{"line":73,"column":32},"end":{"line":73,"column":97}},"51":{"start":{"line":73,"column":57},"end":{"line":73,"column":97}},"52":{"start":{"line":73,"column":97},"end":{"line":73,"column":137}},"53":{"start":{"line":73,"column":137},"end":{"line":73,"column":null}},"54":{"start":{"line":75,"column":0},"end":{"line":78,"column":null}},"55":{"start":{"line":76,"column":13},"end":{"line":76,"column":null}},"56":{"start":{"line":77,"column":14},"end":{"line":77,"column":32}},"57":{"start":{"line":77,"column":32},"end":{"line":77,"column":68}},"58":{"start":{"line":77,"column":57},"end":{"line":77,"column":68}},"59":{"start":{"line":77,"column":68},"end":{"line":77,"column":null}},"60":{"start":{"line":77,"column":107},"end":{"line":77,"column":155}},"61":{"start":{"line":79,"column":0},"end":{"line":81,"column":null}},"62":{"start":{"line":80,"column":2},"end":{"line":80,"column":null}},"63":{"start":{"line":80,"column":18},"end":{"line":80,"column":71}},"64":{"start":{"line":80,"column":85},"end":{"line":80,"column":100}},"65":{"start":{"line":80,"column":116},"end":{"line":80,"column":120}},"66":{"start":{"line":80,"column":120},"end":{"line":80,"column":250}},"67":{"start":{"line":80,"column":133},"end":{"line":80,"column":136}},"68":{"start":{"line":80,"column":161},"end":{"line":80,"column":248}},"69":{"start":{"line":80,"column":199},"end":{"line":80,"column":248}},"70":{"start":{"line":80,"column":250},"end":{"line":80,"column":265}},"71":{"start":{"line":80,"column":275},"end":{"line":80,"column":285}},"72":{"start":{"line":83,"column":0},"end":{"line":83,"column":null}},"73":{"start":{"line":85,"column":0},"end":{"line":85,"column":null}},"74":{"start":{"line":85,"column":36},"end":{"line":85,"column":82}},"75":{"start":{"line":85,"column":71},"end":{"line":85,"column":82}},"76":{"start":{"line":86,"column":0},"end":{"line":86,"column":null}},"77":{"start":{"line":86,"column":27},"end":{"line":86,"column":90}},"78":{"start":{"line":86,"column":75},"end":{"line":86,"column":90}}},"fnMap":{"0":{"name":"createWindow","decl":{"start":{"line":13,"column":9},"end":{"line":13,"column":30}},"loc":{"start":{"line":13,"column":30},"end":{"line":28,"column":null}}},"1":{"name":"(anonymous_1)","decl":{"start":{"line":30,"column":30},"end":{"line":30,"column":36}},"loc":{"start":{"line":30,"column":36},"end":{"line":30,"column":58}}},"2":{"name":"(anonymous_2)","decl":{"start":{"line":31,"column":30},"end":{"line":31,"column":36}},"loc":{"start":{"line":31,"column":36},"end":{"line":33,"column":1}}},"3":{"name":"(anonymous_3)","decl":{"start":{"line":34,"column":27},"end":{"line":34,"column":33}},"loc":{"start":{"line":34,"column":33},"end":{"line":34,"column":52}}},"4":{"name":"(anonymous_4)","decl":{"start":{"line":35,"column":37},"end":{"line":35,"column":43}},"loc":{"start":{"line":35,"column":43},"end":{"line":35,"column":77}}},"5":{"name":"(anonymous_5)","decl":{"start":{"line":53,"column":31},"end":{"line":53,"column":37}},"loc":{"start":{"line":53,"column":37},"end":{"line":53,"column":58}}},"6":{"name":"(anonymous_6)","decl":{"start":{"line":54,"column":32},"end":{"line":54,"column":33}},"loc":{"start":{"line":54,"column":43},"end":{"line":54,"column":66}}},"7":{"name":"(anonymous_7)","decl":{"start":{"line":55,"column":33},"end":{"line":55,"column":39}},"loc":{"start":{"line":55,"column":39},"end":{"line":55,"column":62}}},"8":{"name":"(anonymous_8)","decl":{"start":{"line":56,"column":30},"end":{"line":56,"column":36}},"loc":{"start":{"line":56,"column":36},"end":{"line":56,"column":63}}},"9":{"name":"(anonymous_9)","decl":{"start":{"line":57,"column":32},"end":{"line":57,"column":33}},"loc":{"start":{"line":57,"column":75},"end":{"line":57,"column":114}}},"10":{"name":"(anonymous_10)","decl":{"start":{"line":58,"column":33},"end":{"line":58,"column":34}},"loc":{"start":{"line":58,"column":81},"end":{"line":58,"column":126}}},"11":{"name":"(anonymous_11)","decl":{"start":{"line":59,"column":31},"end":{"line":59,"column":32}},"loc":{"start":{"line":59,"column":57},"end":{"line":59,"column":90}}},"12":{"name":"(anonymous_12)","decl":{"start":{"line":61,"column":36},"end":{"line":61,"column":43}},"loc":{"start":{"line":61,"column":55},"end":{"line":64,"column":1}}},"13":{"name":"(anonymous_13)","decl":{"start":{"line":67,"column":24},"end":{"line":67,"column":25}},"loc":{"start":{"line":67,"column":39},"end":{"line":67,"column":null}}},"14":{"name":"(anonymous_14)","decl":{"start":{"line":68,"column":32},"end":{"line":68,"column":33}},"loc":{"start":{"line":68,"column":58},"end":{"line":70,"column":1}}},"15":{"name":"(anonymous_15)","decl":{"start":{"line":71,"column":33},"end":{"line":71,"column":34}},"loc":{"start":{"line":71,"column":76},"end":{"line":74,"column":1}}},"16":{"name":"(anonymous_16)","decl":{"start":{"line":75,"column":28},"end":{"line":75,"column":29}},"loc":{"start":{"line":75,"column":53},"end":{"line":78,"column":1}}},"17":{"name":"(anonymous_17)","decl":{"start":{"line":77,"column":102},"end":{"line":77,"column":107}},"loc":{"start":{"line":77,"column":107},"end":{"line":77,"column":155}}},"18":{"name":"(anonymous_18)","decl":{"start":{"line":79,"column":28},"end":{"line":79,"column":29}},"loc":{"start":{"line":79,"column":69},"end":{"line":81,"column":1}}},"19":{"name":"(anonymous_19)","decl":{"start":{"line":85,"column":28},"end":{"line":85,"column":34}},"loc":{"start":{"line":85,"column":34},"end":{"line":85,"column":83}}},"20":{"name":"(anonymous_20)","decl":{"start":{"line":86,"column":19},"end":{"line":86,"column":25}},"loc":{"start":{"line":86,"column":25},"end":{"line":86,"column":91}}}},"branchMap":{"0":{"loc":{"start":{"line":23,"column":2},"end":{"line":27,"column":null}},"type":"if","locations":[{"start":{"line":23,"column":2},"end":{"line":27,"column":null}},{"start":{"line":25,"column":9},"end":{"line":27,"column":null}}]},"1":{"loc":{"start":{"line":32,"column":2},"end":{"line":32,"column":null}},"type":"if","locations":[{"start":{"line":32,"column":2},"end":{"line":32,"column":null}},{"start":{"line":32,"column":66},"end":{"line":32,"column":null}}]},"2":{"loc":{"start":{"line":35,"column":43},"end":{"line":35,"column":77}},"type":"binary-expr","locations":[{"start":{"line":35,"column":43},"end":{"line":35,"column":72}},{"start":{"line":35,"column":72},"end":{"line":35,"column":77}}]},"3":{"loc":{"start":{"line":67,"column":39},"end":{"line":67,"column":null}},"type":"cond-expr","locations":[{"start":{"line":67,"column":60},"end":{"line":67,"column":64}},{"start":{"line":67,"column":64},"end":{"line":67,"column":null}}]},"4":{"loc":{"start":{"line":73,"column":32},"end":{"line":73,"column":97}},"type":"if","locations":[{"start":{"line":73,"column":32},"end":{"line":73,"column":97}},{"start":{},"end":{}}]},"5":{"loc":{"start":{"line":77,"column":32},"end":{"line":77,"column":68}},"type":"if","locations":[{"start":{"line":77,"column":32},"end":{"line":77,"column":68}},{"start":{},"end":{}}]},"6":{"loc":{"start":{"line":80,"column":161},"end":{"line":80,"column":248}},"type":"if","locations":[{"start":{"line":80,"column":161},"end":{"line":80,"column":248}},{"start":{},"end":{}}]},"7":{"loc":{"start":{"line":85,"column":36},"end":{"line":85,"column":82}},"type":"if","locations":[{"start":{"line":85,"column":36},"end":{"line":85,"column":82}},{"start":{},"end":{}}]},"8":{"loc":{"start":{"line":86,"column":27},"end":{"line":86,"column":90}},"type":"if","locations":[{"start":{"line":86,"column":27},"end":{"line":86,"column":90}},{"start":{},"end":{}}]}},"s":{"0":0,"1":0,"2":0,"3":0,"4":0,"5":0,"6":0,"7":0,"8":0,"9":0,"10":0,"11":0,"12":0,"13":0,"14":0,"15":0,"16":0,"17":0,"18":0,"19":0,"20":0,"21":0,"22":0,"23":0,"24":0,"25":0,"26":0,"27":0,"28":0,"29":0,"30":0,"31":0,"32":0,"33":0,"34":0,"35":0,"36":0,"37":0,"38":0,"39":0,"40":0,"41":0,"42":0,"43":0,"44":0,"45":0,"46":0,"47":0,"48":0,"49":0,"50":0,"51":0,"52":0,"53":0,"54":0,"55":0,"56":0,"57":0,"58":0,"59":0,"60":0,"61":0,"62":0,"63":0,"64":0,"65":0,"66":0,"67":0,"68":0,"69":0,"70":0,"71":0,"72":0,"73":0,"74":0,"75":0,"76":0,"77":0,"78":0},"f":{"0":0,"1":0,"2":0,"3":0,"4":0,"5":0,"6":0,"7":0,"8":0,"9":0,"10":0,"11":0,"12":0,"13":0,"14":0,"15":0,"16":0,"17":0,"18":0,"19":0,"20":0},"b":{"0":[0,0],"1":[0,0],"2":[0,0],"3":[0,0],"4":[0,0],"5":[0,0],"6":[0,0],"7":[0,0],"8":[0,0]}}
,"F:/小说桌面端工具/do-zhou/electron/preload.ts": {"path":"F:/小说桌面端工具/do-zhou/electron/preload.ts","statementMap":{"0":{"start":{"line":3,"column":12},"end":{"line":82,"column":null}},"1":{"start":{"line":5,"column":20},"end":{"line":5,"column":null}},"2":{"start":{"line":6,"column":20},"end":{"line":6,"column":null}},"3":{"start":{"line":7,"column":17},"end":{"line":7,"column":null}},"4":{"start":{"line":8,"column":23},"end":{"line":8,"column":null}},"5":{"start":{"line":11,"column":25},"end":{"line":11,"column":null}},"6":{"start":{"line":12,"column":37},"end":{"line":12,"column":null}},"7":{"start":{"line":13,"column":25},"end":{"line":13,"column":null}},"8":{"start":{"line":14,"column":27},"end":{"line":14,"column":null}},"9":{"start":{"line":15,"column":38},"end":{"line":15,"column":null}},"10":{"start":{"line":16,"column":26},"end":{"line":16,"column":null}},"11":{"start":{"line":17,"column":27},"end":{"line":17,"column":null}},"12":{"start":{"line":20,"column":38},"end":{"line":20,"column":null}},"13":{"start":{"line":21,"column":26},"end":{"line":21,"column":null}},"14":{"start":{"line":22,"column":24},"end":{"line":22,"column":null}},"15":{"start":{"line":23,"column":27},"end":{"line":23,"column":null}},"16":{"start":{"line":24,"column":38},"end":{"line":24,"column":null}},"17":{"start":{"line":25,"column":30},"end":{"line":25,"column":null}},"18":{"start":{"line":28,"column":16},"end":{"line":28,"column":null}},"19":{"start":{"line":29,"column":39},"end":{"line":29,"column":null}},"20":{"start":{"line":30,"column":17},"end":{"line":30,"column":null}},"21":{"start":{"line":33,"column":18},"end":{"line":33,"column":null}},"22":{"start":{"line":34,"column":28},"end":{"line":34,"column":null}},"23":{"start":{"line":35,"column":56},"end":{"line":35,"column":null}},"24":{"start":{"line":36,"column":52},"end":{"line":36,"column":null}},"25":{"start":{"line":37,"column":28},"end":{"line":37,"column":null}},"26":{"start":{"line":38,"column":32},"end":{"line":38,"column":null}},"27":{"start":{"line":39,"column":33},"end":{"line":39,"column":null}},"28":{"start":{"line":40,"column":36},"end":{"line":40,"column":null}},"29":{"start":{"line":43,"column":18},"end":{"line":43,"column":null}},"30":{"start":{"line":44,"column":66},"end":{"line":44,"column":null}},"31":{"start":{"line":45,"column":18},"end":{"line":45,"column":null}},"32":{"start":{"line":46,"column":35},"end":{"line":46,"column":null}},"33":{"start":{"line":47,"column":51},"end":{"line":47,"column":null}},"34":{"start":{"line":48,"column":50},"end":{"line":48,"column":null}},"35":{"start":{"line":49,"column":67},"end":{"line":49,"column":null}},"36":{"start":{"line":50,"column":59},"end":{"line":50,"column":null}},"37":{"start":{"line":53,"column":15},"end":{"line":53,"column":null}},"38":{"start":{"line":54,"column":42},"end":{"line":54,"column":null}},"39":{"start":{"line":55,"column":17},"end":{"line":55,"column":null}},"40":{"start":{"line":58,"column":16},"end":{"line":58,"column":null}},"41":{"start":{"line":59,"column":51},"end":{"line":59,"column":null}},"42":{"start":{"line":60,"column":57},"end":{"line":60,"column":null}},"43":{"start":{"line":61,"column":33},"end":{"line":61,"column":null}},"44":{"start":{"line":64,"column":174},"end":{"line":64,"column":null}},"45":{"start":{"line":65,"column":123},"end":{"line":65,"column":null}},"46":{"start":{"line":66,"column":34},"end":{"line":66,"column":null}},"47":{"start":{"line":67,"column":24},"end":{"line":67,"column":null}},"48":{"start":{"line":68,"column":36},"end":{"line":68,"column":null}},"49":{"start":{"line":71,"column":32},"end":{"line":71,"column":null}},"50":{"start":{"line":72,"column":50},"end":{"line":72,"column":null}},"51":{"start":{"line":73,"column":31},"end":{"line":73,"column":null}},"52":{"start":{"line":74,"column":43},"end":{"line":74,"column":null}},"53":{"start":{"line":77,"column":47},"end":{"line":77,"column":null}},"54":{"start":{"line":78,"column":44},"end":{"line":78,"column":null}},"55":{"start":{"line":80,"column":28},"end":{"line":80,"column":66}},"56":{"start":{"line":84,"column":0},"end":{"line":84,"column":null}}},"fnMap":{"0":{"name":"(anonymous_0)","decl":{"start":{"line":5,"column":14},"end":{"line":5,"column":20}},"loc":{"start":{"line":5,"column":20},"end":{"line":5,"column":null}}},"1":{"name":"(anonymous_1)","decl":{"start":{"line":6,"column":14},"end":{"line":6,"column":20}},"loc":{"start":{"line":6,"column":20},"end":{"line":6,"column":null}}},"2":{"name":"(anonymous_2)","decl":{"start":{"line":7,"column":11},"end":{"line":7,"column":17}},"loc":{"start":{"line":7,"column":17},"end":{"line":7,"column":null}}},"3":{"name":"(anonymous_3)","decl":{"start":{"line":8,"column":17},"end":{"line":8,"column":23}},"loc":{"start":{"line":8,"column":23},"end":{"line":8,"column":null}}},"4":{"name":"(anonymous_4)","decl":{"start":{"line":11,"column":10},"end":{"line":11,"column":11}},"loc":{"start":{"line":11,"column":25},"end":{"line":11,"column":null}}},"5":{"name":"(anonymous_5)","decl":{"start":{"line":12,"column":11},"end":{"line":12,"column":12}},"loc":{"start":{"line":12,"column":37},"end":{"line":12,"column":null}}},"6":{"name":"(anonymous_6)","decl":{"start":{"line":13,"column":10},"end":{"line":13,"column":11}},"loc":{"start":{"line":13,"column":25},"end":{"line":13,"column":null}}},"7":{"name":"(anonymous_7)","decl":{"start":{"line":14,"column":12},"end":{"line":14,"column":13}},"loc":{"start":{"line":14,"column":27},"end":{"line":14,"column":null}}},"8":{"name":"(anonymous_8)","decl":{"start":{"line":15,"column":12},"end":{"line":15,"column":13}},"loc":{"start":{"line":15,"column":38},"end":{"line":15,"column":null}}},"9":{"name":"(anonymous_9)","decl":{"start":{"line":16,"column":11},"end":{"line":16,"column":12}},"loc":{"start":{"line":16,"column":26},"end":{"line":16,"column":null}}},"10":{"name":"(anonymous_10)","decl":{"start":{"line":17,"column":12},"end":{"line":17,"column":13}},"loc":{"start":{"line":17,"column":27},"end":{"line":17,"column":null}}},"11":{"name":"(anonymous_11)","decl":{"start":{"line":20,"column":12},"end":{"line":20,"column":13}},"loc":{"start":{"line":20,"column":38},"end":{"line":20,"column":null}}},"12":{"name":"(anonymous_12)","decl":{"start":{"line":21,"column":10},"end":{"line":21,"column":11}},"loc":{"start":{"line":21,"column":26},"end":{"line":21,"column":null}}},"13":{"name":"(anonymous_13)","decl":{"start":{"line":22,"column":9},"end":{"line":22,"column":10}},"loc":{"start":{"line":22,"column":24},"end":{"line":22,"column":null}}},"14":{"name":"(anonymous_14)","decl":{"start":{"line":23,"column":12},"end":{"line":23,"column":13}},"loc":{"start":{"line":23,"column":27},"end":{"line":23,"column":null}}},"15":{"name":"(anonymous_15)","decl":{"start":{"line":24,"column":12},"end":{"line":24,"column":13}},"loc":{"start":{"line":24,"column":38},"end":{"line":24,"column":null}}},"16":{"name":"(anonymous_16)","decl":{"start":{"line":25,"column":15},"end":{"line":25,"column":16}},"loc":{"start":{"line":25,"column":30},"end":{"line":25,"column":null}}},"17":{"name":"(anonymous_17)","decl":{"start":{"line":28,"column":10},"end":{"line":28,"column":16}},"loc":{"start":{"line":28,"column":16},"end":{"line":28,"column":null}}},"18":{"name":"(anonymous_18)","decl":{"start":{"line":29,"column":13},"end":{"line":29,"column":14}},"loc":{"start":{"line":29,"column":39},"end":{"line":29,"column":null}}},"19":{"name":"(anonymous_19)","decl":{"start":{"line":30,"column":11},"end":{"line":30,"column":17}},"loc":{"start":{"line":30,"column":17},"end":{"line":30,"column":null}}},"20":{"name":"(anonymous_20)","decl":{"start":{"line":33,"column":12},"end":{"line":33,"column":18}},"loc":{"start":{"line":33,"column":18},"end":{"line":33,"column":null}}},"21":{"name":"(anonymous_21)","decl":{"start":{"line":34,"column":12},"end":{"line":34,"column":13}},"loc":{"start":{"line":34,"column":28},"end":{"line":34,"column":null}}},"22":{"name":"(anonymous_22)","decl":{"start":{"line":35,"column":12},"end":{"line":35,"column":13}},"loc":{"start":{"line":35,"column":56},"end":{"line":35,"column":null}}},"23":{"name":"(anonymous_23)","decl":{"start":{"line":36,"column":15},"end":{"line":36,"column":16}},"loc":{"start":{"line":36,"column":52},"end":{"line":36,"column":null}}},"24":{"name":"(anonymous_24)","decl":{"start":{"line":37,"column":12},"end":{"line":37,"column":13}},"loc":{"start":{"line":37,"column":28},"end":{"line":37,"column":null}}},"25":{"name":"(anonymous_25)","decl":{"start":{"line":38,"column":13},"end":{"line":38,"column":14}},"loc":{"start":{"line":38,"column":32},"end":{"line":38,"column":null}}},"26":{"name":"(anonymous_26)","decl":{"start":{"line":39,"column":17},"end":{"line":39,"column":18}},"loc":{"start":{"line":39,"column":33},"end":{"line":39,"column":null}}},"27":{"name":"(anonymous_27)","decl":{"start":{"line":40,"column":20},"end":{"line":40,"column":21}},"loc":{"start":{"line":40,"column":36},"end":{"line":40,"column":null}}},"28":{"name":"(anonymous_28)","decl":{"start":{"line":43,"column":12},"end":{"line":43,"column":18}},"loc":{"start":{"line":43,"column":18},"end":{"line":43,"column":null}}},"29":{"name":"(anonymous_29)","decl":{"start":{"line":44,"column":12},"end":{"line":44,"column":13}},"loc":{"start":{"line":44,"column":66},"end":{"line":44,"column":null}}},"30":{"name":"(anonymous_30)","decl":{"start":{"line":45,"column":12},"end":{"line":45,"column":18}},"loc":{"start":{"line":45,"column":18},"end":{"line":45,"column":null}}},"31":{"name":"(anonymous_31)","decl":{"start":{"line":46,"column":12},"end":{"line":46,"column":13}},"loc":{"start":{"line":46,"column":35},"end":{"line":46,"column":null}}},"32":{"name":"(anonymous_32)","decl":{"start":{"line":47,"column":12},"end":{"line":47,"column":13}},"loc":{"start":{"line":47,"column":51},"end":{"line":47,"column":null}}},"33":{"name":"(anonymous_33)","decl":{"start":{"line":48,"column":12},"end":{"line":48,"column":13}},"loc":{"start":{"line":48,"column":50},"end":{"line":48,"column":null}}},"34":{"name":"(anonymous_34)","decl":{"start":{"line":49,"column":21},"end":{"line":49,"column":22}},"loc":{"start":{"line":49,"column":67},"end":{"line":49,"column":null}}},"35":{"name":"(anonymous_35)","decl":{"start":{"line":50,"column":18},"end":{"line":50,"column":19}},"loc":{"start":{"line":50,"column":59},"end":{"line":50,"column":null}}},"36":{"name":"(anonymous_36)","decl":{"start":{"line":53,"column":9},"end":{"line":53,"column":15}},"loc":{"start":{"line":53,"column":15},"end":{"line":53,"column":null}}},"37":{"name":"(anonymous_37)","decl":{"start":{"line":54,"column":10},"end":{"line":54,"column":11}},"loc":{"start":{"line":54,"column":42},"end":{"line":54,"column":null}}},"38":{"name":"(anonymous_38)","decl":{"start":{"line":55,"column":11},"end":{"line":55,"column":17}},"loc":{"start":{"line":55,"column":17},"end":{"line":55,"column":null}}},"39":{"name":"(anonymous_39)","decl":{"start":{"line":58,"column":10},"end":{"line":58,"column":16}},"loc":{"start":{"line":58,"column":16},"end":{"line":58,"column":null}}},"40":{"name":"(anonymous_40)","decl":{"start":{"line":59,"column":12},"end":{"line":59,"column":13}},"loc":{"start":{"line":59,"column":51},"end":{"line":59,"column":null}}},"41":{"name":"(anonymous_41)","decl":{"start":{"line":60,"column":13},"end":{"line":60,"column":14}},"loc":{"start":{"line":60,"column":57},"end":{"line":60,"column":null}}},"42":{"name":"(anonymous_42)","decl":{"start":{"line":61,"column":11},"end":{"line":61,"column":12}},"loc":{"start":{"line":61,"column":33},"end":{"line":61,"column":null}}},"43":{"name":"(anonymous_43)","decl":{"start":{"line":64,"column":10},"end":{"line":64,"column":11}},"loc":{"start":{"line":64,"column":174},"end":{"line":64,"column":null}}},"44":{"name":"(anonymous_44)","decl":{"start":{"line":65,"column":16},"end":{"line":65,"column":17}},"loc":{"start":{"line":65,"column":123},"end":{"line":65,"column":null}}},"45":{"name":"(anonymous_45)","decl":{"start":{"line":66,"column":17},"end":{"line":66,"column":18}},"loc":{"start":{"line":66,"column":34},"end":{"line":66,"column":null}}},"46":{"name":"(anonymous_46)","decl":{"start":{"line":67,"column":18},"end":{"line":67,"column":24}},"loc":{"start":{"line":67,"column":24},"end":{"line":67,"column":null}}},"47":{"name":"(anonymous_47)","decl":{"start":{"line":68,"column":19},"end":{"line":68,"column":20}},"loc":{"start":{"line":68,"column":36},"end":{"line":68,"column":null}}},"48":{"name":"(anonymous_48)","decl":{"start":{"line":71,"column":14},"end":{"line":71,"column":15}},"loc":{"start":{"line":71,"column":32},"end":{"line":71,"column":null}}},"49":{"name":"(anonymous_49)","decl":{"start":{"line":72,"column":15},"end":{"line":72,"column":16}},"loc":{"start":{"line":72,"column":50},"end":{"line":72,"column":null}}},"50":{"name":"(anonymous_50)","decl":{"start":{"line":73,"column":10},"end":{"line":73,"column":11}},"loc":{"start":{"line":73,"column":31},"end":{"line":73,"column":null}}},"51":{"name":"(anonymous_51)","decl":{"start":{"line":74,"column":10},"end":{"line":74,"column":11}},"loc":{"start":{"line":74,"column":43},"end":{"line":74,"column":null}}},"52":{"name":"(anonymous_52)","decl":{"start":{"line":77,"column":14},"end":{"line":77,"column":15}},"loc":{"start":{"line":77,"column":47},"end":{"line":77,"column":null}}},"53":{"name":"(anonymous_53)","decl":{"start":{"line":78,"column":11},"end":{"line":78,"column":12}},"loc":{"start":{"line":78,"column":44},"end":{"line":78,"column":null}}},"54":{"name":"(anonymous_54)","decl":{"start":{"line":80,"column":22},"end":{"line":80,"column":28}},"loc":{"start":{"line":80,"column":28},"end":{"line":80,"column":66}}}},"branchMap":{},"s":{"0":1,"1":0,"2":0,"3":0,"4":0,"5":0,"6":0,"7":0,"8":0,"9":0,"10":0,"11":0,"12":0,"13":0,"14":0,"15":0,"16":0,"17":0,"18":0,"19":0,"20":0,"21":0,"22":0,"23":0,"24":0,"25":0,"26":0,"27":0,"28":0,"29":0,"30":0,"31":0,"32":0,"33":0,"34":0,"35":0,"36":0,"37":0,"38":0,"39":0,"40":0,"41":0,"42":0,"43":0,"44":0,"45":0,"46":0,"47":0,"48":0,"49":0,"50":0,"51":0,"52":0,"53":0,"54":0,"55":0,"56":1},"f":{"0":0,"1":0,"2":0,"3":0,"4":0,"5":0,"6":0,"7":0,"8":0,"9":0,"10":0,"11":0,"12":0,"13":0,"14":0,"15":0,"16":0,"17":0,"18":0,"19":0,"20":0,"21":0,"22":0,"23":0,"24":0,"25":0,"26":0,"27":0,"28":0,"29":0,"30":0,"31":0,"32":0,"33":0,"34":0,"35":0,"36":0,"37":0,"38":0,"39":0,"40":0,"41":0,"42":0,"43":0,"44":0,"45":0,"46":0,"47":0,"48":0,"49":0,"50":0,"51":0,"52":0,"53":0,"54":0},"b":{}}
,"F:/小说桌面端工具/do-zhou/src/common/error-reporting.ts": {"path":"F:/小说桌面端工具/do-zhou/src/common/error-reporting.ts","statementMap":{"0":{"start":{"line":19,"column":37},"end":{"line":19,"column":null}},"1":{"start":{"line":22,"column":17},"end":{"line":22,"column":null}},"2":{"start":{"line":23,"column":2},"end":{"line":23,"column":null}},"3":{"start":{"line":23,"column":30},"end":{"line":23,"column":null}},"4":{"start":{"line":24,"column":4},"end":{"line":24,"column":null}},"5":{"start":{"line":27,"column":2},"end":{"line":30,"column":null}},"6":{"start":{"line":28,"column":4},"end":{"line":28,"column":null}},"7":{"start":{"line":29,"column":4},"end":{"line":29,"column":null}},"8":{"start":{"line":33,"column":2},"end":{"line":37,"column":null}},"9":{"start":{"line":34,"column":16},"end":{"line":34,"column":null}},"10":{"start":{"line":35,"column":4},"end":{"line":35,"column":null}},"11":{"start":{"line":36,"column":4},"end":{"line":36,"column":null}},"12":{"start":{"line":41,"column":18},"end":{"line":41,"column":null}},"13":{"start":{"line":42,"column":2},"end":{"line":42,"column":null}},"14":{"start":{"line":42,"column":15},"end":{"line":42,"column":null}},"15":{"start":{"line":44,"column":2},"end":{"line":50,"column":null}},"16":{"start":{"line":45,"column":20},"end":{"line":45,"column":null}},"17":{"start":{"line":46,"column":17},"end":{"line":46,"column":null}},"18":{"start":{"line":47,"column":4},"end":{"line":47,"column":null}},"19":{"start":{"line":57,"column":2},"end":{"line":57,"column":null}}},"fnMap":{"0":{"name":"initErrorReporting","decl":{"start":{"line":21,"column":16},"end":{"line":21,"column":35}},"loc":{"start":{"line":21,"column":59},"end":{"line":38,"column":null}}},"1":{"name":"(anonymous_1)","decl":{"start":{"line":27,"column":34},"end":{"line":27,"column":35}},"loc":{"start":{"line":27,"column":52},"end":{"line":30,"column":3}}},"2":{"name":"(anonymous_2)","decl":{"start":{"line":33,"column":35},"end":{"line":33,"column":36}},"loc":{"start":{"line":33,"column":56},"end":{"line":37,"column":3}}},"3":{"name":"logError","decl":{"start":{"line":40,"column":9},"end":{"line":40,"column":18}},"loc":{"start":{"line":40,"column":45},"end":{"line":51,"column":null}}},"4":{"name":"reportRendererError","decl":{"start":{"line":56,"column":16},"end":{"line":56,"column":36}},"loc":{"start":{"line":56,"column":75},"end":{"line":58,"column":null}}}},"branchMap":{"0":{"loc":{"start":{"line":23,"column":2},"end":{"line":23,"column":null}},"type":"if","locations":[{"start":{"line":23,"column":2},"end":{"line":23,"column":null}},{"start":{},"end":{}}]},"1":{"loc":{"start":{"line":34,"column":16},"end":{"line":34,"column":null}},"type":"cond-expr","locations":[{"start":{"line":34,"column":42},"end":{"line":34,"column":59}},{"start":{"line":34,"column":59},"end":{"line":34,"column":null}}]},"2":{"loc":{"start":{"line":35,"column":101},"end":{"line":35,"column":152}},"type":"cond-expr","locations":[{"start":{"line":35,"column":127},"end":{"line":35,"column":142}},{"start":{"line":35,"column":142},"end":{"line":35,"column":152}}]},"3":{"loc":{"start":{"line":42,"column":2},"end":{"line":42,"column":null}},"type":"if","locations":[{"start":{"line":42,"column":2},"end":{"line":42,"column":null}},{"start":{},"end":{}}]}},"s":{"0":1,"1":1,"2":1,"3":1,"4":1,"5":1,"6":0,"7":0,"8":1,"9":0,"10":0,"11":0,"12":1,"13":1,"14":0,"15":1,"16":1,"17":1,"18":1,"19":1},"f":{"0":1,"1":0,"2":0,"3":1,"4":1},"b":{"0":[1,0],"1":[0,0],"2":[0,0],"3":[0,1]}}
,"F:/小说桌面端工具/do-zhou/src/main/updater.ts": {"path":"F:/小说桌面端工具/do-zhou/src/main/updater.ts","statementMap":{"0":{"start":{"line":10,"column":68},"end":{"line":10,"column":null}},"1":{"start":{"line":14,"column":2},"end":{"line":14,"column":null}},"2":{"start":{"line":14,"column":23},"end":{"line":14,"column":null}},"3":{"start":{"line":16,"column":2},"end":{"line":25,"column":null}},"4":{"start":{"line":18,"column":32},"end":{"line":18,"column":null}},"5":{"start":{"line":19,"column":4},"end":{"line":19,"column":null}},"6":{"start":{"line":21,"column":4},"end":{"line":21,"column":null}},"7":{"start":{"line":22,"column":4},"end":{"line":22,"column":null}},"8":{"start":{"line":24,"column":4},"end":{"line":24,"column":null}},"9":{"start":{"line":29,"column":2},"end":{"line":32,"column":null}},"10":{"start":{"line":30,"column":4},"end":{"line":30,"column":null}},"11":{"start":{"line":31,"column":4},"end":{"line":31,"column":null}},"12":{"start":{"line":33,"column":2},"end":{"line":33,"column":null}}},"fnMap":{"0":{"name":"initAutoUpdater","decl":{"start":{"line":12,"column":16},"end":{"line":12,"column":40}},"loc":{"start":{"line":12,"column":40},"end":{"line":26,"column":null}}},"1":{"name":"checkForUpdates","decl":{"start":{"line":28,"column":16},"end":{"line":28,"column":40}},"loc":{"start":{"line":28,"column":40},"end":{"line":34,"column":null}}}},"branchMap":{"0":{"loc":{"start":{"line":14,"column":2},"end":{"line":14,"column":null}},"type":"if","locations":[{"start":{"line":14,"column":2},"end":{"line":14,"column":null}},{"start":{},"end":{}}]},"1":{"loc":{"start":{"line":29,"column":2},"end":{"line":32,"column":null}},"type":"if","locations":[{"start":{"line":29,"column":2},"end":{"line":32,"column":null}},{"start":{},"end":{}}]}},"s":{"0":0,"1":0,"2":0,"3":0,"4":0,"5":0,"6":0,"7":0,"8":0,"9":0,"10":0,"11":0,"12":0},"f":{"0":0,"1":0},"b":{"0":[0,0],"1":[0,0]}}
,"F:/小说桌面端工具/do-zhou/src/main/engine/engine-factory.ts": {"path":"F:/小说桌面端工具/do-zhou/src/main/engine/engine-factory.ts","statementMap":{"0":{"start":{"line":23,"column":24},"end":{"line":23,"column":null}},"1":{"start":{"line":26,"column":2},"end":{"line":26,"column":null}},"2":{"start":{"line":26,"column":49},"end":{"line":26,"column":null}},"3":{"start":{"line":27,"column":2},"end":{"line":27,"column":null}},"4":{"start":{"line":27,"column":35},"end":{"line":27,"column":68}},"5":{"start":{"line":31,"column":21},"end":{"line":31,"column":null}},"6":{"start":{"line":32,"column":17},"end":{"line":32,"column":null}},"7":{"start":{"line":33,"column":21},"end":{"line":33,"column":null}},"8":{"start":{"line":36,"column":2},"end":{"line":41,"column":null}},"9":{"start":{"line":36,"column":21},"end":{"line":36,"column":24}},"10":{"start":{"line":37,"column":19},"end":{"line":37,"column":null}},"11":{"start":{"line":38,"column":4},"end":{"line":38,"column":null}},"12":{"start":{"line":38,"column":23},"end":{"line":38,"column":null}},"13":{"start":{"line":39,"column":4},"end":{"line":39,"column":null}},"14":{"start":{"line":40,"column":4},"end":{"line":40,"column":null}},"15":{"start":{"line":40,"column":30},"end":{"line":40,"column":null}},"16":{"start":{"line":40,"column":53},"end":{"line":40,"column":88}},"17":{"start":{"line":42,"column":2},"end":{"line":42,"column":null}},"18":{"start":{"line":46,"column":46},"end":{"line":46,"column":null}},"19":{"start":{"line":47,"column":2},"end":{"line":49,"column":null}},"20":{"start":{"line":48,"column":4},"end":{"line":48,"column":null}},"21":{"start":{"line":50,"column":2},"end":{"line":53,"column":null}},"22":{"start":{"line":51,"column":20},"end":{"line":51,"column":null}},"23":{"start":{"line":52,"column":4},"end":{"line":52,"column":null}},"24":{"start":{"line":53,"column":16},"end":{"line":53,"column":101}},"25":{"start":{"line":57,"column":17},"end":{"line":57,"column":null}},"26":{"start":{"line":58,"column":2},"end":{"line":67,"column":null}},"27":{"start":{"line":59,"column":17},"end":{"line":61,"column":null}},"28":{"start":{"line":62,"column":4},"end":{"line":62,"column":null}},"29":{"start":{"line":62,"column":18},"end":{"line":62,"column":null}},"30":{"start":{"line":63,"column":4},"end":{"line":63,"column":null}},"31":{"start":{"line":63,"column":31},"end":{"line":63,"column":null}},"32":{"start":{"line":64,"column":17},"end":{"line":64,"column":null}},"33":{"start":{"line":65,"column":20},"end":{"line":65,"column":null}},"34":{"start":{"line":66,"column":4},"end":{"line":66,"column":null}},"35":{"start":{"line":67,"column":16},"end":{"line":67,"column":104}},"36":{"start":{"line":71,"column":2},"end":{"line":71,"column":null}},"37":{"start":{"line":71,"column":20},"end":{"line":71,"column":60}},"38":{"start":{"line":71,"column":60},"end":{"line":71,"column":67}},"39":{"start":{"line":72,"column":17},"end":{"line":72,"column":40}},"40":{"start":{"line":72,"column":56},"end":{"line":72,"column":75}},"41":{"start":{"line":72,"column":85},"end":{"line":72,"column":null}},"42":{"start":{"line":73,"column":2},"end":{"line":76,"column":null}},"43":{"start":{"line":73,"column":41},"end":{"line":73,"column":62}},"44":{"start":{"line":73,"column":62},"end":{"line":73,"column":null}},"45":{"start":{"line":73,"column":72},"end":{"line":73,"column":null}},"46":{"start":{"line":74,"column":4},"end":{"line":74,"column":52}},"47":{"start":{"line":74,"column":66},"end":{"line":74,"column":83}},"48":{"start":{"line":74,"column":83},"end":{"line":74,"column":null}},"49":{"start":{"line":75,"column":4},"end":{"line":76,"column":158}},"50":{"start":{"line":75,"column":32},"end":{"line":75,"column":74}},"51":{"start":{"line":75,"column":64},"end":{"line":75,"column":74}},"52":{"start":{"line":75,"column":84},"end":{"line":75,"column":106}},"53":{"start":{"line":75,"column":106},"end":{"line":75,"column":null}},"54":{"start":{"line":75,"column":128},"end":{"line":75,"column":152}},"55":{"start":{"line":75,"column":152},"end":{"line":75,"column":159}},"56":{"start":{"line":76,"column":6},"end":{"line":76,"column":156}},"57":{"start":{"line":76,"column":22},"end":{"line":76,"column":37}},"58":{"start":{"line":76,"column":51},"end":{"line":76,"column":83}},"59":{"start":{"line":76,"column":83},"end":{"line":76,"column":133}},"60":{"start":{"line":76,"column":94},"end":{"line":76,"column":133}},"61":{"start":{"line":77,"column":2},"end":{"line":77,"column":null}}},"fnMap":{"0":{"name":"isClaude","decl":{"start":{"line":25,"column":9},"end":{"line":25,"column":18}},"loc":{"start":{"line":25,"column":62},"end":{"line":28,"column":null}}},"1":{"name":"(anonymous_1)","decl":{"start":{"line":27,"column":30},"end":{"line":27,"column":35}},"loc":{"start":{"line":27,"column":35},"end":{"line":27,"column":68}}},"2":{"name":"createEngine","decl":{"start":{"line":30,"column":22},"end":{"line":30,"column":35}},"loc":{"start":{"line":30,"column":78},"end":{"line":43,"column":null}}},"3":{"name":"(anonymous_3)","decl":{"start":{"line":40,"column":48},"end":{"line":40,"column":53}},"loc":{"start":{"line":40,"column":53},"end":{"line":40,"column":88}}},"4":{"name":"doClaude","decl":{"start":{"line":45,"column":15},"end":{"line":45,"column":24}},"loc":{"start":{"line":45,"column":67},"end":{"line":54,"column":null}}},"5":{"name":"doUniversal","decl":{"start":{"line":56,"column":15},"end":{"line":56,"column":27}},"loc":{"start":{"line":56,"column":70},"end":{"line":68,"column":null}}},"6":{"name":"parseStream","decl":{"start":{"line":70,"column":16},"end":{"line":70,"column":28}},"loc":{"start":{"line":70,"column":73},"end":{"line":78,"column":null}}}},"branchMap":{"0":{"loc":{"start":{"line":26,"column":2},"end":{"line":26,"column":null}},"type":"if","locations":[{"start":{"line":26,"column":2},"end":{"line":26,"column":null}},{"start":{},"end":{}}]},"1":{"loc":{"start":{"line":31,"column":21},"end":{"line":31,"column":null}},"type":"cond-expr","locations":[{"start":{"line":31,"column":59},"end":{"line":31,"column":70}},{"start":{"line":31,"column":70},"end":{"line":31,"column":null}}]},"2":{"loc":{"start":{"line":32,"column":17},"end":{"line":32,"column":null}},"type":"cond-expr","locations":[{"start":{"line":32,"column":38},"end":{"line":32,"column":92}},{"start":{"line":32,"column":92},"end":{"line":32,"column":null}}]},"3":{"loc":{"start":{"line":33,"column":21},"end":{"line":33,"column":null}},"type":"binary-expr","locations":[{"start":{"line":33,"column":21},"end":{"line":33,"column":39}},{"start":{"line":33,"column":39},"end":{"line":33,"column":null}}]},"4":{"loc":{"start":{"line":37,"column":19},"end":{"line":37,"column":null}},"type":"cond-expr","locations":[{"start":{"line":37,"column":45},"end":{"line":37,"column":67}},{"start":{"line":37,"column":67},"end":{"line":37,"column":null}}]},"5":{"loc":{"start":{"line":38,"column":4},"end":{"line":38,"column":null}},"type":"if","locations":[{"start":{"line":38,"column":4},"end":{"line":38,"column":null}},{"start":{},"end":{}}]},"6":{"loc":{"start":{"line":40,"column":4},"end":{"line":40,"column":null}},"type":"if","locations":[{"start":{"line":40,"column":4},"end":{"line":40,"column":null}},{"start":{},"end":{}}]},"7":{"loc":{"start":{"line":47,"column":2},"end":{"line":49,"column":null}},"type":"if","locations":[{"start":{"line":47,"column":2},"end":{"line":49,"column":null}},{"start":{},"end":{}}]},"8":{"loc":{"start":{"line":57,"column":17},"end":{"line":57,"column":null}},"type":"binary-expr","locations":[{"start":{"line":57,"column":17},"end":{"line":57,"column":31}},{"start":{"line":57,"column":31},"end":{"line":57,"column":null}}]},"9":{"loc":{"start":{"line":62,"column":4},"end":{"line":62,"column":null}},"type":"if","locations":[{"start":{"line":62,"column":4},"end":{"line":62,"column":null}},{"start":{},"end":{}}]},"10":{"loc":{"start":{"line":63,"column":4},"end":{"line":63,"column":null}},"type":"if","locations":[{"start":{"line":63,"column":4},"end":{"line":63,"column":null}},{"start":{},"end":{}}]},"11":{"loc":{"start":{"line":66,"column":71},"end":{"line":66,"column":108}},"type":"binary-expr","locations":[{"start":{"line":66,"column":71},"end":{"line":66,"column":105}},{"start":{"line":66,"column":105},"end":{"line":66,"column":108}}]},"12":{"loc":{"start":{"line":71,"column":2},"end":{"line":71,"column":null}},"type":"if","locations":[{"start":{"line":71,"column":2},"end":{"line":71,"column":null}},{"start":{},"end":{}}]},"13":{"loc":{"start":{"line":73,"column":62},"end":{"line":73,"column":null}},"type":"if","locations":[{"start":{"line":73,"column":62},"end":{"line":73,"column":null}},{"start":{},"end":{}}]},"14":{"loc":{"start":{"line":74,"column":89},"end":{"line":74,"column":null}},"type":"binary-expr","locations":[{"start":{"line":74,"column":89},"end":{"line":74,"column":104}},{"start":{"line":74,"column":104},"end":{"line":74,"column":null}}]},"15":{"loc":{"start":{"line":75,"column":32},"end":{"line":75,"column":74}},"type":"if","locations":[{"start":{"line":75,"column":32},"end":{"line":75,"column":74}},{"start":{},"end":{}}]},"16":{"loc":{"start":{"line":75,"column":106},"end":{"line":75,"column":null}},"type":"if","locations":[{"start":{"line":75,"column":106},"end":{"line":75,"column":null}},{"start":{},"end":{}}]},"17":{"loc":{"start":{"line":76,"column":83},"end":{"line":76,"column":133}},"type":"if","locations":[{"start":{"line":76,"column":83},"end":{"line":76,"column":133}},{"start":{},"end":{}}]}},"s":{"0":1,"1":2,"2":0,"3":2,"4":2,"5":2,"6":2,"7":2,"8":2,"9":2,"10":2,"11":2,"12":2,"13":0,"14":0,"15":0,"16":0,"17":0,"18":2,"19":2,"20":0,"21":2,"22":2,"23":2,"24":0,"25":0,"26":0,"27":0,"28":0,"29":0,"30":0,"31":0,"32":0,"33":0,"34":0,"35":0,"36":0,"37":0,"38":0,"39":0,"40":0,"41":0,"42":0,"43":0,"44":0,"45":0,"46":0,"47":0,"48":0,"49":0,"50":0,"51":0,"52":0,"53":0,"54":0,"55":0,"56":0,"57":0,"58":0,"59":0,"60":0,"61":0},"f":{"0":2,"1":2,"2":2,"3":0,"4":2,"5":0,"6":0},"b":{"0":[0,2],"1":[2,0],"2":[1,1],"3":[2,2],"4":[2,0],"5":[2,0],"6":[0,0],"7":[0,2],"8":[0,0],"9":[0,0],"10":[0,0],"11":[0,0],"12":[0,0],"13":[0,0],"14":[0,0],"15":[0,0],"16":[0,0],"17":[0,0]}}
,"F:/小说桌面端工具/do-zhou/src/main/engine/claude/claude-engine.ts": {"path":"F:/小说桌面端工具/do-zhou/src/main/engine/claude/claude-engine.ts","statementMap":{"0":{"start":{"line":37,"column":60},"end":{"line":37,"column":null}},"1":{"start":{"line":40,"column":40},"end":{"line":46,"column":null}},"2":{"start":{"line":48,"column":2},"end":{"line":54,"column":null}},"3":{"start":{"line":49,"column":4},"end":{"line":53,"column":null}},"4":{"start":{"line":49,"column":33},"end":{"line":53,"column":6}},"5":{"start":{"line":56,"column":2},"end":{"line":126,"column":null}},"6":{"start":{"line":57,"column":21},"end":{"line":66,"column":null}},"7":{"start":{"line":68,"column":4},"end":{"line":72,"column":null}},"8":{"start":{"line":69,"column":22},"end":{"line":69,"column":null}},"9":{"start":{"line":70,"column":6},"end":{"line":70,"column":null}},"10":{"start":{"line":71,"column":6},"end":{"line":71,"column":null}},"11":{"start":{"line":74,"column":4},"end":{"line":77,"column":null}},"12":{"start":{"line":75,"column":6},"end":{"line":75,"column":null}},"13":{"start":{"line":76,"column":6},"end":{"line":76,"column":null}},"14":{"start":{"line":80,"column":19},"end":{"line":80,"column":null}},"15":{"start":{"line":81,"column":20},"end":{"line":81,"column":null}},"16":{"start":{"line":82,"column":17},"end":{"line":82,"column":null}},"17":{"start":{"line":84,"column":4},"end":{"line":121,"column":null}},"18":{"start":{"line":85,"column":30},"end":{"line":85,"column":null}},"19":{"start":{"line":86,"column":6},"end":{"line":86,"column":null}},"20":{"start":{"line":86,"column":16},"end":{"line":86,"column":null}},"21":{"start":{"line":88,"column":6},"end":{"line":88,"column":null}},"22":{"start":{"line":89,"column":20},"end":{"line":89,"column":null}},"23":{"start":{"line":90,"column":6},"end":{"line":90,"column":null}},"24":{"start":{"line":92,"column":6},"end":{"line":120,"column":null}},"25":{"start":{"line":93,"column":8},"end":{"line":93,"column":null}},"26":{"start":{"line":93,"column":40},"end":{"line":93,"column":null}},"27":{"start":{"line":94,"column":21},"end":{"line":94,"column":null}},"28":{"start":{"line":95,"column":8},"end":{"line":95,"column":null}},"29":{"start":{"line":95,"column":33},"end":{"line":95,"column":57}},"30":{"start":{"line":95,"column":57},"end":{"line":95,"column":64}},"31":{"start":{"line":97,"column":8},"end":{"line":119,"column":null}},"32":{"start":{"line":98,"column":24},"end":{"line":98,"column":null}},"33":{"start":{"line":101,"column":10},"end":{"line":116,"column":null}},"34":{"start":{"line":102,"column":12},"end":{"line":102,"column":null}},"35":{"start":{"line":103,"column":10},"end":{"line":116,"column":null}},"36":{"start":{"line":106,"column":12},"end":{"line":110,"column":null}},"37":{"start":{"line":111,"column":10},"end":{"line":116,"column":null}},"38":{"start":{"line":114,"column":12},"end":{"line":114,"column":null}},"39":{"start":{"line":115,"column":12},"end":{"line":115,"column":null}},"40":{"start":{"line":123,"column":4},"end":{"line":123,"column":null}},"41":{"start":{"line":125,"column":4},"end":{"line":125,"column":null}},"42":{"start":{"line":139,"column":19},"end":{"line":152,"column":null}},"43":{"start":{"line":154,"column":2},"end":{"line":156,"column":null}},"44":{"start":{"line":155,"column":4},"end":{"line":155,"column":null}},"45":{"start":{"line":158,"column":15},"end":{"line":158,"column":null}},"46":{"start":{"line":159,"column":19},"end":{"line":159,"column":null}},"47":{"start":{"line":160,"column":2},"end":{"line":160,"column":null}}},"fnMap":{"0":{"name":"runClaudeEngine","decl":{"start":{"line":36,"column":23},"end":{"line":36,"column":39}},"loc":{"start":{"line":36,"column":96},"end":{"line":127,"column":null}}},"1":{"name":"(anonymous_1)","decl":{"start":{"line":49,"column":27},"end":{"line":49,"column":33}},"loc":{"start":{"line":49,"column":33},"end":{"line":53,"column":6}}},"2":{"name":"callClaudeOnce","decl":{"start":{"line":132,"column":22},"end":{"line":132,"column":null}},"loc":{"start":{"line":138,"column":19},"end":{"line":161,"column":null}}}},"branchMap":{"0":{"loc":{"start":{"line":48,"column":2},"end":{"line":54,"column":null}},"type":"if","locations":[{"start":{"line":48,"column":2},"end":{"line":54,"column":null}},{"start":{},"end":{}}]},"1":{"loc":{"start":{"line":48,"column":6},"end":{"line":48,"column":33}},"type":"binary-expr","locations":[{"start":{"line":48,"column":6},"end":{"line":48,"column":15}},{"start":{"line":48,"column":15},"end":{"line":48,"column":33}}]},"2":{"loc":{"start":{"line":68,"column":4},"end":{"line":72,"column":null}},"type":"if","locations":[{"start":{"line":68,"column":4},"end":{"line":72,"column":null}},{"start":{},"end":{}}]},"3":{"loc":{"start":{"line":74,"column":4},"end":{"line":77,"column":null}},"type":"if","locations":[{"start":{"line":74,"column":4},"end":{"line":77,"column":null}},{"start":{},"end":{}}]},"4":{"loc":{"start":{"line":86,"column":6},"end":{"line":86,"column":null}},"type":"if","locations":[{"start":{"line":86,"column":6},"end":{"line":86,"column":null}},{"start":{},"end":{}}]},"5":{"loc":{"start":{"line":90,"column":15},"end":{"line":90,"column":null}},"type":"binary-expr","locations":[{"start":{"line":90,"column":15},"end":{"line":90,"column":30}},{"start":{"line":90,"column":30},"end":{"line":90,"column":null}}]},"6":{"loc":{"start":{"line":93,"column":8},"end":{"line":93,"column":null}},"type":"if","locations":[{"start":{"line":93,"column":8},"end":{"line":93,"column":null}},{"start":{},"end":{}}]},"7":{"loc":{"start":{"line":95,"column":8},"end":{"line":95,"column":null}},"type":"if","locations":[{"start":{"line":95,"column":8},"end":{"line":95,"column":null}},{"start":{},"end":{}}]},"8":{"loc":{"start":{"line":101,"column":10},"end":{"line":116,"column":null}},"type":"if","locations":[{"start":{"line":101,"column":10},"end":{"line":116,"column":null}},{"start":{"line":103,"column":10},"end":{"line":116,"column":null}}]},"9":{"loc":{"start":{"line":101,"column":14},"end":{"line":101,"column":73}},"type":"binary-expr","locations":[{"start":{"line":101,"column":14},"end":{"line":101,"column":54}},{"start":{"line":101,"column":54},"end":{"line":101,"column":73}}]},"10":{"loc":{"start":{"line":103,"column":10},"end":{"line":116,"column":null}},"type":"if","locations":[{"start":{"line":103,"column":10},"end":{"line":116,"column":null}},{"start":{"line":111,"column":10},"end":{"line":116,"column":null}}]},"11":{"loc":{"start":{"line":105,"column":19},"end":{"line":105,"column":101}},"type":"binary-expr","locations":[{"start":{"line":105,"column":19},"end":{"line":105,"column":59}},{"start":{"line":105,"column":59},"end":{"line":105,"column":101}}]},"12":{"loc":{"start":{"line":111,"column":10},"end":{"line":116,"column":null}},"type":"if","locations":[{"start":{"line":111,"column":10},"end":{"line":116,"column":null}},{"start":{},"end":{}}]},"13":{"loc":{"start":{"line":137,"column":2},"end":{"line":137,"column":null}},"type":"default-arg","locations":[{"start":{"line":137,"column":22},"end":{"line":137,"column":null}}]},"14":{"loc":{"start":{"line":154,"column":2},"end":{"line":156,"column":null}},"type":"if","locations":[{"start":{"line":154,"column":2},"end":{"line":156,"column":null}},{"start":{},"end":{}}]},"15":{"loc":{"start":{"line":160,"column":9},"end":{"line":160,"column":null}},"type":"binary-expr","locations":[{"start":{"line":160,"column":9},"end":{"line":160,"column":31}},{"start":{"line":160,"column":31},"end":{"line":160,"column":null}}]}},"s":{"0":0,"1":0,"2":0,"3":0,"4":0,"5":0,"6":0,"7":0,"8":0,"9":0,"10":0,"11":0,"12":0,"13":0,"14":0,"15":0,"16":0,"17":0,"18":0,"19":0,"20":0,"21":0,"22":0,"23":0,"24":0,"25":0,"26":0,"27":0,"28":0,"29":0,"30":0,"31":0,"32":0,"33":0,"34":0,"35":0,"36":0,"37":0,"38":0,"39":0,"40":0,"41":0,"42":0,"43":0,"44":0,"45":0,"46":0,"47":0},"f":{"0":0,"1":0,"2":0},"b":{"0":[0,0],"1":[0,0],"2":[0,0],"3":[0,0],"4":[0,0],"5":[0,0],"6":[0,0],"7":[0,0],"8":[0,0],"9":[0,0],"10":[0,0],"11":[0,0],"12":[0,0],"13":[0],"14":[0,0],"15":[0,0]}}
,"F:/小说桌面端工具/do-zhou/src/main/engine/claude/session-bridge.ts": {"path":"F:/小说桌面端工具/do-zhou/src/main/engine/claude/session-bridge.ts","statementMap":{"0":{"start":{"line":20,"column":20},"end":{"line":20,"column":null}},"1":{"start":{"line":21,"column":2},"end":{"line":21,"column":null}},"2":{"start":{"line":21,"column":33},"end":{"line":21,"column":null}},"3":{"start":{"line":23,"column":2},"end":{"line":34,"column":null}},"4":{"start":{"line":24,"column":20},"end":{"line":24,"column":null}},"5":{"start":{"line":25,"column":4},"end":{"line":31,"column":null}},"6":{"start":{"line":26,"column":22},"end":{"line":26,"column":33}},"7":{"start":{"line":28,"column":8},"end":{"line":29,"column":null}},"8":{"start":{"line":28,"column":14},"end":{"line":28,"column":55}},"9":{"start":{"line":29,"column":16},"end":{"line":29,"column":28}},"10":{"start":{"line":33,"column":4},"end":{"line":33,"column":null}},"11":{"start":{"line":41,"column":2},"end":{"line":41,"column":null}},"12":{"start":{"line":41,"column":34},"end":{"line":41,"column":null}},"13":{"start":{"line":43,"column":20},"end":{"line":43,"column":null}},"14":{"start":{"line":44,"column":18},"end":{"line":44,"column":null}},"15":{"start":{"line":44,"column":36},"end":{"line":44,"column":53}},"16":{"start":{"line":45,"column":2},"end":{"line":45,"column":null}},"17":{"start":{"line":52,"column":20},"end":{"line":52,"column":null}},"18":{"start":{"line":53,"column":2},"end":{"line":53,"column":null}},"19":{"start":{"line":53,"column":34},"end":{"line":53,"column":null}},"20":{"start":{"line":54,"column":2},"end":{"line":54,"column":null}},"21":{"start":{"line":61,"column":2},"end":{"line":65,"column":null}},"22":{"start":{"line":72,"column":2},"end":{"line":72,"column":null}},"23":{"start":{"line":72,"column":28},"end":{"line":72,"column":65}},"24":{"start":{"line":79,"column":2},"end":{"line":81,"column":null}},"25":{"start":{"line":80,"column":4},"end":{"line":80,"column":null}},"26":{"start":{"line":82,"column":2},"end":{"line":84,"column":null}},"27":{"start":{"line":83,"column":4},"end":{"line":83,"column":null}},"28":{"start":{"line":85,"column":2},"end":{"line":85,"column":null}}},"fnMap":{"0":{"name":"loadConversation","decl":{"start":{"line":19,"column":16},"end":{"line":19,"column":33}},"loc":{"start":{"line":19,"column":70},"end":{"line":35,"column":null}}},"1":{"name":"(anonymous_1)","decl":{"start":{"line":26,"column":14},"end":{"line":26,"column":22}},"loc":{"start":{"line":26,"column":22},"end":{"line":26,"column":33}}},"2":{"name":"(anonymous_2)","decl":{"start":{"line":27,"column":11},"end":{"line":27,"column":19}},"loc":{"start":{"line":27,"column":19},"end":{"line":30,"column":7}}},"3":{"name":"saveConversation","decl":{"start":{"line":40,"column":16},"end":{"line":40,"column":33}},"loc":{"start":{"line":40,"column":86},"end":{"line":46,"column":null}}},"4":{"name":"(anonymous_4)","decl":{"start":{"line":44,"column":31},"end":{"line":44,"column":36}},"loc":{"start":{"line":44,"column":36},"end":{"line":44,"column":53}}},"5":{"name":"appendMessage","decl":{"start":{"line":51,"column":16},"end":{"line":51,"column":30}},"loc":{"start":{"line":51,"column":80},"end":{"line":55,"column":null}}},"6":{"name":"fromClaudeMessage","decl":{"start":{"line":60,"column":16},"end":{"line":60,"column":34}},"loc":{"start":{"line":60,"column":89},"end":{"line":66,"column":null}}},"7":{"name":"toUniversalFormat","decl":{"start":{"line":71,"column":16},"end":{"line":71,"column":34}},"loc":{"start":{"line":71,"column":103},"end":{"line":73,"column":null}}},"8":{"name":"(anonymous_8)","decl":{"start":{"line":72,"column":22},"end":{"line":72,"column":28}},"loc":{"start":{"line":72,"column":28},"end":{"line":72,"column":65}}},"9":{"name":"getCapabilityNotice","decl":{"start":{"line":78,"column":16},"end":{"line":78,"column":36}},"loc":{"start":{"line":78,"column":89},"end":{"line":86,"column":null}}}},"branchMap":{"0":{"loc":{"start":{"line":21,"column":2},"end":{"line":21,"column":null}},"type":"if","locations":[{"start":{"line":21,"column":2},"end":{"line":21,"column":null}},{"start":{},"end":{}}]},"1":{"loc":{"start":{"line":41,"column":2},"end":{"line":41,"column":null}},"type":"if","locations":[{"start":{"line":41,"column":2},"end":{"line":41,"column":null}},{"start":{},"end":{}}]},"2":{"loc":{"start":{"line":53,"column":2},"end":{"line":53,"column":null}},"type":"if","locations":[{"start":{"line":53,"column":2},"end":{"line":53,"column":null}},{"start":{},"end":{}}]},"3":{"loc":{"start":{"line":62,"column":11},"end":{"line":62,"column":null}},"type":"cond-expr","locations":[{"start":{"line":62,"column":38},"end":{"line":62,"column":52}},{"start":{"line":62,"column":52},"end":{"line":62,"column":null}}]},"4":{"loc":{"start":{"line":62,"column":52},"end":{"line":62,"column":null}},"type":"cond-expr","locations":[{"start":{"line":62,"column":74},"end":{"line":62,"column":83}},{"start":{"line":62,"column":83},"end":{"line":62,"column":null}}]},"5":{"loc":{"start":{"line":63,"column":13},"end":{"line":63,"column":null}},"type":"cond-expr","locations":[{"start":{"line":63,"column":47},"end":{"line":63,"column":61}},{"start":{"line":63,"column":61},"end":{"line":63,"column":null}}]},"6":{"loc":{"start":{"line":79,"column":2},"end":{"line":81,"column":null}},"type":"if","locations":[{"start":{"line":79,"column":2},"end":{"line":81,"column":null}},{"start":{},"end":{}}]},"7":{"loc":{"start":{"line":79,"column":6},"end":{"line":79,"column":59}},"type":"binary-expr","locations":[{"start":{"line":79,"column":6},"end":{"line":79,"column":33}},{"start":{"line":79,"column":33},"end":{"line":79,"column":59}}]},"8":{"loc":{"start":{"line":82,"column":2},"end":{"line":84,"column":null}},"type":"if","locations":[{"start":{"line":82,"column":2},"end":{"line":84,"column":null}},{"start":{},"end":{}}]},"9":{"loc":{"start":{"line":82,"column":6},"end":{"line":82,"column":59}},"type":"binary-expr","locations":[{"start":{"line":82,"column":6},"end":{"line":82,"column":36}},{"start":{"line":82,"column":36},"end":{"line":82,"column":59}}]}},"s":{"0":0,"1":0,"2":0,"3":0,"4":0,"5":0,"6":0,"7":0,"8":0,"9":0,"10":0,"11":0,"12":0,"13":0,"14":0,"15":0,"16":0,"17":0,"18":0,"19":0,"20":0,"21":0,"22":0,"23":0,"24":0,"25":0,"26":0,"27":0,"28":0},"f":{"0":0,"1":0,"2":0,"3":0,"4":0,"5":0,"6":0,"7":0,"8":0,"9":0},"b":{"0":[0,0],"1":[0,0],"2":[0,0],"3":[0,0],"4":[0,0],"5":[0,0],"6":[0,0],"7":[0,0],"8":[0,0],"9":[0,0]}}
,"F:/小说桌面端工具/do-zhou/src/main/engine/universal/agent-loop.ts": {"path":"F:/小说桌面端工具/do-zhou/src/main/engine/universal/agent-loop.ts","statementMap":{"0":{"start":{"line":15,"column":17},"end":{"line":15,"column":null}},"1":{"start":{"line":18,"column":84},"end":{"line":18,"column":null}},"2":{"start":{"line":19,"column":17},"end":{"line":19,"column":null}},"3":{"start":{"line":20,"column":19},"end":{"line":20,"column":null}},"4":{"start":{"line":22,"column":34},"end":{"line":22,"column":null}},"5":{"start":{"line":25,"column":2},"end":{"line":34,"column":null}},"6":{"start":{"line":26,"column":4},"end":{"line":28,"column":null}},"7":{"start":{"line":27,"column":6},"end":{"line":27,"column":null}},"8":{"start":{"line":29,"column":4},"end":{"line":33,"column":null}},"9":{"start":{"line":30,"column":6},"end":{"line":32,"column":null}},"10":{"start":{"line":31,"column":8},"end":{"line":31,"column":null}},"11":{"start":{"line":31,"column":20},"end":{"line":31,"column":null}},"12":{"start":{"line":37,"column":2},"end":{"line":39,"column":null}},"13":{"start":{"line":37,"column":46},"end":{"line":37,"column":65}},"14":{"start":{"line":38,"column":4},"end":{"line":38,"column":null}},"15":{"start":{"line":41,"column":2},"end":{"line":79,"column":null}},"16":{"start":{"line":41,"column":15},"end":{"line":41,"column":18}},"17":{"start":{"line":42,"column":4},"end":{"line":42,"column":null}},"18":{"start":{"line":42,"column":25},"end":{"line":42,"column":null}},"19":{"start":{"line":45,"column":21},"end":{"line":49,"column":null}},"20":{"start":{"line":52,"column":4},"end":{"line":54,"column":null}},"21":{"start":{"line":53,"column":6},"end":{"line":53,"column":null}},"22":{"start":{"line":56,"column":34},"end":{"line":61,"column":null}},"23":{"start":{"line":62,"column":4},"end":{"line":62,"column":null}},"24":{"start":{"line":65,"column":4},"end":{"line":65,"column":null}},"25":{"start":{"line":65,"column":64},"end":{"line":65,"column":null}},"26":{"start":{"line":68,"column":4},"end":{"line":78,"column":null}},"27":{"start":{"line":69,"column":6},"end":{"line":69,"column":null}},"28":{"start":{"line":69,"column":27},"end":{"line":69,"column":null}},"29":{"start":{"line":70,"column":21},"end":{"line":70,"column":null}},"30":{"start":{"line":71,"column":6},"end":{"line":77,"column":null}},"31":{"start":{"line":81,"column":2},"end":{"line":81,"column":null}}},"fnMap":{"0":{"name":"agentLoop","decl":{"start":{"line":17,"column":22},"end":{"line":17,"column":32}},"loc":{"start":{"line":17,"column":74},"end":{"line":82,"column":null}}},"1":{"name":"(anonymous_1)","decl":{"start":{"line":37,"column":41},"end":{"line":37,"column":46}},"loc":{"start":{"line":37,"column":46},"end":{"line":37,"column":65}}}},"branchMap":{"0":{"loc":{"start":{"line":26,"column":4},"end":{"line":28,"column":null}},"type":"if","locations":[{"start":{"line":26,"column":4},"end":{"line":28,"column":null}},{"start":{},"end":{}}]},"1":{"loc":{"start":{"line":26,"column":8},"end":{"line":26,"column":50}},"type":"binary-expr","locations":[{"start":{"line":26,"column":8},"end":{"line":26,"column":31}},{"start":{"line":26,"column":31},"end":{"line":26,"column":50}}]},"2":{"loc":{"start":{"line":29,"column":4},"end":{"line":33,"column":null}},"type":"if","locations":[{"start":{"line":29,"column":4},"end":{"line":33,"column":null}},{"start":{},"end":{}}]},"3":{"loc":{"start":{"line":29,"column":8},"end":{"line":29,"column":52}},"type":"binary-expr","locations":[{"start":{"line":29,"column":8},"end":{"line":29,"column":36}},{"start":{"line":29,"column":36},"end":{"line":29,"column":52}}]},"4":{"loc":{"start":{"line":31,"column":8},"end":{"line":31,"column":null}},"type":"if","locations":[{"start":{"line":31,"column":8},"end":{"line":31,"column":null}},{"start":{},"end":{}}]},"5":{"loc":{"start":{"line":37,"column":2},"end":{"line":39,"column":null}},"type":"if","locations":[{"start":{"line":37,"column":2},"end":{"line":39,"column":null}},{"start":{},"end":{}}]},"6":{"loc":{"start":{"line":37,"column":6},"end":{"line":37,"column":68}},"type":"binary-expr","locations":[{"start":{"line":37,"column":6},"end":{"line":37,"column":22}},{"start":{"line":37,"column":22},"end":{"line":37,"column":68}}]},"7":{"loc":{"start":{"line":42,"column":4},"end":{"line":42,"column":null}},"type":"if","locations":[{"start":{"line":42,"column":4},"end":{"line":42,"column":null}},{"start":{},"end":{}}]},"8":{"loc":{"start":{"line":52,"column":4},"end":{"line":54,"column":null}},"type":"if","locations":[{"start":{"line":52,"column":4},"end":{"line":54,"column":null}},{"start":{},"end":{}}]},"9":{"loc":{"start":{"line":52,"column":8},"end":{"line":52,"column":35}},"type":"binary-expr","locations":[{"start":{"line":52,"column":8},"end":{"line":52,"column":19}},{"start":{"line":52,"column":19},"end":{"line":52,"column":35}}]},"10":{"loc":{"start":{"line":58,"column":15},"end":{"line":58,"column":null}},"type":"binary-expr","locations":[{"start":{"line":58,"column":15},"end":{"line":58,"column":35}},{"start":{"line":58,"column":35},"end":{"line":58,"column":null}}]},"11":{"loc":{"start":{"line":65,"column":4},"end":{"line":65,"column":null}},"type":"if","locations":[{"start":{"line":65,"column":4},"end":{"line":65,"column":null}},{"start":{},"end":{}}]},"12":{"loc":{"start":{"line":65,"column":8},"end":{"line":65,"column":64}},"type":"binary-expr","locations":[{"start":{"line":65,"column":8},"end":{"line":65,"column":31}},{"start":{"line":65,"column":31},"end":{"line":65,"column":64}}]},"13":{"loc":{"start":{"line":69,"column":6},"end":{"line":69,"column":null}},"type":"if","locations":[{"start":{"line":69,"column":6},"end":{"line":69,"column":null}},{"start":{},"end":{}}]},"14":{"loc":{"start":{"line":73,"column":17},"end":{"line":73,"column":null}},"type":"cond-expr","locations":[{"start":{"line":73,"column":32},"end":{"line":73,"column":75}},{"start":{"line":73,"column":75},"end":{"line":73,"column":null}}]}},"s":{"0":0,"1":0,"2":0,"3":0,"4":0,"5":0,"6":0,"7":0,"8":0,"9":0,"10":0,"11":0,"12":0,"13":0,"14":0,"15":0,"16":0,"17":0,"18":0,"19":0,"20":0,"21":0,"22":0,"23":0,"24":0,"25":0,"26":0,"27":0,"28":0,"29":0,"30":0,"31":0},"f":{"0":0,"1":0},"b":{"0":[0,0],"1":[0,0],"2":[0,0],"3":[0,0],"4":[0,0],"5":[0,0],"6":[0,0],"7":[0,0],"8":[0,0],"9":[0,0],"10":[0,0],"11":[0,0],"12":[0,0],"13":[0,0],"14":[0,0]}}
,"F:/小说桌面端工具/do-zhou/src/main/engine/universal/model-router.ts": {"path":"F:/小说桌面端工具/do-zhou/src/main/engine/universal/model-router.ts","statementMap":{"0":{"start":{"line":15,"column":20},"end":{"line":15,"column":null}},"1":{"start":{"line":16,"column":21},"end":{"line":16,"column":null}},"2":{"start":{"line":22,"column":4},"end":{"line":22,"column":null}},"3":{"start":{"line":26,"column":34},"end":{"line":26,"column":null}},"4":{"start":{"line":28,"column":4},"end":{"line":40,"column":null}},"5":{"start":{"line":28,"column":23},"end":{"line":28,"column":26}},"6":{"start":{"line":29,"column":6},"end":{"line":39,"column":null}},"7":{"start":{"line":30,"column":8},"end":{"line":32,"column":null}},"8":{"start":{"line":31,"column":10},"end":{"line":31,"column":null}},"9":{"start":{"line":33,"column":8},"end":{"line":33,"column":null}},"10":{"start":{"line":35,"column":8},"end":{"line":35,"column":null}},"11":{"start":{"line":36,"column":8},"end":{"line":38,"column":null}},"12":{"start":{"line":37,"column":10},"end":{"line":37,"column":null}},"13":{"start":{"line":37,"column":33},"end":{"line":37,"column":77}},"14":{"start":{"line":41,"column":4},"end":{"line":41,"column":null}},"15":{"start":{"line":45,"column":17},"end":{"line":51,"column":null}},"16":{"start":{"line":46,"column":43},"end":{"line":46,"column":null}},"17":{"start":{"line":47,"column":6},"end":{"line":47,"column":null}},"18":{"start":{"line":47,"column":24},"end":{"line":47,"column":null}},"19":{"start":{"line":48,"column":6},"end":{"line":48,"column":null}},"20":{"start":{"line":48,"column":18},"end":{"line":48,"column":null}},"21":{"start":{"line":49,"column":6},"end":{"line":49,"column":null}},"22":{"start":{"line":49,"column":26},"end":{"line":49,"column":null}},"23":{"start":{"line":50,"column":6},"end":{"line":50,"column":null}},"24":{"start":{"line":53,"column":42},"end":{"line":58,"column":null}},"25":{"start":{"line":59,"column":4},"end":{"line":62,"column":null}},"26":{"start":{"line":60,"column":6},"end":{"line":60,"column":null}},"27":{"start":{"line":61,"column":6},"end":{"line":61,"column":null}},"28":{"start":{"line":63,"column":4},"end":{"line":63,"column":null}},"29":{"start":{"line":67,"column":4},"end":{"line":70,"column":null}},"30":{"start":{"line":74,"column":17},"end":{"line":78,"column":null}},"31":{"start":{"line":79,"column":4},"end":{"line":79,"column":null}},"32":{"start":{"line":79,"column":18},"end":{"line":79,"column":null}},"33":{"start":{"line":79,"column":88},"end":{"line":79,"column":103}},"34":{"start":{"line":80,"column":17},"end":{"line":80,"column":null}},"35":{"start":{"line":81,"column":4},"end":{"line":81,"column":null}},"36":{"start":{"line":85,"column":17},"end":{"line":85,"column":null}},"37":{"start":{"line":86,"column":17},"end":{"line":90,"column":null}},"38":{"start":{"line":91,"column":4},"end":{"line":91,"column":null}},"39":{"start":{"line":91,"column":18},"end":{"line":91,"column":null}},"40":{"start":{"line":92,"column":4},"end":{"line":92,"column":null}},"41":{"start":{"line":92,"column":20},"end":{"line":92,"column":null}},"42":{"start":{"line":94,"column":19},"end":{"line":94,"column":null}},"43":{"start":{"line":95,"column":20},"end":{"line":95,"column":null}},"44":{"start":{"line":96,"column":18},"end":{"line":96,"column":null}},"45":{"start":{"line":97,"column":45},"end":{"line":97,"column":null}},"46":{"start":{"line":98,"column":16},"end":{"line":98,"column":null}},"47":{"start":{"line":100,"column":4},"end":{"line":136,"column":null}},"48":{"start":{"line":101,"column":30},"end":{"line":101,"column":null}},"49":{"start":{"line":102,"column":6},"end":{"line":102,"column":null}},"50":{"start":{"line":102,"column":16},"end":{"line":102,"column":null}},"51":{"start":{"line":103,"column":20},"end":{"line":103,"column":null}},"52":{"start":{"line":104,"column":6},"end":{"line":135,"column":null}},"53":{"start":{"line":105,"column":8},"end":{"line":105,"column":null}},"54":{"start":{"line":105,"column":40},"end":{"line":105,"column":null}},"55":{"start":{"line":106,"column":21},"end":{"line":106,"column":null}},"56":{"start":{"line":107,"column":8},"end":{"line":107,"column":null}},"57":{"start":{"line":107,"column":31},"end":{"line":107,"column":null}},"58":{"start":{"line":108,"column":8},"end":{"line":134,"column":null}},"59":{"start":{"line":109,"column":25},"end":{"line":109,"column":null}},"60":{"start":{"line":110,"column":25},"end":{"line":110,"column":null}},"61":{"start":{"line":111,"column":10},"end":{"line":111,"column":null}},"62":{"start":{"line":111,"column":23},"end":{"line":111,"column":null}},"63":{"start":{"line":113,"column":24},"end":{"line":113,"column":null}},"64":{"start":{"line":114,"column":10},"end":{"line":117,"column":null}},"65":{"start":{"line":115,"column":12},"end":{"line":115,"column":null}},"66":{"start":{"line":116,"column":12},"end":{"line":116,"column":null}},"67":{"start":{"line":118,"column":10},"end":{"line":132,"column":null}},"68":{"start":{"line":119,"column":12},"end":{"line":131,"column":null}},"69":{"start":{"line":120,"column":26},"end":{"line":120,"column":null}},"70":{"start":{"line":121,"column":14},"end":{"line":127,"column":null}},"71":{"start":{"line":122,"column":16},"end":{"line":126,"column":null}},"72":{"start":{"line":128,"column":31},"end":{"line":128,"column":null}},"73":{"start":{"line":129,"column":14},"end":{"line":129,"column":null}},"74":{"start":{"line":129,"column":42},"end":{"line":129,"column":null}},"75":{"start":{"line":130,"column":14},"end":{"line":130,"column":null}},"76":{"start":{"line":130,"column":25},"end":{"line":130,"column":null}},"77":{"start":{"line":133,"column":10},"end":{"line":133,"column":null}},"78":{"start":{"line":133,"column":28},"end":{"line":133,"column":null}},"79":{"start":{"line":138,"column":4},"end":{"line":142,"column":null}},"80":{"start":{"line":146,"column":20},"end":{"line":146,"column":null}},"81":{"start":{"line":147,"column":4},"end":{"line":147,"column":null}},"82":{"start":{"line":147,"column":17},"end":{"line":147,"column":null}},"83":{"start":{"line":148,"column":16},"end":{"line":148,"column":null}},"84":{"start":{"line":149,"column":4},"end":{"line":153,"column":null}}},"fnMap":{"0":{"name":"(anonymous_0)","decl":{"start":{"line":21,"column":2},"end":{"line":21,"column":14}},"loc":{"start":{"line":21,"column":36},"end":{"line":23,"column":null}}},"1":{"name":"(anonymous_1)","decl":{"start":{"line":25,"column":2},"end":{"line":25,"column":8}},"loc":{"start":{"line":25,"column":54},"end":{"line":42,"column":null}}},"2":{"name":"(anonymous_2)","decl":{"start":{"line":37,"column":28},"end":{"line":37,"column":33}},"loc":{"start":{"line":37,"column":33},"end":{"line":37,"column":77}}},"3":{"name":"(anonymous_3)","decl":{"start":{"line":44,"column":10},"end":{"line":44,"column":20}},"loc":{"start":{"line":44,"column":63},"end":{"line":64,"column":null}}},"4":{"name":"(anonymous_4)","decl":{"start":{"line":45,"column":34},"end":{"line":45,"column":39}},"loc":{"start":{"line":45,"column":39},"end":{"line":51,"column":5}}},"5":{"name":"(anonymous_5)","decl":{"start":{"line":66,"column":10},"end":{"line":66,"column":47}},"loc":{"start":{"line":66,"column":47},"end":{"line":71,"column":null}}},"6":{"name":"(anonymous_6)","decl":{"start":{"line":73,"column":2},"end":{"line":73,"column":16}},"loc":{"start":{"line":73,"column":66},"end":{"line":82,"column":null}}},"7":{"name":"(anonymous_7)","decl":{"start":{"line":79,"column":82},"end":{"line":79,"column":88}},"loc":{"start":{"line":79,"column":88},"end":{"line":79,"column":103}}},"8":{"name":"(anonymous_8)","decl":{"start":{"line":84,"column":2},"end":{"line":84,"column":16}},"loc":{"start":{"line":84,"column":68},"end":{"line":143,"column":null}}},"9":{"name":"(anonymous_9)","decl":{"start":{"line":145,"column":10},"end":{"line":145,"column":24}},"loc":{"start":{"line":145,"column":69},"end":{"line":154,"column":null}}}},"branchMap":{"0":{"loc":{"start":{"line":30,"column":8},"end":{"line":32,"column":null}},"type":"if","locations":[{"start":{"line":30,"column":8},"end":{"line":32,"column":null}},{"start":{},"end":{}}]},"1":{"loc":{"start":{"line":35,"column":20},"end":{"line":35,"column":null}},"type":"cond-expr","locations":[{"start":{"line":35,"column":41},"end":{"line":35,"column":45}},{"start":{"line":35,"column":45},"end":{"line":35,"column":null}}]},"2":{"loc":{"start":{"line":36,"column":8},"end":{"line":38,"column":null}},"type":"if","locations":[{"start":{"line":36,"column":8},"end":{"line":38,"column":null}},{"start":{},"end":{}}]},"3":{"loc":{"start":{"line":37,"column":47},"end":{"line":37,"column":76}},"type":"binary-expr","locations":[{"start":{"line":37,"column":47},"end":{"line":37,"column":72}},{"start":{"line":37,"column":72},"end":{"line":37,"column":76}}]},"4":{"loc":{"start":{"line":41,"column":10},"end":{"line":41,"column":null}},"type":"binary-expr","locations":[{"start":{"line":41,"column":10},"end":{"line":41,"column":23}},{"start":{"line":41,"column":23},"end":{"line":41,"column":null}}]},"5":{"loc":{"start":{"line":47,"column":6},"end":{"line":47,"column":null}},"type":"if","locations":[{"start":{"line":47,"column":6},"end":{"line":47,"column":null}},{"start":{},"end":{}}]},"6":{"loc":{"start":{"line":48,"column":6},"end":{"line":48,"column":null}},"type":"if","locations":[{"start":{"line":48,"column":6},"end":{"line":48,"column":null}},{"start":{},"end":{}}]},"7":{"loc":{"start":{"line":49,"column":6},"end":{"line":49,"column":null}},"type":"if","locations":[{"start":{"line":49,"column":6},"end":{"line":49,"column":null}},{"start":{},"end":{}}]},"8":{"loc":{"start":{"line":56,"column":18},"end":{"line":56,"column":null}},"type":"binary-expr","locations":[{"start":{"line":56,"column":18},"end":{"line":56,"column":43}},{"start":{"line":56,"column":43},"end":{"line":56,"column":null}}]},"9":{"loc":{"start":{"line":57,"column":19},"end":{"line":57,"column":null}},"type":"binary-expr","locations":[{"start":{"line":57,"column":19},"end":{"line":57,"column":46}},{"start":{"line":57,"column":46},"end":{"line":57,"column":null}}]},"10":{"loc":{"start":{"line":59,"column":4},"end":{"line":62,"column":null}},"type":"if","locations":[{"start":{"line":59,"column":4},"end":{"line":62,"column":null}},{"start":{},"end":{}}]},"11":{"loc":{"start":{"line":59,"column":8},"end":{"line":59,"column":43}},"type":"binary-expr","locations":[{"start":{"line":59,"column":8},"end":{"line":59,"column":21}},{"start":{"line":59,"column":21},"end":{"line":59,"column":43}}]},"12":{"loc":{"start":{"line":79,"column":4},"end":{"line":79,"column":null}},"type":"if","locations":[{"start":{"line":79,"column":4},"end":{"line":79,"column":null}},{"start":{},"end":{}}]},"13":{"loc":{"start":{"line":91,"column":4},"end":{"line":91,"column":null}},"type":"if","locations":[{"start":{"line":91,"column":4},"end":{"line":91,"column":null}},{"start":{},"end":{}}]},"14":{"loc":{"start":{"line":92,"column":4},"end":{"line":92,"column":null}},"type":"if","locations":[{"start":{"line":92,"column":4},"end":{"line":92,"column":null}},{"start":{},"end":{}}]},"15":{"loc":{"start":{"line":102,"column":6},"end":{"line":102,"column":null}},"type":"if","locations":[{"start":{"line":102,"column":6},"end":{"line":102,"column":null}},{"start":{},"end":{}}]},"16":{"loc":{"start":{"line":105,"column":8},"end":{"line":105,"column":null}},"type":"if","locations":[{"start":{"line":105,"column":8},"end":{"line":105,"column":null}},{"start":{},"end":{}}]},"17":{"loc":{"start":{"line":107,"column":8},"end":{"line":107,"column":null}},"type":"if","locations":[{"start":{"line":107,"column":8},"end":{"line":107,"column":null}},{"start":{},"end":{}}]},"18":{"loc":{"start":{"line":111,"column":10},"end":{"line":111,"column":null}},"type":"if","locations":[{"start":{"line":111,"column":10},"end":{"line":111,"column":null}},{"start":{},"end":{}}]},"19":{"loc":{"start":{"line":114,"column":10},"end":{"line":117,"column":null}},"type":"if","locations":[{"start":{"line":114,"column":10},"end":{"line":117,"column":null}},{"start":{},"end":{}}]},"20":{"loc":{"start":{"line":118,"column":10},"end":{"line":132,"column":null}},"type":"if","locations":[{"start":{"line":118,"column":10},"end":{"line":132,"column":null}},{"start":{},"end":{}}]},"21":{"loc":{"start":{"line":120,"column":26},"end":{"line":120,"column":null}},"type":"binary-expr","locations":[{"start":{"line":120,"column":26},"end":{"line":120,"column":38}},{"start":{"line":120,"column":38},"end":{"line":120,"column":null}}]},"22":{"loc":{"start":{"line":121,"column":14},"end":{"line":127,"column":null}},"type":"if","locations":[{"start":{"line":121,"column":14},"end":{"line":127,"column":null}},{"start":{},"end":{}}]},"23":{"loc":{"start":{"line":123,"column":22},"end":{"line":123,"column":null}},"type":"binary-expr","locations":[{"start":{"line":123,"column":22},"end":{"line":123,"column":31}},{"start":{"line":123,"column":31},"end":{"line":123,"column":null}}]},"24":{"loc":{"start":{"line":125,"column":36},"end":{"line":125,"column":61}},"type":"binary-expr","locations":[{"start":{"line":125,"column":36},"end":{"line":125,"column":57}},{"start":{"line":125,"column":57},"end":{"line":125,"column":61}}]},"25":{"loc":{"start":{"line":129,"column":14},"end":{"line":129,"column":null}},"type":"if","locations":[{"start":{"line":129,"column":14},"end":{"line":129,"column":null}},{"start":{},"end":{}}]},"26":{"loc":{"start":{"line":130,"column":14},"end":{"line":130,"column":null}},"type":"if","locations":[{"start":{"line":130,"column":14},"end":{"line":130,"column":null}},{"start":{},"end":{}}]},"27":{"loc":{"start":{"line":133,"column":10},"end":{"line":133,"column":null}},"type":"if","locations":[{"start":{"line":133,"column":10},"end":{"line":133,"column":null}},{"start":{},"end":{}}]},"28":{"loc":{"start":{"line":140,"column":17},"end":{"line":140,"column":null}},"type":"cond-expr","locations":[{"start":{"line":140,"column":38},"end":{"line":140,"column":64}},{"start":{"line":140,"column":64},"end":{"line":140,"column":null}}]},"29":{"loc":{"start":{"line":147,"column":4},"end":{"line":147,"column":null}},"type":"if","locations":[{"start":{"line":147,"column":4},"end":{"line":147,"column":null}},{"start":{},"end":{}}]},"30":{"loc":{"start":{"line":150,"column":16},"end":{"line":150,"column":null}},"type":"binary-expr","locations":[{"start":{"line":150,"column":16},"end":{"line":150,"column":43}},{"start":{"line":150,"column":43},"end":{"line":150,"column":null}}]}},"s":{"0":0,"1":0,"2":0,"3":0,"4":0,"5":0,"6":0,"7":0,"8":0,"9":0,"10":0,"11":0,"12":0,"13":0,"14":0,"15":0,"16":0,"17":0,"18":0,"19":0,"20":0,"21":0,"22":0,"23":0,"24":0,"25":0,"26":0,"27":0,"28":0,"29":0,"30":0,"31":0,"32":0,"33":0,"34":0,"35":0,"36":0,"37":0,"38":0,"39":0,"40":0,"41":0,"42":0,"43":0,"44":0,"45":0,"46":0,"47":0,"48":0,"49":0,"50":0,"51":0,"52":0,"53":0,"54":0,"55":0,"56":0,"57":0,"58":0,"59":0,"60":0,"61":0,"62":0,"63":0,"64":0,"65":0,"66":0,"67":0,"68":0,"69":0,"70":0,"71":0,"72":0,"73":0,"74":0,"75":0,"76":0,"77":0,"78":0,"79":0,"80":0,"81":0,"82":0,"83":0,"84":0},"f":{"0":0,"1":0,"2":0,"3":0,"4":0,"5":0,"6":0,"7":0,"8":0,"9":0},"b":{"0":[0,0],"1":[0,0],"2":[0,0],"3":[0,0],"4":[0,0],"5":[0,0],"6":[0,0],"7":[0,0],"8":[0,0],"9":[0,0],"10":[0,0],"11":[0,0],"12":[0,0],"13":[0,0],"14":[0,0],"15":[0,0],"16":[0,0],"17":[0,0],"18":[0,0],"19":[0,0],"20":[0,0],"21":[0,0],"22":[0,0],"23":[0,0],"24":[0,0],"25":[0,0],"26":[0,0],"27":[0,0],"28":[0,0],"29":[0,0],"30":[0,0]}}
[...]
,"F:/小说桌面端工具/do-zhou/src/renderer/test-utils/ipc-mock.ts": {"path":"F:/小说桌面端工具/do-zhou/src/renderer/test-utils/ipc-mock.ts","statementMap":{"0":{"start":{"line":15,"column":15},"end":{"line":97,"column":null}},"1":{"start":{"line":20,"column":31},"end":{"line":20,"column":53}},"2":{"start":{"line":23,"column":24},"end":{"line":23,"column":43}},"3":{"start":{"line":24,"column":25},"end":{"line":24,"column":42}},"4":{"start":{"line":25,"column":24},"end":{"line":25,"column":43}},"5":{"start":{"line":26,"column":26},"end":{"line":26,"column":43}},"6":{"start":{"line":27,"column":26},"end":{"line":27,"column":43}},"7":{"start":{"line":28,"column":25},"end":{"line":28,"column":42}},"8":{"start":{"line":29,"column":26},"end":{"line":29,"column":48}},"9":{"start":{"line":32,"column":26},"end":{"line":32,"column":102}},"10":{"start":{"line":33,"column":24},"end":{"line":33,"column":43}},"11":{"start":{"line":34,"column":23},"end":{"line":34,"column":44}},"12":{"start":{"line":35,"column":26},"end":{"line":35,"column":43}},"13":{"start":{"line":36,"column":26},"end":{"line":36,"column":43}},"14":{"start":{"line":37,"column":29},"end":{"line":37,"column":48}},"15":{"start":{"line":40,"column":24},"end":{"line":40,"column":43}},"16":{"start":{"line":41,"column":27},"end":{"line":41,"column":46}},"17":{"start":{"line":42,"column":25},"end":{"line":42,"column":42}},"18":{"start":{"line":45,"column":26},"end":{"line":45,"column":45}},"19":{"start":{"line":46,"column":26},"end":{"line":46,"column":45}},"20":{"start":{"line":47,"column":26},"end":{"line":47,"column":47}},"21":{"start":{"line":48,"column":29},"end":{"line":48,"column":134}},"22":{"start":{"line":49,"column":26},"end":{"line":49,"column":48}},"23":{"start":{"line":50,"column":27},"end":{"line":50,"column":44}},"24":{"start":{"line":51,"column":31},"end":{"line":51,"column":50}},"25":{"start":{"line":52,"column":34},"end":{"line":52,"column":56}},"26":{"start":{"line":55,"column":26},"end":{"line":55,"column":45}},"27":{"start":{"line":56,"column":26},"end":{"line":56,"column":163}},"28":{"start":{"line":57,"column":26},"end":{"line":57,"column":47}},"29":{"start":{"line":58,"column":26},"end":{"line":58,"column":45}},"30":{"start":{"line":59,"column":26},"end":{"line":59,"column":79}},"31":{"start":{"line":60,"column":26},"end":{"line":60,"column":43}},"32":{"start":{"line":61,"column":35},"end":{"line":61,"column":52}},"33":{"start":{"line":62,"column":32},"end":{"line":62,"column":49}},"34":{"start":{"line":65,"column":23},"end":{"line":65,"column":116}},"35":{"start":{"line":66,"column":24},"end":{"line":66,"column":43}},"36":{"start":{"line":67,"column":25},"end":{"line":67,"column":44}},"37":{"start":{"line":70,"column":24},"end":{"line":70,"column":43}},"38":{"start":{"line":71,"column":26},"end":{"line":71,"column":45}},"39":{"start":{"line":72,"column":27},"end":{"line":72,"column":46}},"40":{"start":{"line":73,"column":25},"end":{"line":73,"column":42}},"41":{"start":{"line":76,"column":24},"end":{"line":76,"column":72}},"42":{"start":{"line":77,"column":30},"end":{"line":77,"column":47}},"43":{"start":{"line":78,"column":31},"end":{"line":78,"column":50}},"44":{"start":{"line":79,"column":32},"end":{"line":79,"column":51}},"45":{"start":{"line":80,"column":33},"end":{"line":80,"column":50}},"46":{"start":{"line":83,"column":28},"end":{"line":83,"column":47}},"47":{"start":{"line":84,"column":29},"end":{"line":84,"column":46}},"48":{"start":{"line":85,"column":24},"end":{"line":85,"column":43}},"49":{"start":{"line":86,"column":24},"end":{"line":86,"column":43}},"50":{"start":{"line":89,"column":28},"end":{"line":89,"column":45}},"51":{"start":{"line":90,"column":25},"end":{"line":90,"column":42}},"52":{"start":{"line":93,"column":31},"end":{"line":93,"column":67}},"53":{"start":{"line":99,"column":2},"end":{"line":99,"column":null}},"54":{"start":{"line":100,"column":2},"end":{"line":100,"column":null}}},"fnMap":{"0":{"name":"setupIPCMock","decl":{"start":{"line":14,"column":16},"end":{"line":14,"column":29}},"loc":{"start":{"line":14,"column":66},"end":{"line":101,"column":null}}},"1":{"name":"(anonymous_1)","decl":{"start":{"line":20,"column":25},"end":{"line":20,"column":31}},"loc":{"start":{"line":20,"column":31},"end":{"line":20,"column":53}}},"2":{"name":"(anonymous_2)","decl":{"start":{"line":23,"column":18},"end":{"line":23,"column":24}},"loc":{"start":{"line":23,"column":24},"end":{"line":23,"column":43}}},"3":{"name":"(anonymous_3)","decl":{"start":{"line":24,"column":19},"end":{"line":24,"column":25}},"loc":{"start":{"line":24,"column":25},"end":{"line":24,"column":42}}},"4":{"name":"(anonymous_4)","decl":{"start":{"line":25,"column":18},"end":{"line":25,"column":24}},"loc":{"start":{"line":25,"column":24},"end":{"line":25,"column":43}}},"5":{"name":"(anonymous_5)","decl":{"start":{"line":26,"column":20},"end":{"line":26,"column":26}},"loc":{"start":{"line":26,"column":26},"end":{"line":26,"column":43}}},"6":{"name":"(anonymous_6)","decl":{"start":{"line":27,"column":20},"end":{"line":27,"column":26}},"loc":{"start":{"line":27,"column":26},"end":{"line":27,"column":43}}},"7":{"name":"(anonymous_7)","decl":{"start":{"line":28,"column":19},"end":{"line":28,"column":25}},"loc":{"start":{"line":28,"column":25},"end":{"line":28,"column":42}}},"8":{"name":"(anonymous_8)","decl":{"start":{"line":29,"column":20},"end":{"line":29,"column":26}},"loc":{"start":{"line":29,"column":26},"end":{"line":29,"column":48}}},"9":{"name":"(anonymous_9)","decl":{"start":{"line":32,"column":20},"end":{"line":32,"column":26}},"loc":{"start":{"line":32,"column":26},"end":{"line":32,"column":102}}},"10":{"name":"(anonymous_10)","decl":{"start":{"line":33,"column":18},"end":{"line":33,"column":24}},"loc":{"start":{"line":33,"column":24},"end":{"line":33,"column":43}}},"11":{"name":"(anonymous_11)","decl":{"start":{"line":34,"column":17},"end":{"line":34,"column":23}},"loc":{"start":{"line":34,"column":23},"end":{"line":34,"column":44}}},"12":{"name":"(anonymous_12)","decl":{"start":{"line":35,"column":20},"end":{"line":35,"column":26}},"loc":{"start":{"line":35,"column":26},"end":{"line":35,"column":43}}},"13":{"name":"(anonymous_13)","decl":{"start":{"line":36,"column":20},"end":{"line":36,"column":26}},"loc":{"start":{"line":36,"column":26},"end":{"line":36,"column":43}}},"14":{"name":"(anonymous_14)","decl":{"start":{"line":37,"column":23},"end":{"line":37,"column":29}},"loc":{"start":{"line":37,"column":29},"end":{"line":37,"column":48}}},"15":{"name":"(anonymous_15)","decl":{"start":{"line":40,"column":18},"end":{"line":40,"column":24}},"loc":{"start":{"line":40,"column":24},"end":{"line":40,"column":43}}},"16":{"name":"(anonymous_16)","decl":{"start":{"line":41,"column":21},"end":{"line":41,"column":27}},"loc":{"start":{"line":41,"column":27},"end":{"line":41,"column":46}}},"17":{"name":"(anonymous_17)","decl":{"start":{"line":42,"column":19},"end":{"line":42,"column":25}},"loc":{"start":{"line":42,"column":25},"end":{"line":42,"column":42}}},"18":{"name":"(anonymous_18)","decl":{"start":{"line":45,"column":20},"end":{"line":45,"column":26}},"loc":{"start":{"line":45,"column":26},"end":{"line":45,"column":45}}},"19":{"name":"(anonymous_19)","decl":{"start":{"line":46,"column":20},"end":{"line":46,"column":26}},"loc":{"start":{"line":46,"column":26},"end":{"line":46,"column":45}}},"20":{"name":"(anonymous_20)","decl":{"start":{"line":47,"column":20},"end":{"line":47,"column":26}},"loc":{"start":{"line":47,"column":26},"end":{"line":47,"column":47}}},"21":{"name":"(anonymous_21)","decl":{"start":{"line":48,"column":23},"end":{"line":48,"column":29}},"loc":{"start":{"line":48,"column":29},"end":{"line":48,"column":134}}},"22":{"name":"(anonymous_22)","decl":{"start":{"line":49,"column":20},"end":{"line":49,"column":26}},"loc":{"start":{"line":49,"column":26},"end":{"line":49,"column":48}}},"23":{"name":"(anonymous_23)","decl":{"start":{"line":50,"column":21},"end":{"line":50,"column":27}},"loc":{"start":{"line":50,"column":27},"end":{"line":50,"column":44}}},"24":{"name":"(anonymous_24)","decl":{"start":{"line":51,"column":25},"end":{"line":51,"column":31}},"loc":{"start":{"line":51,"column":31},"end":{"line":51,"column":50}}},"25":{"name":"(anonymous_25)","decl":{"start":{"line":52,"column":28},"end":{"line":52,"column":34}},"loc":{"start":{"line":52,"column":34},"end":{"line":52,"column":56}}},"26":{"name":"(anonymous_26)","decl":{"start":{"line":55,"column":20},"end":{"line":55,"column":26}},"loc":{"start":{"line":55,"column":26},"end":{"line":55,"column":45}}},"27":{"name":"(anonymous_27)","decl":{"start":{"line":56,"column":20},"end":{"line":56,"column":26}},"loc":{"start":{"line":56,"column":26},"end":{"line":56,"column":163}}},"28":{"name":"(anonymous_28)","decl":{"start":{"line":57,"column":20},"end":{"line":57,"column":26}},"loc":{"start":{"line":57,"column":26},"end":{"line":57,"column":47}}},"29":{"name":"(anonymous_29)","decl":{"start":{"line":58,"column":20},"end":{"line":58,"column":26}},"loc":{"start":{"line":58,"column":26},"end":{"line":58,"column":45}}},"30":{"name":"(anonymous_30)","decl":{"start":{"line":59,"column":20},"end":{"line":59,"column":26}},"loc":{"start":{"line":59,"column":26},"end":{"line":59,"column":79}}},"31":{"name":"(anonymous_31)","decl":{"start":{"line":60,"column":20},"end":{"line":60,"column":26}},"loc":{"start":{"line":60,"column":26},"end":{"line":60,"column":43}}},"32":{"name":"(anonymous_32)","decl":{"start":{"line":61,"column":29},"end":{"line":61,"column":35}},"loc":{"start":{"line":61,"column":35},"end":{"line":61,"column":52}}},"33":{"name":"(anonymous_33)","decl":{"start":{"line":62,"column":26},"end":{"line":62,"column":32}},"loc":{"start":{"line":62,"column":32},"end":{"line":62,"column":49}}},"34":{"name":"(anonymous_34)","decl":{"start":{"line":65,"column":17},"end":{"line":65,"column":23}},"loc":{"start":{"line":65,"column":23},"end":{"line":65,"column":116}}},"35":{"name":"(anonymous_35)","decl":{"start":{"line":66,"column":18},"end":{"line":66,"column":24}},"loc":{"start":{"line":66,"column":24},"end":{"line":66,"column":43}}},"36":{"name":"(anonymous_36)","decl":{"start":{"line":67,"column":19},"end":{"line":67,"column":25}},"loc":{"start":{"line":67,"column":25},"end":{"line":67,"column":44}}},"37":{"name":"(anonymous_37)","decl":{"start":{"line":70,"column":18},"end":{"line":70,"column":24}},"loc":{"start":{"line":70,"column":24},"end":{"line":70,"column":43}}},"38":{"name":"(anonymous_38)","decl":{"start":{"line":71,"column":20},"end":{"line":71,"column":26}},"loc":{"start":{"line":71,"column":26},"end":{"line":71,"column":45}}},"39":{"name":"(anonymous_39)","decl":{"start":{"line":72,"column":21},"end":{"line":72,"column":27}},"loc":{"start":{"line":72,"column":27},"end":{"line":72,"column":46}}},"40":{"name":"(anonymous_40)","decl":{"start":{"line":73,"column":19},"end":{"line":73,"column":25}},"loc":{"start":{"line":73,"column":25},"end":{"line":73,"column":42}}},"41":{"name":"(anonymous_41)","decl":{"start":{"line":76,"column":18},"end":{"line":76,"column":24}},"loc":{"start":{"line":76,"column":24},"end":{"line":76,"column":72}}},"42":{"name":"(anonymous_42)","decl":{"start":{"line":77,"column":24},"end":{"line":77,"column":30}},"loc":{"start":{"line":77,"column":30},"end":{"line":77,"column":47}}},"43":{"name":"(anonymous_43)","decl":{"start":{"line":78,"column":25},"end":{"line":78,"column":31}},"loc":{"start":{"line":78,"column":31},"end":{"line":78,"column":50}}},"44":{"name":"(anonymous_44)","decl":{"start":{"line":79,"column":26},"end":{"line":79,"column":32}},"loc":{"start":{"line":79,"column":32},"end":{"line":79,"column":51}}},"45":{"name":"(anonymous_45)","decl":{"start":{"line":80,"column":27},"end":{"line":80,"column":33}},"loc":{"start":{"line":80,"column":33},"end":{"line":80,"column":50}}},"46":{"name":"(anonymous_46)","decl":{"start":{"line":83,"column":22},"end":{"line":83,"column":28}},"loc":{"start":{"line":83,"column":28},"end":{"line":83,"column":47}}},"47":{"name":"(anonymous_47)","decl":{"start":{"line":84,"column":23},"end":{"line":84,"column":29}},"loc":{"start":{"line":84,"column":29},"end":{"line":84,"column":46}}},"48":{"name":"(anonymous_48)","decl":{"start":{"line":85,"column":18},"end":{"line":85,"column":24}},"loc":{"start":{"line":85,"column":24},"end":{"line":85,"column":43}}},"49":{"name":"(anonymous_49)","decl":{"start":{"line":86,"column":18},"end":{"line":86,"column":24}},"loc":{"start":{"line":86,"column":24},"end":{"line":86,"column":43}}},"50":{"name":"(anonymous_50)","decl":{"start":{"line":89,"column":22},"end":{"line":89,"column":28}},"loc":{"start":{"line":89,"column":28},"end":{"line":89,"column":45}}},"51":{"name":"(anonymous_51)","decl":{"start":{"line":90,"column":19},"end":{"line":90,"column":25}},"loc":{"start":{"line":90,"column":25},"end":{"line":90,"column":42}}},"52":{"name":"(anonymous_52)","decl":{"start":{"line":93,"column":25},"end":{"line":93,"column":31}},"loc":{"start":{"line":93,"column":31},"end":{"line":93,"column":67}}}},"branchMap":{"0":{"loc":{"start":{"line":14,"column":29},"end":{"line":14,"column":66}},"type":"default-arg","locations":[{"start":{"line":14,"column":62},"end":{"line":14,"column":66}}]}},"s":{"0":6,"1":6,"2":0,"3":0,"4":0,"5":0,"6":0,"7":0,"8":0,"9":0,"10":0,"11":0,"12":0,"13":0,"14":0,"15":2,"16":0,"17":0,"18":0,"19":0,"20":0,"21":0,"22":0,"23":0,"24":0,"25":0,"26":2,"27":0,"28":0,"29":0,"30":0,"31":0,"32":0,"33":0,"34":2,"35":0,"36":0,"37":0,"38":0,"39":0,"40":0,"41":0,"42":0,"43":0,"44":0,"45":0,"46":0,"47":0,"48":0,"49":0,"50":0,"51":0,"52":0,"53":6,"54":6},"f":{"0":6,"1":6,"2":0,"3":0,"4":0,"5":0,"6":0,"7":0,"8":0,"9":0,"10":0,"11":0,"12":0,"13":0,"14":0,"15":2,"16":0,"17":0,"18":0,"19":0,"20":0,"21":0,"22":0,"23":0,"24":0,"25":0,"26":2,"27":0,"28":0,"29":0,"30":0,"31":0,"32":0,"33":0,"34":2,"35":0,"36":0,"37":0,"38":0,"39":0,"40":0,"41":0,"42":0,"43":0,"44":0,"45":0,"46":0,"47":0,"48":0,"49":0,"50":0,"51":0,"52":0},"b":{"0":[4]}}
,"F:/小说桌面端工具/do-zhou/src/renderer/theme/theme-provider.tsx": {"path":"F:/小说桌面端工具/do-zhou/src/renderer/theme/theme-provider.tsx","statementMap":{"0":{"start":{"line":5,"column":21},"end":{"line":5,"column":null}},"1":{"start":{"line":8,"column":17},"end":{"line":8,"column":null}},"2":{"start":{"line":9,"column":2},"end":{"line":9,"column":null}},"3":{"start":{"line":9,"column":47},"end":{"line":9,"column":null}},"4":{"start":{"line":10,"column":2},"end":{"line":10,"column":null}},"5":{"start":{"line":10,"column":66},"end":{"line":10,"column":null}},"6":{"start":{"line":11,"column":2},"end":{"line":11,"column":null}},"7":{"start":{"line":15,"column":33},"end":{"line":15,"column":null}},"8":{"start":{"line":15,"column":55},"end":{"line":15,"column":79}},"9":{"start":{"line":17,"column":2},"end":{"line":20,"column":null}},"10":{"start":{"line":18,"column":4},"end":{"line":18,"column":null}},"11":{"start":{"line":19,"column":4},"end":{"line":19,"column":null}},"12":{"start":{"line":22,"column":19},"end":{"line":22,"column":null}},"13":{"start":{"line":22,"column":45},"end":{"line":22,"column":63}},"14":{"start":{"line":23,"column":22},"end":{"line":23,"column":null}},"15":{"start":{"line":23,"column":40},"end":{"line":23,"column":97}},"16":{"start":{"line":23,"column":62},"end":{"line":23,"column":94}},"17":{"start":{"line":25,"column":2},"end":{"line":28,"column":null}},"18":{"start":{"line":33,"column":14},"end":{"line":33,"column":null}},"19":{"start":{"line":34,"column":2},"end":{"line":34,"column":null}},"20":{"start":{"line":34,"column":12},"end":{"line":34,"column":null}},"21":{"start":{"line":35,"column":2},"end":{"line":35,"column":null}}},"fnMap":{"0":{"name":"getInitial","decl":{"start":{"line":7,"column":9},"end":{"line":7,"column":20}},"loc":{"start":{"line":7,"column":48},"end":{"line":12,"column":null}}},"1":{"name":"ThemeProvider","decl":{"start":{"line":14,"column":16},"end":{"line":14,"column":30}},"loc":{"start":{"line":14,"column":134},"end":{"line":30,"column":null}}},"2":{"name":"(anonymous_2)","decl":{"start":{"line":15,"column":49},"end":{"line":15,"column":55}},"loc":{"start":{"line":15,"column":55},"end":{"line":15,"column":79}}},"3":{"name":"(anonymous_3)","decl":{"start":{"line":17,"column":12},"end":{"line":17,"column":18}},"loc":{"start":{"line":17,"column":18},"end":{"line":20,"column":5}}},"4":{"name":"(anonymous_4)","decl":{"start":{"line":22,"column":31},"end":{"line":22,"column":32}},"loc":{"start":{"line":22,"column":45},"end":{"line":22,"column":63}}},"5":{"name":"(anonymous_5)","decl":{"start":{"line":23,"column":34},"end":{"line":23,"column":40}},"loc":{"start":{"line":23,"column":40},"end":{"line":23,"column":97}}},"6":{"name":"(anonymous_6)","decl":{"start":{"line":23,"column":54},"end":{"line":23,"column":55}},"loc":{"start":{"line":23,"column":62},"end":{"line":23,"column":94}}},"7":{"name":"useTheme","decl":{"start":{"line":32,"column":16},"end":{"line":32,"column":27}},"loc":{"start":{"line":32,"column":27},"end":{"line":36,"column":null}}}},"branchMap":{"0":{"loc":{"start":{"line":9,"column":2},"end":{"line":9,"column":null}},"type":"if","locations":[{"start":{"line":9,"column":2},"end":{"line":9,"column":null}},{"start":{},"end":{}}]},"1":{"loc":{"start":{"line":9,"column":6},"end":{"line":9,"column":47}},"type":"binary-expr","locations":[{"start":{"line":9,"column":6},"end":{"line":9,"column":27}},{"start":{"line":9,"column":27},"end":{"line":9,"column":47}}]},"2":{"loc":{"start":{"line":10,"column":2},"end":{"line":10,"column":null}},"type":"if","locations":[{"start":{"line":10,"column":2},"end":{"line":10,"column":null}},{"start":{},"end":{}}]},"3":{"loc":{"start":{"line":14,"column":42},"end":{"line":14,"column":64}},"type":"default-arg","locations":[{"start":{"line":14,"column":57},"end":{"line":14,"column":64}}]},"4":{"loc":{"start":{"line":23,"column":62},"end":{"line":23,"column":94}},"type":"cond-expr","locations":[{"start":{"line":23,"column":77},"end":{"line":23,"column":87}},{"start":{"line":23,"column":87},"end":{"line":23,"column":94}}]},"5":{"loc":{"start":{"line":34,"column":2},"end":{"line":34,"column":null}},"type":"if","locations":[{"start":{"line":34,"column":2},"end":{"line":34,"column":null}},{"start":{},"end":{}}]}},"s":{"0":0,"1":0,"2":0,"3":0,"4":0,"5":0,"6":0,"7":0,"8":0,"9":0,"10":0,"11":0,"12":0,"13":0,"14":0,"15":0,"16":0,"17":0,"18":0,"19":0,"20":0,"21":0},"f":{"0":0,"1":0,"2":0,"3":0,"4":0,"5":0,"6":0,"7":0},"b":{"0":[0,0],"1":[0,0],"2":[0,0],"3":[0],"4":[0,0],"5":[0,0]}}
}
