{"F:\\小说桌面端工具\\do-zhou\\electron\\main.ts": {"path":"F:\\小说桌面端工具\\do-zhou\\electron\\main.ts","statementMap":{"0":{"start":{"line":11,"column":39},"end":{"line":11,"column":null}},"1":{"start":{"line":14,"column":2},"end":{"line":21,"column":null}},"2":{"start":{"line":23,"column":2},"end":{"line":27,"column":null}},"3":{"start":{"line":24,"column":4},"end":{"line":24,"column":null}},"4":{"start":{"line":26,"column":4},"end":{"line":26,"column":null}},"5":{"start":{"line":30,"column":0},"end":{"line":30,"column":null}},"6":{"start":{"line":30,"column":36},"end":{"line":30,"column":58}},"7":{"start":{"line":31,"column":0},"end":{"line":33,"column":null}},"8":{"start":{"line":32,"column":2},"end":{"line":32,"column":null}},"9":{"start":{"line":32,"column":35},"end":{"line":32,"column":59}},"10":{"start":{"line":32,"column":68},"end":{"line":32,"column":91}},"11":{"start":{"line":34,"column":0},"end":{"line":34,"column":null}},"12":{"start":{"line":34,"column":33},"end":{"line":34,"column":52}},"13":{"start":{"line":35,"column":0},"end":{"line":35,"column":null}},"14":{"start":{"line":35,"column":43},"end":{"line":35,"column":77}},"15":{"start":{"line":37,"column":0},"end":{"line":37,"column":null}},"16":{"start":{"line":39,"column":17},"end":{"line":39,"column":null}},"17":{"start":{"line":40,"column":25},"end":{"line":40,"column":null}},"18":{"start":{"line":41,"column":0},"end":{"line":41,"column":null}},"19":{"start":{"line":42,"column":0},"end":{"line":42,"column":null}},"20":{"start":{"line":46,"column":21},"end":{"line":46,"column":null}},"21":{"start":{"line":47,"column":0},"end":{"line":47,"column":null}},"22":{"start":{"line":51,"column":24},"end":{"line":51,"column":null}},"23":{"start":{"line":52,"column":22},"end":{"line":52,"column":null}},"24":{"start":{"line":53,"column":0},"end":{"line":53,"column":null}},"25":{"start":{"line":53,"column":37},"end":{"line":53,"column":58}},"26":{"start":{"line":54,"column":0},"end":{"line":54,"column":null}},"27":{"start":{"line":54,"column":43},"end":{"line":54,"column":66}},"28":{"start":{"line":55,"column":0},"end":{"line":55,"column":null}},"29":{"start":{"line":55,"column":39},"end":{"line":55,"column":62}},"30":{"start":{"line":56,"column":0},"end":{"line":56,"column":null}},"31":{"start":{"line":56,"column":36},"end":{"line":56,"column":63}},"32":{"start":{"line":57,"column":0},"end":{"line":57,"column":null}},"33":{"start":{"line":57,"column":75},"end":{"line":57,"column":114}},"34":{"start":{"line":58,"column":0},"end":{"line":58,"column":null}},"35":{"start":{"line":58,"column":81},"end":{"line":58,"column":126}},"36":{"start":{"line":59,"column":0},"end":{"line":59,"column":null}},"37":{"start":{"line":59,"column":59},"end":{"line":59,"column":89}},"38":{"start":{"line":61,"column":0},"end":{"line":64,"column":null}},"39":{"start":{"line":62,"column":27},"end":{"line":62,"column":null}},"40":{"start":{"line":63,"column":2},"end":{"line":63,"column":null}},"41":{"start":{"line":67,"column":24},"end":{"line":67,"column":null}},"42":{"start":{"line":67,"column":39},"end":{"line":67,"column":null}},"43":{"start":{"line":68,"column":0},"end":{"line":70,"column":null}},"44":{"start":{"line":69,"column":2},"end":{"line":69,"column":null}},"45":{"start":{"line":69,"column":8},"end":{"line":69,"column":67}},"46":{"start":{"line":69,"column":77},"end":{"line":69,"column":89}},"47":{"start":{"line":71,"column":0},"end":{"line":74,"column":null}},"48":{"start":{"line":72,"column":13},"end":{"line":72,"column":null}},"49":{"start":{"line":73,"column":14},"end":{"line":73,"column":32}},"50":{"start":{"line":73,"column":32},"end":{"line":73,"column":97}},"51":{"start":{"line":73,"column":57},"end":{"line":73,"column":97}},"52":{"start":{"line":73,"column":97},"end":{"line":73,"column":137}},"53":{"start":{"line":73,"column":137},"end":{"line":73,"column":null}},"54":{"start":{"line":75,"column":0},"end":{"line":78,"column":null}},"55":{"start":{"line":76,"column":13},"end":{"line":76,"column":null}},"56":{"start":{"line":77,"column":14},"end":{"line":77,"column":32}},"57":{"start":{"line":77,"column":32},"end":{"line":77,"column":68}},"58":{"start":{"line":77,"column":57},"end":{"line":77,"column":68}},"59":{"start":{"line":77,"column":68},"end":{"line":77,"column":null}},"60":{"start":{"line":77,"column":107},"end":{"line":77,"column":155}},"61":{"start":{"line":79,"column":0},"end":{"line":81,"column":null}},"62":{"start":{"line":80,"column":2},"end":{"line":80,"column":null}},"63":{"start":{"line":80,"column":18},"end":{"line":80,"column":71}},"64":{"start":{"line":80,"column":85},"end":{"line":80,"column":100}},"65":{"start":{"line":80,"column":116},"end":{"line":80,"column":120}},"66":{"start":{"line":80,"column":120},"end":{"line":80,"column":250}},"67":{"start":{"line":80,"column":133},"end":{"line":80,"column":136}},"68":{"start":{"line":80,"column":161},"end":{"line":80,"column":248}},"69":{"start":{"line":80,"column":199},"end":{"line":80,"column":248}},"70":{"start":{"line":80,"column":250},"end":{"line":80,"column":265}},"71":{"start":{"line":80,"column":275},"end":{"line":80,"column":285}},"72":{"start":{"line":83,"column":0},"end":{"line":83,"column":null}},"73":{"start":{"line":85,"column":0},"end":{"line":85,"column":null}},"74":{"start":{"line":85,"column":36},"end":{"line":85,"column":82}},"75":{"start":{"line":85,"column":71},"end":{"line":85,"column":82}},"76":{"start":{"line":86,"column":0},"end":{"line":86,"column":null}},"77":{"start":{"line":86,"column":27},"end":{"line":86,"column":90}},"78":{"start":{"line":86,"column":75},"end":{"line":86,"column":90}}},"fnMap":{"0":{"name":"createWindow","decl":{"start":{"line":13,"column":9},"end":{"line":13,"column":30}},"loc":{"start":{"line":13,"column":30},"end":{"line":28,"column":null}},"line":13},"1":{"name":"(anonymous_1)","decl":{"start":{"line":30,"column":30},"end":{"line":30,"column":36}},"loc":{"start":{"line":30,"column":36},"end":{"line":30,"column":58}},"line":30},"2":{"name":"(anonymous_2)","decl":{"start":{"line":31,"column":30},"end":{"line":31,"column":36}},"loc":{"start":{"line":31,"column":36},"end":{"line":33,"column":1}},"line":31},"3":{"name":"(anonymous_3)","decl":{"start":{"line":34,"column":27},"end":{"line":34,"column":33}},"loc":{"start":{"line":34,"column":33},"end":{"line":34,"column":52}},"line":34},"4":{"name":"(anonymous_4)","decl":{"start":{"line":35,"column":37},"end":{"line":35,"column":43}},"loc":{"start":{"line":35,"column":43},"end":{"line":35,"column":77}},"line":35},"5":{"name":"(anonymous_5)","decl":{"start":{"line":53,"column":31},"end":{"line":53,"column":37}},"loc":{"start":{"line":53,"column":37},"end":{"line":53,"column":58}},"line":53},"6":{"name":"(anonymous_6)","decl":{"start":{"line":54,"column":32},"end":{"line":54,"column":33}},"loc":{"start":{"line":54,"column":43},"end":{"line":54,"column":66}},"line":54},"7":{"name":"(anonymous_7)","decl":{"start":{"line":55,"column":33},"end":{"line":55,"column":39}},"loc":{"start":{"line":55,"column":39},"end":{"line":55,"column":62}},"line":55},"8":{"name":"(anonymous_8)","decl":{"start":{"line":56,"column":30},"end":{"line":56,"column":36}},"loc":{"start":{"line":56,"column":36},"end":{"line":56,"column":63}},"line":56},"9":{"name":"(anonymous_9)","decl":{"start":{"line":57,"column":32},"end":{"line":57,"column":33}},"loc":{"start":{"line":57,"column":75},"end":{"line":57,"column":114}},"line":57},"10":{"name":"(anonymous_10)","decl":{"start":{"line":58,"column":33},"end":{"line":58,"column":34}},"loc":{"start":{"line":58,"column":81},"end":{"line":58,"column":126}},"line":58},"11":{"name":"(anonymous_11)","decl":{"start":{"line":59,"column":31},"end":{"line":59,"column":32}},"loc":{"start":{"line":59,"column":57},"end":{"line":59,"column":90}},"line":59},"12":{"name":"(anonymous_12)","decl":{"start":{"line":61,"column":36},"end":{"line":61,"column":43}},"loc":{"start":{"line":61,"column":55},"end":{"line":64,"column":1}},"line":61},"13":{"name":"(anonymous_13)","decl":{"start":{"line":67,"column":24},"end":{"line":67,"column":25}},"loc":{"start":{"line":67,"column":39},"end":{"line":67,"column":null}},"line":67},"14":{"name":"(anonymous_14)","decl":{"start":{"line":68,"column":32},"end":{"line":68,"column":33}},"loc":{"start":{"line":68,"column":58},"end":{"line":70,"column":1}},"line":68},"15":{"name":"(anonymous_15)","decl":{"start":{"line":71,"column":33},"end":{"line":71,"column":34}},"loc":{"start":{"line":71,"column":76},"end":{"line":74,"column":1}},"line":71},"16":{"name":"(anonymous_16)","decl":{"start":{"line":75,"column":28},"end":{"line":75,"column":29}},"loc":{"start":{"line":75,"column":53},"end":{"line":78,"column":1}},"line":75},"17":{"name":"(anonymous_17)","decl":{"start":{"line":77,"column":102},"end":{"line":77,"column":107}},"loc":{"start":{"line":77,"column":107},"end":{"line":77,"column":155}},"line":77},"18":{"name":"(anonymous_18)","decl":{"start":{"line":79,"column":28},"end":{"line":79,"column":29}},"loc":{"start":{"line":79,"column":69},"end":{"line":81,"column":1}},"line":79},"19":{"name":"(anonymous_19)","decl":{"start":{"line":85,"column":28},"end":{"line":85,"column":34}},"loc":{"start":{"line":85,"column":34},"end":{"line":85,"column":83}},"line":85},"20":{"name":"(anonymous_20)","decl":{"start":{"line":86,"column":19},"end":{"line":86,"column":25}},"loc":{"start":{"line":86,"column":25},"end":{"line":86,"column":91}},"line":86}},"branchMap":{"0":{"loc":{"start":{"line":23,"column":2},"end":{"line":27,"column":null}},"type":"if","locations":[{"start":{"line":23,"column":2},"end":{"line":27,"column":null}},{"start":{"line":25,"column":9},"end":{"line":27,"column":null}}],"line":23},"1":{"loc":{"start":{"line":32,"column":2},"end":{"line":32,"column":null}},"type":"if","locations":[{"start":{"line":32,"column":2},"end":{"line":32,"column":null}},{"start":{"line":32,"column":66},"end":{"line":32,"column":null}}],"line":32},"2":{"loc":{"start":{"line":35,"column":43},"end":{"line":35,"column":77}},"type":"binary-expr","locations":[{"start":{"line":35,"column":43},"end":{"line":35,"column":72}},{"start":{"line":35,"column":72},"end":{"line":35,"column":77}}],"line":35},"3":{"loc":{"start":{"line":67,"column":39},"end":{"line":67,"column":null}},"type":"cond-expr","locations":[{"start":{"line":67,"column":60},"end":{"line":67,"column":64}},{"start":{"line":67,"column":64},"end":{"line":67,"column":null}}],"line":67},"4":{"loc":{"start":{"line":73,"column":32},"end":{"line":73,"column":97}},"type":"if","locations":[{"start":{"line":73,"column":32},"end":{"line":73,"column":97}},{"start":{},"end":{}}],"line":73},"5":{"loc":{"start":{"line":77,"column":32},"end":{"line":77,"column":68}},"type":"if","locations":[{"start":{"line":77,"column":32},"end":{"line":77,"column":68}},{"start":{},"end":{}}],"line":77},"6":{"loc":{"start":{"line":80,"column":161},"end":{"line":80,"column":248}},"type":"if","locations":[{"start":{"line":80,"column":161},"end":{"line":80,"column":248}},{"start":{},"end":{}}],"line":80},"7":{"loc":{"start":{"line":85,"column":36},"end":{"line":85,"column":82}},"type":"if","locations":[{"start":{"line":85,"column":36},"end":{"line":85,"column":82}},{"start":{},"end":{}}],"line":85},"8":{"loc":{"start":{"line":86,"column":27},"end":{"line":86,"column":90}},"type":"if","locations":[{"start":{"line":86,"column":27},"end":{"line":86,"column":90}},{"start":{},"end":{}}],"line":86}},"s":{"0":0,"1":0,"2":0,"3":0,"4":0,"5":0,"6":0,"7":0,"8":0,"9":0,"10":0,"11":0,"12":0,"13":0,"14":0,"15":0,"16":0,"17":0,"18":0,"19":0,"20":0,"21":0,"22":0,"23":0,"24":0,"25":0,"26":0,"27":0,"28":0,"29":0,"30":0,"31":0,"32":0,"33":0,"34":0,"35":0,"36":0,"37":0,"38":0,"39":0,"40":0,"41":0,"42":0,"43":0,"44":0,"45":0,"46":0,"47":0,"48":0,"49":0,"50":0,"51":0,"52":0,"53":0,"54":0,"55":0,"56":0,"57":0,"58":0,"59":0,"60":0,"61":0,"62":0,"63":0,"64":0,"65":0,"66":0,"67":0,"68":0,"69":0,"70":0,"71":0,"72":0,"73":0,"74":0,"75":0,"76":0,"77":0,"78":0},"f":{"0":0,"1":0,"2":0,"3":0,"4":0,"5":0,"6":0,"7":0,"8":0,"9":0,"10":0,"11":0,"12":0,"13":0,"14":0,"15":0,"16":0,"17":0,"18":0,"19":0,"20":0},"b":{"0":[0,0],"1":[0,0],"2":[0,0],"3":[0,0],"4":[0,0],"5":[0,0],"6":[0,0],"7":[0,0],"8":[0,0]},"meta":{"lastBranch":9,"lastFunction":21,"lastStatement":79,"seen":{"s:11:39:11:Infinity":0,"f:13:9:13:30":0,"s:14:2:21:Infinity":1,"b:23:2:27:Infinity:25:9:27:Infinity":0,"s:23:2:27:Infinity":2,"s:24:4:24:Infinity":3,"s:26:4:26:Infinity":4,"s:30:0:30:Infinity":5,"f:30:30:30:36":1,"s:30:36:30:58":6,"s:31:0:33:Infinity":7,"f:31:30:31:36":2,"b:32:2:32:Infinity:32:66:32:Infinity":1,"s:32:2:32:Infinity":8,"s:32:35:32:59":9,"s:32:68:32:91":10,"s:34:0:34:Infinity":11,"f:34:27:34:33":3,"s:34:33:34:52":12,"s:35:0:35:Infinity":13,"f:35:37:35:43":4,"s:35:43:35:77":14,"b:35:43:35:72:35:72:35:77":2,"s:37:0:37:Infinity":15,"s:39:17:39:Infinity":16,"s:40:25:40:Infinity":17,"s:41:0:41:Infinity":18,"s:42:0:42:Infinity":19,"s:46:21:46:Infinity":20,"s:47:0:47:Infinity":21,"s:51:24:51:Infinity":22,"s:52:22:52:Infinity":23,"s:53:0:53:Infinity":24,"f:53:31:53:37":5,"s:53:37:53:58":25,"s:54:0:54:Infinity":26,"f:54:32:54:33":6,"s:54:43:54:66":27,"s:55:0:55:Infinity":28,"f:55:33:55:39":7,"s:55:39:55:62":29,"s:56:0:56:Infinity":30,"f:56:30:56:36":8,"s:56:36:56:63":31,"s:57:0:57:Infinity":32,"f:57:32:57:33":9,"s:57:75:57:114":33,"s:58:0:58:Infinity":34,"f:58:33:58:34":10,"s:58:81:58:126":35,"s:59:0:59:Infinity":36,"f:59:31:59:32":11,"s:59:59:59:89":37,"s:61:0:64:Infinity":38,"f:61:36:61:43":12,"s:62:27:62:Infinity":39,"s:63:2:63:Infinity":40,"s:67:24:67:Infinity":41,"f:67:24:67:25":13,"s:67:39:67:Infinity":42,"b:67:60:67:64:67:64:67:Infinity":3,"s:68:0:70:Infinity":43,"f:68:32:68:33":14,"s:69:2:69:Infinity":44,"s:69:8:69:67":45,"s:69:77:69:89":46,"s:71:0:74:Infinity":47,"f:71:33:71:34":15,"s:72:13:72:Infinity":48,"s:73:14:73:32":49,"b:73:32:73:97:undefined:undefined:undefined:undefined":4,"s:73:32:73:97":50,"s:73:57:73:97":51,"s:73:97:73:137":52,"s:73:137:73:Infinity":53,"s:75:0:78:Infinity":54,"f:75:28:75:29":16,"s:76:13:76:Infinity":55,"s:77:14:77:32":56,"b:77:32:77:68:undefined:undefined:undefined:undefined":5,"s:77:32:77:68":57,"s:77:57:77:68":58,"s:77:68:77:Infinity":59,"f:77:102:77:107":17,"s:77:107:77:155":60,"s:79:0:81:Infinity":61,"f:79:28:79:29":18,"s:80:2:80:Infinity":62,"s:80:18:80:71":63,"s:80:85:80:100":64,"s:80:116:80:120":65,"s:80:120:80:250":66,"s:80:133:80:136":67,"b:80:161:80:248:undefined:undefined:undefined:undefined":6,"s:80:161:80:248":68,"s:80:199:80:248":69,"s:80:250:80:265":70,"s:80:275:80:285":71,"s:83:0:83:Infinity":72,"s:85:0:85:Infinity":73,"f:85:28:85:34":19,"b:85:36:85:82:undefined:undefined:undefined:undefined":7,"s:85:36:85:82":74,"s:85:71:85:82":75,"s:86:0:86:Infinity":76,"f:86:19:86:25":20,"b:86:27:86:90:undefined:undefined:undefined:undefined":8,"s:86:27:86:90":77,"s:86:75:86:90":78},"fnNames":{}}}
,"F:\\小说桌面端工具\\do-zhou\\electron\\preload.ts": {"path":"F:\\小说桌面端工具\\do-zhou\\electron\\preload.ts","statementMap":{"0":{"start":{"line":3,"column":12},"end":{"line":82,"column":null}},"1":{"start":{"line":5,"column":20},"end":{"line":5,"column":null}},"2":{"start":{"line":6,"column":20},"end":{"line":6,"column":null}},"3":{"start":{"line":7,"column":17},"end":{"line":7,"column":null}},"4":{"start":{"line":8,"column":23},"end":{"line":8,"column":null}},"5":{"start":{"line":11,"column":25},"end":{"line":11,"column":null}},"6":{"start":{"line":12,"column":37},"end":{"line":12,"column":null}},"7":{"start":{"line":13,"column":25},"end":{"line":13,"column":null}},"8":{"start":{"line":14,"column":27},"end":{"line":14,"column":null}},"9":{"start":{"line":15,"column":38},"end":{"line":15,"column":null}},"10":{"start":{"line":16,"column":26},"end":{"line":16,"column":null}},"11":{"start":{"line":17,"column":27},"end":{"line":17,"column":null}},"12":{"start":{"line":20,"column":38},"end":{"line":20,"column":null}},"13":{"start":{"line":21,"column":26},"end":{"line":21,"column":null}},"14":{"start":{"line":22,"column":24},"end":{"line":22,"column":null}},"15":{"start":{"line":23,"column":27},"end":{"line":23,"column":null}},"16":{"start":{"line":24,"column":38},"end":{"line":24,"column":null}},"17":{"start":{"line":25,"column":30},"end":{"line":25,"column":null}},"18":{"start":{"line":28,"column":16},"end":{"line":28,"column":null}},"19":{"start":{"line":29,"column":39},"end":{"line":29,"column":null}},"20":{"start":{"line":30,"column":17},"end":{"line":30,"column":null}},"21":{"start":{"line":33,"column":18},"end":{"line":33,"column":null}},"22":{"start":{"line":34,"column":28},"end":{"line":34,"column":null}},"23":{"start":{"line":35,"column":56},"end":{"line":35,"column":null}},"24":{"start":{"line":36,"column":52},"end":{"line":36,"column":null}},"25":{"start":{"line":37,"column":28},"end":{"line":37,"column":null}},"26":{"start":{"line":38,"column":32},"end":{"line":38,"column":null}},"27":{"start":{"line":39,"column":33},"end":{"line":39,"column":null}},"28":{"start":{"line":40,"column":36},"end":{"line":40,"column":null}},"29":{"start":{"line":43,"column":18},"end":{"line":43,"column":null}},"30":{"start":{"line":44,"column":66},"end":{"line":44,"column":null}},"31":{"start":{"line":45,"column":18},"end":{"line":45,"column":null}},"32":{"start":{"line":46,"column":35},"end":{"line":46,"column":null}},"33":{"start":{"line":47,"column":51},"end":{"line":47,"column":null}},"34":{"start":{"line":48,"column":50},"end":{"line":48,"column":null}},"35":{"start":{"line":49,"column":67},"end":{"line":49,"column":null}},"36":{"start":{"line":50,"column":59},"end":{"line":50,"column":null}},"37":{"start":{"line":53,"column":15},"end":{"line":53,"column":null}},"38":{"start":{"line":54,"column":42},"end":{"line":54,"column":null}},"39":{"start":{"line":55,"column":17},"end":{"line":55,"column":null}},"40":{"start":{"line":58,"column":16},"end":{"line":58,"column":null}},"41":{"start":{"line":59,"column":51},"end":{"line":59,"column":null}},"42":{"start":{"line":60,"column":57},"end":{"line":60,"column":null}},"43":{"start":{"line":61,"column":33},"end":{"line":61,"column":null}},"44":{"start":{"line":64,"column":174},"end":{"line":64,"column":null}},"45":{"start":{"line":65,"column":123},"end":{"line":65,"column":null}},"46":{"start":{"line":66,"column":34},"end":{"line":66,"column":null}},"47":{"start":{"line":67,"column":24},"end":{"line":67,"column":null}},"48":{"start":{"line":68,"column":36},"end":{"line":68,"column":null}},"49":{"start":{"line":71,"column":32},"end":{"line":71,"column":null}},"50":{"start":{"line":72,"column":50},"end":{"line":72,"column":null}},"51":{"start":{"line":73,"column":31},"end":{"line":73,"column":null}},"52":{"start":{"line":74,"column":43},"end":{"line":74,"column":null}},"53":{"start":{"line":77,"column":47},"end":{"line":77,"column":null}},"54":{"start":{"line":78,"column":44},"end":{"line":78,"column":null}},"55":{"start":{"line":80,"column":28},"end":{"line":80,"column":66}},"56":{"start":{"line":84,"column":0},"end":{"line":84,"column":null}}},"fnMap":{"0":{"name":"(anonymous_0)","decl":{"start":{"line":5,"column":14},"end":{"line":5,"column":20}},"loc":{"start":{"line":5,"column":20},"end":{"line":5,"column":null}},"line":5},"1":{"name":"(anonymous_1)","decl":{"start":{"line":6,"column":14},"end":{"line":6,"column":20}},"loc":{"start":{"line":6,"column":20},"end":{"line":6,"column":null}},"line":6},"2":{"name":"(anonymous_2)","decl":{"start":{"line":7,"column":11},"end":{"line":7,"column":17}},"loc":{"start":{"line":7,"column":17},"end":{"line":7,"column":null}},"line":7},"3":{"name":"(anonymous_3)","decl":{"start":{"line":8,"column":17},"end":{"line":8,"column":23}},"loc":{"start":{"line":8,"column":23},"end":{"line":8,"column":null}},"line":8},"4":{"name":"(anonymous_4)","decl":{"start":{"line":11,"column":10},"end":{"line":11,"column":11}},"loc":{"start":{"line":11,"column":25},"end":{"line":11,"column":null}},"line":11},"5":{"name":"(anonymous_5)","decl":{"start":{"line":12,"column":11},"end":{"line":12,"column":12}},"loc":{"start":{"line":12,"column":37},"end":{"line":12,"column":null}},"line":12},"6":{"name":"(anonymous_6)","decl":{"start":{"line":13,"column":10},"end":{"line":13,"column":11}},"loc":{"start":{"line":13,"column":25},"end":{"line":13,"column":null}},"line":13},"7":{"name":"(anonymous_7)","decl":{"start":{"line":14,"column":12},"end":{"line":14,"column":13}},"loc":{"start":{"line":14,"column":27},"end":{"line":14,"column":null}},"line":14},"8":{"name":"(anonymous_8)","decl":{"start":{"line":15,"column":12},"end":{"line":15,"column":13}},"loc":{"start":{"line":15,"column":38},"end":{"line":15,"column":null}},"line":15},"9":{"name":"(anonymous_9)","decl":{"start":{"line":16,"column":11},"end":{"line":16,"column":12}},"loc":{"start":{"line":16,"column":26},"end":{"line":16,"column":null}},"line":16},"10":{"name":"(anonymous_10)","decl":{"start":{"line":17,"column":12},"end":{"line":17,"column":13}},"loc":{"start":{"line":17,"column":27},"end":{"line":17,"column":null}},"line":17},"11":{"name":"(anonymous_11)","decl":{"start":{"line":20,"column":12},"end":{"line":20,"column":13}},"loc":{"start":{"line":20,"column":38},"end":{"line":20,"column":null}},"line":20},"12":{"name":"(anonymous_12)","decl":{"start":{"line":21,"column":10},"end":{"line":21,"column":11}},"loc":{"start":{"line":21,"column":26},"end":{"line":21,"column":null}},"line":21},"13":{"name":"(anonymous_13)","decl":{"start":{"line":22,"column":9},"end":{"line":22,"column":10}},"loc":{"start":{"line":22,"column":24},"end":{"line":22,"column":null}},"line":22},"14":{"name":"(anonymous_14)","decl":{"start":{"line":23,"column":12},"end":{"line":23,"column":13}},"loc":{"start":{"line":23,"column":27},"end":{"line":23,"column":null}},"line":23},"15":{"name":"(anonymous_15)","decl":{"start":{"line":24,"column":12},"end":{"line":24,"column":13}},"loc":{"start":{"line":24,"column":38},"end":{"line":24,"column":null}},"line":24},"16":{"name":"(anonymous_16)","decl":{"start":{"line":25,"column":15},"end":{"line":25,"column":16}},"loc":{"start":{"line":25,"column":30},"end":{"line":25,"column":null}},"line":25},"17":{"name":"(anonymous_17)","decl":{"start":{"line":28,"column":10},"end":{"line":28,"column":16}},"loc":{"start":{"line":28,"column":16},"end":{"line":28,"column":null}},"line":28},"18":{"name":"(anonymous_18)","decl":{"start":{"line":29,"column":13},"end":{"line":29,"column":14}},"loc":{"start":{"line":29,"column":39},"end":{"line":29,"column":null}},"line":29},"19":{"name":"(anonymous_19)","decl":{"start":{"line":30,"column":11},"end":{"line":30,"column":17}},"loc":{"start":{"line":30,"column":17},"end":{"line":30,"column":null}},"line":30},"20":{"name":"(anonymous_20)","decl":{"start":{"line":33,"column":12},"end":{"line":33,"column":18}},"loc":{"start":{"line":33,"column":18},"end":{"line":33,"column":null}},"line":33},"21":{"name":"(anonymous_21)","decl":{"start":{"line":34,"column":12},"end":{"line":34,"column":13}},"loc":{"start":{"line":34,"column":28},"end":{"line":34,"column":null}},"line":34},"22":{"name":"(anonymous_22)","decl":{"start":{"line":35,"column":12},"end":{"line":35,"column":13}},"loc":{"start":{"line":35,"column":56},"end":{"line":35,"column":null}},"line":35},"23":{"name":"(anonymous_23)","decl":{"start":{"line":36,"column":15},"end":{"line":36,"column":16}},"loc":{"start":{"line":36,"column":52},"end":{"line":36,"column":null}},"line":36},"24":{"name":"(anonymous_24)","decl":{"start":{"line":37,"column":12},"end":{"line":37,"column":13}},"loc":{"start":{"line":37,"column":28},"end":{"line":37,"column":null}},"line":37},"25":{"name":"(anonymous_25)","decl":{"start":{"line":38,"column":13},"end":{"line":38,"column":14}},"loc":{"start":{"line":38,"column":32},"end":{"line":38,"column":null}},"line":38},"26":{"name":"(anonymous_26)","decl":{"start":{"line":39,"column":17},"end":{"line":39,"column":18}},"loc":{"start":{"line":39,"column":33},"end":{"line":39,"column":null}},"line":39},"27":{"name":"(anonymous_27)","decl":{"start":{"line":40,"column":20},"end":{"line":40,"column":21}},"loc":{"start":{"line":40,"column":36},"end":{"line":40,"column":null}},"line":40},"28":{"name":"(anonymous_28)","decl":{"start":{"line":43,"column":12},"end":{"line":43,"column":18}},"loc":{"start":{"line":43,"column":18},"end":{"line":43,"column":null}},"line":43},"29":{"name":"(anonymous_29)","decl":{"start":{"line":44,"column":12},"end":{"line":44,"column":13}},"loc":{"start":{"line":44,"column":66},"end":{"line":44,"column":null}},"line":44},"30":{"name":"(anonymous_30)","decl":{"start":{"line":45,"column":12},"end":{"line":45,"column":18}},"loc":{"start":{"line":45,"column":18},"end":{"line":45,"column":null}},"line":45},"31":{"name":"(anonymous_31)","decl":{"start":{"line":46,"column":12},"end":{"line":46,"column":13}},"loc":{"start":{"line":46,"column":35},"end":{"line":46,"column":null}},"line":46},"32":{"name":"(anonymous_32)","decl":{"start":{"line":47,"column":12},"end":{"line":47,"column":13}},"loc":{"start":{"line":47,"column":51},"end":{"line":47,"column":null}},"line":47},"33":{"name":"(anonymous_33)","decl":{"start":{"line":48,"column":12},"end":{"line":48,"column":13}},"loc":{"start":{"line":48,"column":50},"end":{"line":48,"column":null}},"line":48},"34":{"name":"(anonymous_34)","decl":{"start":{"line":49,"column":21},"end":{"line":49,"column":22}},"loc":{"start":{"line":49,"column":67},"end":{"line":49,"column":null}},"line":49},"35":{"name":"(anonymous_35)","decl":{"start":{"line":50,"column":18},"end":{"line":50,"column":19}},"loc":{"start":{"line":50,"column":59},"end":{"line":50,"column":null}},"line":50},"36":{"name":"(anonymous_36)","decl":{"start":{"line":53,"column":9},"end":{"line":53,"column":15}},"loc":{"start":{"line":53,"column":15},"end":{"line":53,"column":null}},"line":53},"37":{"name":"(anonymous_37)","decl":{"start":{"line":54,"column":10},"end":{"line":54,"column":11}},"loc":{"start":{"line":54,"column":42},"end":{"line":54,"column":null}},"line":54},"38":{"name":"(anonymous_38)","decl":{"start":{"line":55,"column":11},"end":{"line":55,"column":17}},"loc":{"start":{"line":55,"column":17},"end":{"line":55,"column":null}},"line":55},"39":{"name":"(anonymous_39)","decl":{"start":{"line":58,"column":10},"end":{"line":58,"column":16}},"loc":{"start":{"line":58,"column":16},"end":{"line":58,"column":null}},"line":58},"40":{"name":"(anonymous_40)","decl":{"start":{"line":59,"column":12},"end":{"line":59,"column":13}},"loc":{"start":{"line":59,"column":51},"end":{"line":59,"column":null}},"line":59},"41":{"name":"(anonymous_41)","decl":{"start":{"line":60,"column":13},"end":{"line":60,"column":14}},"loc":{"start":{"line":60,"column":57},"end":{"line":60,"column":null}},"line":60},"42":{"name":"(anonymous_42)","decl":{"start":{"line":61,"column":11},"end":{"line":61,"column":12}},"loc":{"start":{"line":61,"column":33},"end":{"line":61,"column":null}},"line":61},"43":{"name":"(anonymous_43)","decl":{"start":{"line":64,"column":10},"end":{"line":64,"column":11}},"loc":{"start":{"line":64,"column":174},"end":{"line":64,"column":null}},"line":64},"44":{"name":"(anonymous_44)","decl":{"start":{"line":65,"column":16},"end":{"line":65,"column":17}},"loc":{"start":{"line":65,"column":123},"end":{"line":65,"column":null}},"line":65},"45":{"name":"(anonymous_45)","decl":{"start":{"line":66,"column":17},"end":{"line":66,"column":18}},"loc":{"start":{"line":66,"column":34},"end":{"line":66,"column":null}},"line":66},"46":{"name":"(anonymous_46)","decl":{"start":{"line":67,"column":18},"end":{"line":67,"column":24}},"loc":{"start":{"line":67,"column":24},"end":{"line":67,"column":null}},"line":67},"47":{"name":"(anonymous_47)","decl":{"start":{"line":68,"column":19},"end":{"line":68,"column":20}},"loc":{"start":{"line":68,"column":36},"end":{"line":68,"column":null}},"line":68},"48":{"name":"(anonymous_48)","decl":{"start":{"line":71,"column":14},"end":{"line":71,"column":15}},"loc":{"start":{"line":71,"column":32},"end":{"line":71,"column":null}},"line":71},"49":{"name":"(anonymous_49)","decl":{"start":{"line":72,"column":15},"end":{"line":72,"column":16}},"loc":{"start":{"line":72,"column":50},"end":{"line":72,"column":null}},"line":72},"50":{"name":"(anonymous_50)","decl":{"start":{"line":73,"column":10},"end":{"line":73,"column":11}},"loc":{"start":{"line":73,"column":31},"end":{"line":73,"column":null}},"line":73},"51":{"name":"(anonymous_51)","decl":{"start":{"line":74,"column":10},"end":{"line":74,"column":11}},"loc":{"start":{"line":74,"column":43},"end":{"line":74,"column":null}},"line":74},"52":{"name":"(anonymous_52)","decl":{"start":{"line":77,"column":14},"end":{"line":77,"column":15}},"loc":{"start":{"line":77,"column":47},"end":{"line":77,"column":null}},"line":77},"53":{"name":"(anonymous_53)","decl":{"start":{"line":78,"column":11},"end":{"line":78,"column":12}},"loc":{"start":{"line":78,"column":44},"end":{"line":78,"column":null}},"line":78},"54":{"name":"(anonymous_54)","decl":{"start":{"line":80,"column":22},"end":{"line":80,"column":28}},"loc":{"start":{"line":80,"column":28},"end":{"line":80,"column":66}},"line":80}},"branchMap":{},"s":{"0":1,"1":0,"2":0,"3":0,"4":0,"5":0,"6":0,"7":0,"8":0,"9":0,"10":0,"11":0,"12":0,"13":0,"14":0,"15":0,"16":0,"17":0,"18":0,"19":0,"20":0,"21":0,"22":0,"23":0,"24":0,"25":0,"26":0,"27":0,"28":0,"29":0,"30":0,"31":0,"32":0,"33":0,"34":0,"35":0,"36":0,"37":0,"38":0,"39":0,"40":0,"41":0,"42":0,"43":0,"44":0,"45":0,"46":0,"47":0,"48":0,"49":0,"50":0,"51":0,"52":0,"53":0,"54":0,"55":0,"56":1},"f":{"0":0,"1":0,"2":0,"3":0,"4":0,"5":0,"6":0,"7":0,"8":0,"9":0,"10":0,"11":0,"12":0,"13":0,"14":0,"15":0,"16":0,"17":0,"18":0,"19":0,"20":0,"21":0,"22":0,"23":0,"24":0,"25":0,"26":0,"27":0,"28":0,"29":0,"30":0,"31":0,"32":0,"33":0,"34":0,"35":0,"36":0,"37":0,"38":0,"39":0,"40":0,"41":0,"42":0,"43":0,"44":0,"45":0,"46":0,"47":0,"48":0,"49":0,"50":0,"51":0,"52":0,"53":0,"54":0},"b":{},"meta":{"lastBranch":0,"lastFunction":55,"lastStatement":57,"seen":{"s:3:12:82:Infinity":0,"f:5:14:5:20":0,"s:5:20:5:Infinity":1,"f:6:14:6:20":1,"s:6:20:6:Infinity":2,"f:7:11:7:17":2,"s:7:17:7:Infinity":3,"f:8:17:8:23":3,"s:8:23:8:Infinity":4,"f:11:10:11:11":4,"s:11:25:11:Infinity":5,"f:12:11:12:12":5,"s:12:37:12:Infinity":6,"f:13:10:13:11":6,"s:13:25:13:Infinity":7,"f:14:12:14:13":7,"s:14:27:14:Infinity":8,"f:15:12:15:13":8,"s:15:38:15:Infinity":9,"f:16:11:16:12":9,"s:16:26:16:Infinity":10,"f:17:12:17:13":10,"s:17:27:17:Infinity":11,"f:20:12:20:13":11,"s:20:38:20:Infinity":12,"f:21:10:21:11":12,"s:21:26:21:Infinity":13,"f:22:9:22:10":13,"s:22:24:22:Infinity":14,"f:23:12:23:13":14,"s:23:27:23:Infinity":15,"f:24:12:24:13":15,"s:24:38:24:Infinity":16,"f:25:15:25:16":16,"s:25:30:25:Infinity":17,"f:28:10:28:16":17,"s:28:16:28:Infinity":18,"f:29:13:29:14":18,"s:29:39:29:Infinity":19,"f:30:11:30:17":19,"s:30:17:30:Infinity":20,"f:33:12:33:18":20,"s:33:18:33:Infinity":21,"f:34:12:34:13":21,"s:34:28:34:Infinity":22,"f:35:12:35:13":22,"s:35:56:35:Infinity":23,"f:36:15:36:16":23,"s:36:52:36:Infinity":24,"f:37:12:37:13":24,"s:37:28:37:Infinity":25,"f:38:13:38:14":25,"s:38:32:38:Infinity":26,"f:39:17:39:18":26,"s:39:33:39:Infinity":27,"f:40:20:40:21":27,"s:40:36:40:Infinity":28,"f:43:12:43:18":28,"s:43:18:43:Infinity":29,"f:44:12:44:13":29,"s:44:66:44:Infinity":30,"f:45:12:45:18":30,"s:45:18:45:Infinity":31,"f:46:12:46:13":31,"s:46:35:46:Infinity":32,"f:47:12:47:13":32,"s:47:51:47:Infinity":33,"f:48:12:48:13":33,"s:48:50:48:Infinity":34,"f:49:21:49:22":34,"s:49:67:49:Infinity":35,"f:50:18:50:19":35,"s:50:59:50:Infinity":36,"f:53:9:53:15":36,"s:53:15:53:Infinity":37,"f:54:10:54:11":37,"s:54:42:54:Infinity":38,"f:55:11:55:17":38,"s:55:17:55:Infinity":39,"f:58:10:58:16":39,"s:58:16:58:Infinity":40,"f:59:12:59:13":40,"s:59:51:59:Infinity":41,"f:60:13:60:14":41,"s:60:57:60:Infinity":42,"f:61:11:61:12":42,"s:61:33:61:Infinity":43,"f:64:10:64:11":43,"s:64:174:64:Infinity":44,"f:65:16:65:17":44,"s:65:123:65:Infinity":45,"f:66:17:66:18":45,"s:66:34:66:Infinity":46,"f:67:18:67:24":46,"s:67:24:67:Infinity":47,"f:68:19:68:20":47,"s:68:36:68:Infinity":48,"f:71:14:71:15":48,"s:71:32:71:Infinity":49,"f:72:15:72:16":49,"s:72:50:72:Infinity":50,"f:73:10:73:11":50,"s:73:31:73:Infinity":51,"f:74:10:74:11":51,"s:74:43:74:Infinity":52,"f:77:14:77:15":52,"s:77:47:77:Infinity":53,"f:78:11:78:12":53,"s:78:44:78:Infinity":54,"f:80:22:80:28":54,"s:80:28:80:66":55,"s:84:0:84:Infinity":56},"fnNames":{}}}
,"F:\\小说桌面端工具\\do-zhou\\src\\common\\error-reporting.ts": {"path":"F:\\小说桌面端工具\\do-zhou\\src\\common\\error-reporting.ts","statementMap":{"0":{"start":{"line":19,"column":37},"end":{"line":19,"column":null}},"1":{"start":{"line":22,"column":17},"end":{"line":22,"column":null}},"2":{"start":{"line":23,"column":2},"end":{"line":23,"column":null}},"3":{"start":{"line":23,"column":30},"end":{"line":23,"column":null}},"4":{"start":{"line":24,"column":4},"end":{"line":24,"column":null}},"5":{"start":{"line":27,"column":2},"end":{"line":30,"column":null}},"6":{"start":{"line":28,"column":4},"end":{"line":28,"column":null}},"7":{"start":{"line":29,"column":4},"end":{"line":29,"column":null}},"8":{"start":{"line":33,"column":2},"end":{"line":37,"column":null}},"9":{"start":{"line":34,"column":16},"end":{"line":34,"column":null}},"10":{"start":{"line":35,"column":4},"end":{"line":35,"column":null}},"11":{"start":{"line":36,"column":4},"end":{"line":36,"column":null}},"12":{"start":{"line":41,"column":18},"end":{"line":41,"column":null}},"13":{"start":{"line":42,"column":2},"end":{"line":42,"column":null}},"14":{"start":{"line":42,"column":15},"end":{"line":42,"column":null}},"15":{"start":{"line":44,"column":2},"end":{"line":50,"column":null}},"16":{"start":{"line":45,"column":20},"end":{"line":45,"column":null}},"17":{"start":{"line":46,"column":17},"end":{"line":46,"column":null}},"18":{"start":{"line":47,"column":4},"end":{"line":47,"column":null}},"19":{"start":{"line":57,"column":2},"end":{"line":57,"column":null}}},"fnMap":{"0":{"name":"initErrorReporting","decl":{"start":{"line":21,"column":16},"end":{"line":21,"column":35}},"loc":{"start":{"line":21,"column":59},"end":{"line":38,"column":null}},"line":21},"1":{"name":"(anonymous_1)","decl":{"start":{"line":27,"column":34},"end":{"line":27,"column":35}},"loc":{"start":{"line":27,"column":52},"end":{"line":30,"column":3}},"line":27},"2":{"name":"(anonymous_2)","decl":{"start":{"line":33,"column":35},"end":{"line":33,"column":36}},"loc":{"start":{"line":33,"column":56},"end":{"line":37,"column":3}},"line":33},"3":{"name":"logError","decl":{"start":{"line":40,"column":9},"end":{"line":40,"column":18}},"loc":{"start":{"line":40,"column":45},"end":{"line":51,"column":null}},"line":40},"4":{"name":"reportRendererError","decl":{"start":{"line":56,"column":16},"end":{"line":56,"column":36}},"loc":{"start":{"line":56,"column":75},"end":{"line":58,"column":null}},"line":56}},"branchMap":{"0":{"loc":{"start":{"line":23,"column":2},"end":{"line":23,"column":null}},"type":"if","locations":[{"start":{"line":23,"column":2},"end":{"line":23,"column":null}},{"start":{},"end":{}}],"line":23},"1":{"loc":{"start":{"line":34,"column":16},"end":{"line":34,"column":null}},"type":"cond-expr","locations":[{"start":{"line":34,"column":42},"end":{"line":34,"column":59}},{"start":{"line":34,"column":59},"end":{"line":34,"column":null}}],"line":34},"2":{"loc":{"start":{"line":35,"column":101},"end":{"line":35,"column":152}},"type":"cond-expr","locations":[{"start":{"line":35,"column":127},"end":{"line":35,"column":142}},{"start":{"line":35,"column":142},"end":{"line":35,"column":152}}],"line":35},"3":{"loc":{"start":{"line":42,"column":2},"end":{"line":42,"column":null}},"type":"if","locations":[{"start":{"line":42,"column":2},"end":{"line":42,"column":null}},{"start":{},"end":{}}],"line":42}},"s":{"0":1,"1":1,"2":1,"3":1,"4":1,"5":1,"6":0,"7":0,"8":1,"9":0,"10":0,"11":0,"12":1,"13":1,"14":0,"15":1,"16":1,"17":1,"18":1,"19":1},"f":{"0":1,"1":0,"2":0,"3":1,"4":1},"b":{"0":[1,0],"1":[0,0],"2":[0,0],"3":[0,1]},"meta":{"lastBranch":4,"lastFunction":5,"lastStatement":20,"seen":{"s:19:37:19:Infinity":0,"f:21:16:21:35":0,"s:22:17:22:Infinity":1,"b:23:2:23:Infinity:undefined:undefined:undefined:undefined":0,"s:23:2:23:Infinity":2,"s:23:30:23:Infinity":3,"s:24:4:24:Infinity":4,"s:27:2:30:Infinity":5,"f:27:34:27:35":1,"s:28:4:28:Infinity":6,"s:29:4:29:Infinity":7,"s:33:2:37:Infinity":8,"f:33:35:33:36":2,"s:34:16:34:Infinity":9,"b:34:42:34:59:34:59:34:Infinity":1,"s:35:4:35:Infinity":10,"b:35:127:35:142:35:142:35:152":2,"s:36:4:36:Infinity":11,"f:40:9:40:18":3,"s:41:18:41:Infinity":12,"b:42:2:42:Infinity:undefined:undefined:undefined:undefined":3,"s:42:2:42:Infinity":13,"s:42:15:42:Infinity":14,"s:44:2:50:Infinity":15,"s:45:20:45:Infinity":16,"s:46:17:46:Infinity":17,"s:47:4:47:Infinity":18,"f:56:16:56:36":4,"s:57:2:57:Infinity":19},"fnNames":{}}}
,"F:\\小说桌面端工具\\do-zhou\\src\\main\\updater.ts": {"path":"F:\\小说桌面端工具\\do-zhou\\src\\main\\updater.ts","statementMap":{"0":{"start":{"line":10,"column":68},"end":{"line":10,"column":null}},"1":{"start":{"line":14,"column":2},"end":{"line":14,"column":null}},"2":{"start":{"line":14,"column":23},"end":{"line":14,"column":null}},"3":{"start":{"line":16,"column":2},"end":{"line":25,"column":null}},"4":{"start":{"line":18,"column":32},"end":{"line":18,"column":null}},"5":{"start":{"line":19,"column":4},"end":{"line":19,"column":null}},"6":{"start":{"line":21,"column":4},"end":{"line":21,"column":null}},"7":{"start":{"line":22,"column":4},"end":{"line":22,"column":null}},"8":{"start":{"line":24,"column":4},"end":{"line":24,"column":null}},"9":{"start":{"line":29,"column":2},"end":{"line":32,"column":null}},"10":{"start":{"line":30,"column":4},"end":{"line":30,"column":null}},"11":{"start":{"line":31,"column":4},"end":{"line":31,"column":null}},"12":{"start":{"line":33,"column":2},"end":{"line":33,"column":null}}},"fnMap":{"0":{"name":"initAutoUpdater","decl":{"start":{"line":12,"column":16},"end":{"line":12,"column":40}},"loc":{"start":{"line":12,"column":40},"end":{"line":26,"column":null}},"line":12},"1":{"name":"checkForUpdates","decl":{"start":{"line":28,"column":16},"end":{"line":28,"column":40}},"loc":{"start":{"line":28,"column":40},"end":{"line":34,"column":null}},"line":28}},"branchMap":{"0":{"loc":{"start":{"line":14,"column":2},"end":{"line":14,"column":null}},"type":"if","locations":[{"start":{"line":14,"column":2},"end":{"line":14,"column":null}},{"start":{},"end":{}}],"line":14},"1":{"loc":{"start":{"line":29,"column":2},"end":{"line":32,"column":null}},"type":"if","locations":[{"start":{"line":29,"column":2},"end":{"line":32,"column":null}},{"start":{},"end":{}}],"line":29}},"s":{"0":0,"1":0,"2":0,"3":0,"4":0,"5":0,"6":0,"7":0,"8":0,"9":0,"10":0,"11":0,"12":0},"f":{"0":0,"1":0},"b":{"0":[0,0],"1":[0,0]},"meta":{"lastBranch":2,"lastFunction":2,"lastStatement":13,"seen":{"s:10:68:10:Infinity":0,"f:12:16:12:40":0,"b:14:2:14:Infinity:undefined:undefined:undefined:undefined":0,"s:14:2:14:Infinity":1,"s:14:23:14:Infinity":2,"s:16:2:25:Infinity":3,"s:18:32:18:Infinity":4,"s:19:4:19:Infinity":5,"s:21:4:21:Infinity":6,"s:22:4:22:Infinity":7,"s:24:4:24:Infinity":8,"f:28:16:28:40":1,"b:29:2:32:Infinity:undefined:undefined:undefined:undefined":1,"s:29:2:32:Infinity":9,"s:30:4:30:Infinity":10,"s:31:4:31:Infinity":11,"s:33:2:33:Infinity":12},"fnNames":{}}}
,"F:\\小说桌面端工具\\do-zhou\\src\\main\\engine\\engine-factory.ts": {"path":"F:\\小说桌面端工具\\do-zhou\\src\\main\\engine\\engine-factory.ts","statementMap":{"0":{"start":{"line":23,"column":24},"end":{"line":23,"column":null}},"1":{"start":{"line":26,"column":2},"end":{"line":26,"column":null}},"2":{"start":{"line":26,"column":49},"end":{"line":26,"column":null}},"3":{"start":{"line":27,"column":2},"end":{"line":27,"column":null}},"4":{"start":{"line":27,"column":35},"end":{"line":27,"column":68}},"5":{"start":{"line":31,"column":21},"end":{"line":31,"column":null}},"6":{"start":{"line":32,"column":17},"end":{"line":32,"column":null}},"7":{"start":{"line":33,"column":21},"end":{"line":33,"column":null}},"8":{"start":{"line":36,"column":2},"end":{"line":41,"column":null}},"9":{"start":{"line":36,"column":21},"end":{"line":36,"column":24}},"10":{"start":{"line":37,"column":19},"end":{"line":37,"column":null}},"11":{"start":{"line":38,"column":4},"end":{"line":38,"column":null}},"12":{"start":{"line":38,"column":23},"end":{"line":38,"column":null}},"13":{"start":{"line":39,"column":4},"end":{"line":39,"column":null}},"14":{"start":{"line":40,"column":4},"end":{"line":40,"column":null}},"15":{"start":{"line":40,"column":30},"end":{"line":40,"column":null}},"16":{"start":{"line":40,"column":53},"end":{"line":40,"column":88}},"17":{"start":{"line":42,"column":2},"end":{"line":42,"column":null}},"18":{"start":{"line":46,"column":46},"end":{"line":46,"column":null}},"19":{"start":{"line":47,"column":2},"end":{"line":49,"column":null}},"20":{"start":{"line":48,"column":4},"end":{"line":48,"column":null}},"21":{"start":{"line":50,"column":2},"end":{"line":53,"column":null}},"22":{"start":{"line":51,"column":20},"end":{"line":51,"column":null}},"23":{"start":{"line":52,"column":4},"end":{"line":52,"column":null}},"24":{"start":{"line":53,"column":16},"end":{"line":53,"column":101}},"25":{"start":{"line":57,"column":17},"end":{"line":57,"column":null}},"26":{"start":{"line":58,"column":2},"end":{"line":67,"column":null}},"27":{"start":{"line":59,"column":17},"end":{"line":61,"column":null}},"28":{"start":{"line":62,"column":4},"end":{"line":62,"column":null}},"29":{"start":{"line":62,"column":18},"end":{"line":62,"column":null}},"30":{"start":{"line":63,"column":4},"end":{"line":63,"column":null}},"31":{"start":{"line":63,"column":31},"end":{"line":63,"column":null}},"32":{"start":{"line":64,"column":17},"end":{"line":64,"column":null}},"33":{"start":{"line":65,"column":20},"end":{"line":65,"column":null}},"34":{"start":{"line":66,"column":4},"end":{"line":66,"column":null}},"35":{"start":{"line":67,"column":16},"end":{"line":67,"column":104}},"36":{"start":{"line":71,"column":2},"end":{"line":71,"column":null}},"37":{"start":{"line":71,"column":20},"end":{"line":71,"column":60}},"38":{"start":{"line":71,"column":60},"end":{"line":71,"column":67}},"39":{"start":{"line":72,"column":17},"end":{"line":72,"column":40}},"40":{"start":{"line":72,"column":56},"end":{"line":72,"column":75}},"41":{"start":{"line":72,"column":85},"end":{"line":72,"column":null}},"42":{"start":{"line":73,"column":2},"end":{"line":76,"column":null}},"43":{"start":{"line":73,"column":41},"end":{"line":73,"column":62}},"44":{"start":{"line":73,"column":62},"end":{"line":73,"column":null}},"45":{"start":{"line":73,"column":72},"end":{"line":73,"column":null}},"46":{"start":{"line":74,"column":4},"end":{"line":74,"column":52}},"47":{"start":{"line":74,"column":66},"end":{"line":74,"column":83}},"48":{"start":{"line":74,"column":83},"end":{"line":74,"column":null}},"49":{"start":{"line":75,"column":4},"end":{"line":76,"column":158}},"50":{"start":{"line":75,"column":32},"end":{"line":75,"column":74}},"51":{"start":{"line":75,"column":64},"end":{"line":75,"column":74}},"52":{"start":{"line":75,"column":84},"end":{"line":75,"column":106}},"53":{"start":{"line":75,"column":106},"end":{"line":75,"column":null}},"54":{"start":{"line":75,"column":128},"end":{"line":75,"column":152}},"55":{"start":{"line":75,"column":152},"end":{"line":75,"column":159}},"56":{"start":{"line":76,"column":6},"end":{"line":76,"column":156}},"57":{"start":{"line":76,"column":22},"end":{"line":76,"column":37}},"58":{"start":{"line":76,"column":51},"end":{"line":76,"column":83}},"59":{"start":{"line":76,"column":83},"end":{"line":76,"column":133}},"60":{"start":{"line":76,"column":94},"end":{"line":76,"column":133}},"61":{"start":{"line":77,"column":2},"end":{"line":77,"column":null}}},"fnMap":{"0":{"name":"isClaude","decl":{"start":{"line":25,"column":9},"end":{"line":25,"column":18}},"loc":{"start":{"line":25,"column":62},"end":{"line":28,"column":null}},"line":25},"1":{"name":"(anonymous_1)","decl":{"start":{"line":27,"column":30},"end":{"line":27,"column":35}},"loc":{"start":{"line":27,"column":35},"end":{"line":27,"column":68}},"line":27},"2":{"name":"createEngine","decl":{"start":{"line":30,"column":22},"end":{"line":30,"column":35}},"loc":{"start":{"line":30,"column":78},"end":{"line":43,"column":null}},"line":30},"3":{"name":"(anonymous_3)","decl":{"start":{"line":40,"column":48},"end":{"line":40,"column":53}},"loc":{"start":{"line":40,"column":53},"end":{"line":40,"column":88}},"line":40},"4":{"name":"doClaude","decl":{"start":{"line":45,"column":15},"end":{"line":45,"column":24}},"loc":{"start":{"line":45,"column":67},"end":{"line":54,"column":null}},"line":45},"5":{"name":"doUniversal","decl":{"start":{"line":56,"column":15},"end":{"line":56,"column":27}},"loc":{"start":{"line":56,"column":70},"end":{"line":68,"column":null}},"line":56},"6":{"name":"parseStream","decl":{"start":{"line":70,"column":16},"end":{"line":70,"column":28}},"loc":{"start":{"line":70,"column":73},"end":{"line":78,"column":null}},"line":70}},"branchMap":{"0":{"loc":{"start":{"line":26,"column":2},"end":{"line":26,"column":null}},"type":"if","locations":[{"start":{"line":26,"column":2},"end":{"line":26,"column":null}},{"start":{},"end":{}}],"line":26},"1":{"loc":{"start":{"line":31,"column":21},"end":{"line":31,"column":null}},"type":"cond-expr","locations":[{"start":{"line":31,"column":59},"end":{"line":31,"column":70}},{"start":{"line":31,"column":70},"end":{"line":31,"column":null}}],"line":31},"2":{"loc":{"start":{"line":32,"column":17},"end":{"line":32,"column":null}},"type":"cond-expr","locations":[{"start":{"line":32,"column":21},"end":{"line":32,"column":92}},{"start":{"line":32,"column":92},"end":{"line":32,"column":null}}],"line":32},"3":{"loc":{"start":{"line":33,"column":21},"end":{"line":33,"column":null}},"type":"binary-expr","locations":[{"start":{"line":33,"column":21},"end":{"line":33,"column":39}},{"start":{"line":33,"column":39},"end":{"line":33,"column":null}}],"line":33},"4":{"loc":{"start":{"line":37,"column":19},"end":{"line":37,"column":null}},"type":"cond-expr","locations":[{"start":{"line":37,"column":45},"end":{"line":37,"column":67}},{"start":{"line":37,"column":67},"end":{"line":37,"column":null}}],"line":37},"5":{"loc":{"start":{"line":38,"column":4},"end":{"line":38,"column":null}},"type":"if","locations":[{"start":{"line":38,"column":4},"end":{"line":38,"column":null}},{"start":{},"end":{}}],"line":38},"6":{"loc":{"start":{"line":40,"column":4},"end":{"line":40,"column":null}},"type":"if","locations":[{"start":{"line":40,"column":4},"end":{"line":40,"column":null}},{"start":{},"end":{}}],"line":40},"7":{"loc":{"start":{"line":47,"column":2},"end":{"line":49,"column":null}},"type":"if","locations":[{"start":{"line":47,"column":2},"end":{"line":49,"column":null}},{"start":{},"end":{}}],"line":47},"8":{"loc":{"start":{"line":57,"column":17},"end":{"line":57,"column":null}},"type":"binary-expr","locations":[{"start":{"line":57,"column":17},"end":{"line":57,"column":31}},{"start":{"line":57,"column":31},"end":{"line":57,"column":null}}],"line":57},"9":{"loc":{"start":{"line":62,"column":4},"end":{"line":62,"column":null}},"type":"if","locations":[{"start":{"line":62,"column":4},"end":{"line":62,"column":null}},{"start":{},"end":{}}],"line":62},"10":{"loc":{"start":{"line":63,"column":4},"end":{"line":63,"column":null}},"type":"if","locations":[{"start":{"line":63,"column":4},"end":{"line":63,"column":null}},{"start":{},"end":{}}],"line":63},"11":{"loc":{"start":{"line":66,"column":71},"end":{"line":66,"column":108}},"type":"binary-expr","locations":[{"start":{"line":66,"column":71},"end":{"line":66,"column":105}},{"start":{"line":66,"column":105},"end":{"line":66,"column":108}}],"line":66},"12":{"loc":{"start":{"line":71,"column":2},"end":{"line":71,"column":null}},"type":"if","locations":[{"start":{"line":71,"column":2},"end":{"line":71,"column":null}},{"start":{},"end":{}}],"line":71},"13":{"loc":{"start":{"line":73,"column":62},"end":{"line":73,"column":null}},"type":"if","locations":[{"start":{"line":73,"column":62},"end":{"line":73,"column":null}},{"start":{},"end":{}}],"line":73},"14":{"loc":{"start":{"line":74,"column":89},"end":{"line":74,"column":null}},"type":"binary-expr","locations":[{"start":{"line":74,"column":89},"end":{"line":74,"column":104}},{"start":{"line":74,"column":104},"end":{"line":74,"column":null}}],"line":74},"15":{"loc":{"start":{"line":75,"column":32},"end":{"line":75,"column":74}},"type":"if","locations":[{"start":{"line":75,"column":32},"end":{"line":75,"column":74}},{"start":{},"end":{}}],"line":75},"16":{"loc":{"start":{"line":75,"column":106},"end":{"line":75,"column":null}},"type":"if","locations":[{"start":{"line":75,"column":106},"end":{"line":75,"column":null}},{"start":{},"end":{}}],"line":75},"17":{"loc":{"start":{"line":76,"column":83},"end":{"line":76,"column":133}},"type":"if","locations":[{"start":{"line":76,"column":83},"end":{"line":76,"column":133}},{"start":{},"end":{}}],"line":76}},"s":{"0":1,"1":2,"2":0,"3":2,"4":2,"5":2,"6":2,"7":2,"8":2,"9":2,"10":2,"11":0,"12":0,"13":0,"14":0,"15":0,"16":0,"17":0,"18":2,"19":2,"20":0,"21":2,"22":2,"23":2,"24":0,"25":0,"26":0,"27":0,"28":0,"29":0,"30":0,"31":0,"32":0,"33":0,"34":0,"35":0,"36":0,"37":0,"38":0,"39":0,"40":0,"41":0,"42":0,"43":0,"44":0,"45":0,"46":0,"47":0,"48":0,"49":0,"50":0,"51":0,"52":0,"53":0,"54":0,"55":0,"56":0,"57":0,"58":0,"59":0,"60":0,"61":0},"f":{"0":2,"1":2,"2":2,"3":0,"4":2,"5":0,"6":0},"b":{"0":[0,2],"1":[2,0],"2":[1,1],"3":[2,2],"4":[2,0],"5":[2,-2],"6":[0,0],"7":[0,2],"8":[0,0],"9":[0,0],"10":[0,0],"11":[0,0],"12":[0,0],"13":[0,0],"14":[0,0],"15":[0,0],"16":[0,0],"17":[0,0]},"meta":{"lastBranch":18,"lastFunction":7,"lastStatement":62,"seen":{"s:23:24:23:Infinity":0,"f:25:9:25:18":0,"b:26:2:26:Infinity:undefined:undefined:undefined:undefined":0,"s:26:2:26:Infinity":1,"s:26:49:26:Infinity":2,"s:27:2:27:Infinity":3,"f:27:30:27:35":1,"s:27:35:27:68":4,"f:30:22:30:35":2,"s:31:21:31:Infinity":5,"b:31:59:31:70:31:70:31:Infinity":1,"s:32:17:32:Infinity":6,"b:32:21:32:92:32:92:32:Infinity":2,"s:33:21:33:Infinity":7,"b:33:21:33:39:33:39:33:Infinity":3,"s:36:2:41:Infinity":8,"s:36:21:36:24":9,"s:37:19:37:Infinity":10,"b:37:45:37:67:37:67:37:Infinity":4,"b:38:4:38:Infinity:undefined:undefined:undefined:undefined":5,"s:38:4:38:Infinity":11,"s:38:23:38:Infinity":12,"s:39:4:39:Infinity":13,"b:40:4:40:Infinity:undefined:undefined:undefined:undefined":6,"s:40:4:40:Infinity":14,"s:40:30:40:Infinity":15,"f:40:48:40:53":3,"s:40:53:40:88":16,"s:42:2:42:Infinity":17,"f:45:15:45:24":4,"s:46:46:46:Infinity":18,"b:47:2:49:Infinity:undefined:undefined:undefined:undefined":7,"s:47:2:49:Infinity":19,"s:48:4:48:Infinity":20,"s:50:2:53:Infinity":21,"s:51:20:51:Infinity":22,"s:52:4:52:Infinity":23,"s:53:16:53:101":24,"f:56:15:56:27":5,"s:57:17:57:Infinity":25,"b:57:17:57:31:57:31:57:Infinity":8,"s:58:2:67:Infinity":26,"s:59:17:61:Infinity":27,"b:62:4:62:Infinity:undefined:undefined:undefined:undefined":9,"s:62:4:62:Infinity":28,"s:62:18:62:Infinity":29,"b:63:4:63:Infinity:undefined:undefined:undefined:undefined":10,"s:63:4:63:Infinity":30,"s:63:31:63:Infinity":31,"s:64:17:64:Infinity":32,"s:65:20:65:Infinity":33,"s:66:4:66:Infinity":34,"b:66:71:66:105:66:105:66:108":11,"s:67:16:67:104":35,"f:70:16:70:28":6,"b:71:2:71:Infinity:undefined:undefined:undefined:undefined":12,"s:71:2:71:Infinity":36,"s:71:20:71:60":37,"s:71:60:71:67":38,"s:72:17:72:40":39,"s:72:56:72:75":40,"s:72:85:72:Infinity":41,"s:73:2:76:Infinity":42,"s:73:41:73:62":43,"b:73:62:73:Infinity:undefined:undefined:undefined:undefined":13,"s:73:62:73:Infinity":44,"s:73:72:73:Infinity":45,"s:74:4:74:52":46,"s:74:66:74:83":47,"s:74:83:74:Infinity":48,"b:74:89:74:104:74:104:74:Infinity":14,"s:75:4:76:158":49,"b:75:32:75:74:undefined:undefined:undefined:undefined":15,"s:75:32:75:74":50,"s:75:64:75:74":51,"s:75:84:75:106":52,"b:75:106:75:Infinity:undefined:undefined:undefined:undefined":16,"s:75:106:75:Infinity":53,"s:75:128:75:152":54,"s:75:152:75:159":55,"s:76:6:76:156":56,"s:76:22:76:37":57,"s:76:51:76:83":58,"b:76:83:76:133:undefined:undefined:undefined:undefined":17,"s:76:83:76:133":59,"s:76:94:76:133":60,"s:77:2:77:Infinity":61},"fnNames":{}}}
,"F:\\小说桌面端工具\\do-zhou\\src\\main\\engine\\types.ts": {"path":"F:\\小说桌面端工具\\do-zhou\\src\\main\\engine\\types.ts","statementMap":{},"fnMap":{},"branchMap":{},"s":{},"f":{},"b":{},"meta":{"lastBranch":0,"lastFunction":0,"lastStatement":0,"seen":{},"fnNames":{}}}
,"F:\\小说桌面端工具\\do-zhou\\src\\main\\engine\\claude\\claude-engine.ts": {"path":"F:\\小说桌面端工具\\do-zhou\\src\\main\\engine\\claude\\claude-engine.ts","statementMap":{"0":{"start":{"line":37,"column":60},"end":{"line":37,"column":null}},"1":{"start":{"line":40,"column":40},"end":{"line":46,"column":null}},"2":{"start":{"line":48,"column":2},"end":{"line":54,"column":null}},"3":{"start":{"line":49,"column":4},"end":{"line":53,"column":null}},"4":{"start":{"line":49,"column":33},"end":{"line":53,"column":6}},"5":{"start":{"line":56,"column":2},"end":{"line":126,"column":null}},"6":{"start":{"line":57,"column":21},"end":{"line":66,"column":null}},"7":{"start":{"line":68,"column":4},"end":{"line":72,"column":null}},"8":{"start":{"line":69,"column":22},"end":{"line":69,"column":null}},"9":{"start":{"line":70,"column":6},"end":{"line":70,"column":null}},"10":{"start":{"line":71,"column":6},"end":{"line":71,"column":null}},"11":{"start":{"line":74,"column":4},"end":{"line":77,"column":null}},"12":{"start":{"line":75,"column":6},"end":{"line":75,"column":null}},"13":{"start":{"line":76,"column":6},"end":{"line":76,"column":null}},"14":{"start":{"line":80,"column":19},"end":{"line":80,"column":null}},"15":{"start":{"line":81,"column":20},"end":{"line":81,"column":null}},"16":{"start":{"line":82,"column":17},"end":{"line":82,"column":null}},"17":{"start":{"line":84,"column":4},"end":{"line":121,"column":null}},"18":{"start":{"line":85,"column":30},"end":{"line":85,"column":null}},"19":{"start":{"line":86,"column":6},"end":{"line":86,"column":null}},"20":{"start":{"line":86,"column":16},"end":{"line":86,"column":null}},"21":{"start":{"line":88,"column":6},"end":{"line":88,"column":null}},"22":{"start":{"line":89,"column":20},"end":{"line":89,"column":null}},"23":{"start":{"line":90,"column":6},"end":{"line":90,"column":null}},"24":{"start":{"line":92,"column":6},"end":{"line":120,"column":null}},"25":{"start":{"line":93,"column":8},"end":{"line":93,"column":null}},"26":{"start":{"line":93,"column":40},"end":{"line":93,"column":null}},"27":{"start":{"line":94,"column":21},"end":{"line":94,"column":null}},"28":{"start":{"line":95,"column":8},"end":{"line":95,"column":null}},"29":{"start":{"line":95,"column":33},"end":{"line":95,"column":57}},"30":{"start":{"line":95,"column":57},"end":{"line":95,"column":64}},"31":{"start":{"line":97,"column":8},"end":{"line":119,"column":null}},"32":{"start":{"line":98,"column":24},"end":{"line":98,"column":null}},"33":{"start":{"line":101,"column":10},"end":{"line":116,"column":null}},"34":{"start":{"line":102,"column":12},"end":{"line":102,"column":null}},"35":{"start":{"line":103,"column":10},"end":{"line":116,"column":null}},"36":{"start":{"line":106,"column":12},"end":{"line":110,"column":null}},"37":{"start":{"line":111,"column":10},"end":{"line":116,"column":null}},"38":{"start":{"line":114,"column":12},"end":{"line":114,"column":null}},"39":{"start":{"line":115,"column":12},"end":{"line":115,"column":null}},"40":{"start":{"line":123,"column":4},"end":{"line":123,"column":null}},"41":{"start":{"line":125,"column":4},"end":{"line":125,"column":null}},"42":{"start":{"line":139,"column":19},"end":{"line":152,"column":null}},"43":{"start":{"line":154,"column":2},"end":{"line":156,"column":null}},"44":{"start":{"line":155,"column":4},"end":{"line":155,"column":null}},"45":{"start":{"line":158,"column":15},"end":{"line":158,"column":null}},"46":{"start":{"line":159,"column":19},"end":{"line":159,"column":null}},"47":{"start":{"line":160,"column":2},"end":{"line":160,"column":null}}},"fnMap":{"0":{"name":"runClaudeEngine","decl":{"start":{"line":36,"column":23},"end":{"line":36,"column":39}},"loc":{"start":{"line":36,"column":96},"end":{"line":127,"column":null}},"line":36},"1":{"name":"(anonymous_1)","decl":{"start":{"line":49,"column":27},"end":{"line":49,"column":33}},"loc":{"start":{"line":49,"column":33},"end":{"line":53,"column":6}},"line":49},"2":{"name":"callClaudeOnce","decl":{"start":{"line":132,"column":22},"end":{"line":132,"column":null}},"loc":{"start":{"line":138,"column":19},"end":{"line":161,"column":null}},"line":138}},"branchMap":{"0":{"loc":{"start":{"line":48,"column":2},"end":{"line":54,"column":null}},"type":"if","locations":[{"start":{"line":48,"column":2},"end":{"line":54,"column":null}},{"start":{},"end":{}}],"line":48},"1":{"loc":{"start":{"line":48,"column":6},"end":{"line":48,"column":33}},"type":"binary-expr","locations":[{"start":{"line":48,"column":6},"end":{"line":48,"column":15}},{"start":{"line":48,"column":15},"end":{"line":48,"column":33}}],"line":48},"2":{"loc":{"start":{"line":68,"column":4},"end":{"line":72,"column":null}},"type":"if","locations":[{"start":{"line":68,"column":4},"end":{"line":72,"column":null}},{"start":{},"end":{}}],"line":68},"3":{"loc":{"start":{"line":74,"column":4},"end":{"line":77,"column":null}},"type":"if","locations":[{"start":{"line":74,"column":4},"end":{"line":77,"column":null}},{"start":{},"end":{}}],"line":74},"4":{"loc":{"start":{"line":86,"column":6},"end":{"line":86,"column":null}},"type":"if","locations":[{"start":{"line":86,"column":6},"end":{"line":86,"column":null}},{"start":{},"end":{}}],"line":86},"5":{"loc":{"start":{"line":90,"column":15},"end":{"line":90,"column":null}},"type":"binary-expr","locations":[{"start":{"line":90,"column":15},"end":{"line":90,"column":30}},{"start":{"line":90,"column":30},"end":{"line":90,"column":null}}],"line":90},"6":{"loc":{"start":{"line":93,"column":8},"end":{"line":93,"column":null}},"type":"if","locations":[{"start":{"line":93,"column":8},"end":{"line":93,"column":null}},{"start":{},"end":{}}],"line":93},"7":{"loc":{"start":{"line":95,"column":8},"end":{"line":95,"column":null}},"type":"if","locations":[{"start":{"line":95,"column":8},"end":{"line":95,"column":null}},{"start":{},"end":{}}],"line":95},"8":{"loc":{"start":{"line":101,"column":10},"end":{"line":116,"column":null}},"type":"if","locations":[{"start":{"line":101,"column":10},"end":{"line":116,"column":null}},{"start":{"line":103,"column":10},"end":{"line":116,"column":null}}],"line":101},"9":{"loc":{"start":{"line":101,"column":14},"end":{"line":101,"column":73}},"type":"binary-expr","locations":[{"start":{"line":101,"column":14},"end":{"line":101,"column":54}},{"start":{"line":101,"column":54},"end":{"line":101,"column":73}}],"line":101},"10":{"loc":{"start":{"line":103,"column":10},"end":{"line":116,"column":null}},"type":"if","locations":[{"start":{"line":103,"column":10},"end":{"line":116,"column":null}},{"start":{"line":111,"column":10},"end":{"line":116,"column":null}}],"line":103},"11":{"loc":{"start":{"line":105,"column":19},"end":{"line":105,"column":101}},"type":"binary-expr","locations":[{"start":{"line":105,"column":19},"end":{"line":105,"column":59}},{"start":{"line":105,"column":59},"end":{"line":105,"column":101}}],"line":105},"12":{"loc":{"start":{"line":111,"column":10},"end":{"line":116,"column":null}},"type":"if","locations":[{"start":{"line":111,"column":10},"end":{"line":116,"column":null}},{"start":{},"end":{}}],"line":111},"13":{"loc":{"start":{"line":137,"column":2},"end":{"line":137,"column":null}},"type":"default-arg","locations":[{"start":{"line":137,"column":22},"end":{"line":137,"column":null}}],"line":137},"14":{"loc":{"start":{"line":154,"column":2},"end":{"line":156,"column":null}},"type":"if","locations":[{"start":{"line":154,"column":2},"end":{"line":156,"column":null}},{"start":{},"end":{}}],"line":154},"15":{"loc":{"start":{"line":160,"column":9},"end":{"line":160,"column":null}},"type":"binary-expr","locations":[{"start":{"line":160,"column":9},"end":{"line":160,"column":31}},{"start":{"line":160,"column":31},"end":{"line":160,"column":null}}],"line":160}},"s":{"0":0,"1":0,"2":0,"3":0,"4":0,"5":0,"6":0,"7":0,"8":0,"9":0,"10":0,"11":0,"12":0,"13":0,"14":0,"15":0,"16":0,"17":0,"18":0,"19":0,"20":0,"21":0,"22":0,"23":0,"24":0,"25":0,"26":0,"27":0,"28":0,"29":0,"30":0,"31":0,"32":0,"33":0,"34":0,"35":0,"36":0,"37":0,"38":0,"39":0,"40":0,"41":0,"42":0,"43":0,"44":0,"45":0,"46":0,"47":0},"f":{"0":0,"1":0,"2":0},"b":{"0":[0,0],"1":[0,0],"2":[0,0],"3":[0,0],"4":[0,0],"5":[0,0],"6":[0,0],"7":[0,0],"8":[0,0],"9":[0,0],"10":[0,0],"11":[0,0],"12":[0,0],"13":[0],"14":[0,0],"15":[0,0]},"meta":{"lastBranch":16,"lastFunction":3,"lastStatement":48,"seen":{"f:36:23:36:39":0,"s:37:60:37:Infinity":0,"s:40:40:46:Infinity":1,"b:48:2:54:Infinity:undefined:undefined:undefined:undefined":0,"s:48:2:54:Infinity":2,"b:48:6:48:15:48:15:48:33":1,"s:49:4:53:Infinity":3,"f:49:27:49:33":1,"s:49:33:53:6":4,"s:56:2:126:Infinity":5,"s:57:21:66:Infinity":6,"b:68:4:72:Infinity:undefined:undefined:undefined:undefined":2,"s:68:4:72:Infinity":7,"s:69:22:69:Infinity":8,"s:70:6:70:Infinity":9,"s:71:6:71:Infinity":10,"b:74:4:77:Infinity:undefined:undefined:undefined:undefined":3,"s:74:4:77:Infinity":11,"s:75:6:75:Infinity":12,"s:76:6:76:Infinity":13,"s:80:19:80:Infinity":14,"s:81:20:81:Infinity":15,"s:82:17:82:Infinity":16,"s:84:4:121:Infinity":17,"s:85:30:85:Infinity":18,"b:86:6:86:Infinity:undefined:undefined:undefined:undefined":4,"s:86:6:86:Infinity":19,"s:86:16:86:Infinity":20,"s:88:6:88:Infinity":21,"s:89:20:89:Infinity":22,"s:90:6:90:Infinity":23,"b:90:15:90:30:90:30:90:Infinity":5,"s:92:6:120:Infinity":24,"b:93:8:93:Infinity:undefined:undefined:undefined:undefined":6,"s:93:8:93:Infinity":25,"s:93:40:93:Infinity":26,"s:94:21:94:Infinity":27,"b:95:8:95:Infinity:undefined:undefined:undefined:undefined":7,"s:95:8:95:Infinity":28,"s:95:33:95:57":29,"s:95:57:95:64":30,"s:97:8:119:Infinity":31,"s:98:24:98:Infinity":32,"b:101:10:116:Infinity:103:10:116:Infinity":8,"s:101:10:116:Infinity":33,"b:101:14:101:54:101:54:101:73":9,"s:102:12:102:Infinity":34,"b:103:10:116:Infinity:111:10:116:Infinity":10,"s:103:10:116:Infinity":35,"b:105:19:105:59:105:59:105:101":11,"s:106:12:110:Infinity":36,"b:111:10:116:Infinity:undefined:undefined:undefined:undefined":12,"s:111:10:116:Infinity":37,"s:114:12:114:Infinity":38,"s:115:12:115:Infinity":39,"s:123:4:123:Infinity":40,"s:125:4:125:Infinity":41,"f:132:22:132:Infinity":2,"b:137:22:137:Infinity":13,"s:139:19:152:Infinity":42,"b:154:2:156:Infinity:undefined:undefined:undefined:undefined":14,"s:154:2:156:Infinity":43,"s:155:4:155:Infinity":44,"s:158:15:158:Infinity":45,"s:159:19:159:Infinity":46,"s:160:2:160:Infinity":47,"b:160:9:160:31:160:31:160:Infinity":15},"fnNames":{}}}
,"F:\\小说桌面端工具\\do-zhou\\src\\main\\engine\\claude\\session-bridge.ts": {"path":"F:\\小说桌面端工具\\do-zhou\\src\\main\\engine\\claude\\session-bridge.ts","statementMap":{"0":{"start":{"line":20,"column":20},"end":{"line":20,"column":null}},"1":{"start":{"line":21,"column":2},"end":{"line":21,"column":null}},"2":{"start":{"line":21,"column":33},"end":{"line":21,"column":null}},"3":{"start":{"line":23,"column":2},"end":{"line":34,"column":null}},"4":{"start":{"line":24,"column":20},"end":{"line":24,"column":null}},"5":{"start":{"line":25,"column":4},"end":{"line":31,"column":null}},"6":{"start":{"line":26,"column":22},"end":{"line":26,"column":33}},"7":{"start":{"line":28,"column":8},"end":{"line":29,"column":null}},"8":{"start":{"line":28,"column":14},"end":{"line":28,"column":55}},"9":{"start":{"line":29,"column":16},"end":{"line":29,"column":28}},"10":{"start":{"line":33,"column":4},"end":{"line":33,"column":null}},"11":{"start":{"line":41,"column":2},"end":{"line":41,"column":null}},"12":{"start":{"line":41,"column":34},"end":{"line":41,"column":null}},"13":{"start":{"line":43,"column":20},"end":{"line":43,"column":null}},"14":{"start":{"line":44,"column":18},"end":{"line":44,"column":null}},"15":{"start":{"line":44,"column":36},"end":{"line":44,"column":53}},"16":{"start":{"line":45,"column":2},"end":{"line":45,"column":null}},"17":{"start":{"line":52,"column":20},"end":{"line":52,"column":null}},"18":{"start":{"line":53,"column":2},"end":{"line":53,"column":null}},"19":{"start":{"line":53,"column":34},"end":{"line":53,"column":null}},"20":{"start":{"line":54,"column":2},"end":{"line":54,"column":null}},"21":{"start":{"line":61,"column":2},"end":{"line":65,"column":null}},"22":{"start":{"line":72,"column":2},"end":{"line":72,"column":null}},"23":{"start":{"line":72,"column":28},"end":{"line":72,"column":65}},"24":{"start":{"line":79,"column":2},"end":{"line":81,"column":null}},"25":{"start":{"line":80,"column":4},"end":{"line":80,"column":null}},"26":{"start":{"line":82,"column":2},"end":{"line":84,"column":null}},"27":{"start":{"line":83,"column":4},"end":{"line":83,"column":null}},"28":{"start":{"line":85,"column":2},"end":{"line":85,"column":null}}},"fnMap":{"0":{"name":"loadConversation","decl":{"start":{"line":19,"column":16},"end":{"line":19,"column":33}},"loc":{"start":{"line":19,"column":70},"end":{"line":35,"column":null}},"line":19},"1":{"name":"(anonymous_1)","decl":{"start":{"line":26,"column":14},"end":{"line":26,"column":22}},"loc":{"start":{"line":26,"column":22},"end":{"line":26,"column":33}},"line":26},"2":{"name":"(anonymous_2)","decl":{"start":{"line":27,"column":11},"end":{"line":27,"column":19}},"loc":{"start":{"line":27,"column":19},"end":{"line":30,"column":7}},"line":27},"3":{"name":"saveConversation","decl":{"start":{"line":40,"column":16},"end":{"line":40,"column":33}},"loc":{"start":{"line":40,"column":86},"end":{"line":46,"column":null}},"line":40},"4":{"name":"(anonymous_4)","decl":{"start":{"line":44,"column":31},"end":{"line":44,"column":36}},"loc":{"start":{"line":44,"column":36},"end":{"line":44,"column":53}},"line":44},"5":{"name":"appendMessage","decl":{"start":{"line":51,"column":16},"end":{"line":51,"column":30}},"loc":{"start":{"line":51,"column":80},"end":{"line":55,"column":null}},"line":51},"6":{"name":"fromClaudeMessage","decl":{"start":{"line":60,"column":16},"end":{"line":60,"column":34}},"loc":{"start":{"line":60,"column":89},"end":{"line":66,"column":null}},"line":60},"7":{"name":"toUniversalFormat","decl":{"start":{"line":71,"column":16},"end":{"line":71,"column":34}},"loc":{"start":{"line":71,"column":103},"end":{"line":73,"column":null}},"line":71},"8":{"name":"(anonymous_8)","decl":{"start":{"line":72,"column":22},"end":{"line":72,"column":28}},"loc":{"start":{"line":72,"column":28},"end":{"line":72,"column":65}},"line":72},"9":{"name":"getCapabilityNotice","decl":{"start":{"line":78,"column":16},"end":{"line":78,"column":36}},"loc":{"start":{"line":78,"column":89},"end":{"line":86,"column":null}},"line":78}},"branchMap":{"0":{"loc":{"start":{"line":21,"column":2},"end":{"line":21,"column":null}},"type":"if","locations":[{"start":{"line":21,"column":2},"end":{"line":21,"column":null}},{"start":{},"end":{}}],"line":21},"1":{"loc":{"start":{"line":41,"column":2},"end":{"line":41,"column":null}},"type":"if","locations":[{"start":{"line":41,"column":2},"end":{"line":41,"column":null}},{"start":{},"end":{}}],"line":41},"2":{"loc":{"start":{"line":53,"column":2},"end":{"line":53,"column":null}},"type":"if","locations":[{"start":{"line":53,"column":2},"end":{"line":53,"column":null}},{"start":{},"end":{}}],"line":53},"3":{"loc":{"start":{"line":62,"column":11},"end":{"line":62,"column":null}},"type":"cond-expr","locations":[{"start":{"line":62,"column":38},"end":{"line":62,"column":52}},{"start":{"line":62,"column":52},"end":{"line":62,"column":null}}],"line":62},"4":{"loc":{"start":{"line":62,"column":52},"end":{"line":62,"column":null}},"type":"cond-expr","locations":[{"start":{"line":62,"column":74},"end":{"line":62,"column":83}},{"start":{"line":62,"column":83},"end":{"line":62,"column":null}}],"line":62},"5":{"loc":{"start":{"line":63,"column":13},"end":{"line":63,"column":null}},"type":"cond-expr","locations":[{"start":{"line":63,"column":47},"end":{"line":63,"column":61}},{"start":{"line":63,"column":61},"end":{"line":63,"column":null}}],"line":63},"6":{"loc":{"start":{"line":79,"column":2},"end":{"line":81,"column":null}},"type":"if","locations":[{"start":{"line":79,"column":2},"end":{"line":81,"column":null}},{"start":{},"end":{}}],"line":79},"7":{"loc":{"start":{"line":79,"column":6},"end":{"line":79,"column":59}},"type":"binary-expr","locations":[{"start":{"line":79,"column":6},"end":{"line":79,"column":33}},{"start":{"line":79,"column":33},"end":{"line":79,"column":59}}],"line":79},"8":{"loc":{"start":{"line":82,"column":2},"end":{"line":84,"column":null}},"type":"if","locations":[{"start":{"line":82,"column":2},"end":{"line":84,"column":null}},{"start":{},"end":{}}],"line":82},"9":{"loc":{"start":{"line":82,"column":6},"end":{"line":82,"column":59}},"type":"binary-expr","locations":[{"start":{"line":82,"column":6},"end":{"line":82,"column":36}},{"start":{"line":82,"column":36},"end":{"line":82,"column":59}}],"line":82}},"s":{"0":4,"1":4,"2":1,"3":3,"4":3,"5":3,"6":8,"7":5,"8":5,"9":0,"10":0,"11":3,"12":0,"13":3,"14":3,"15":4,"16":3,"17":1,"18":1,"19":0,"20":1,"21":2,"22":1,"23":2,"24":3,"25":1,"26":2,"27":1,"28":1},"f":{"0":4,"1":8,"2":5,"3":3,"4":4,"5":1,"6":2,"7":1,"8":2,"9":3},"b":{"0":[1,3],"1":[0,3],"2":[0,1],"3":[1,1],"4":[0,1],"5":[2,0],"6":[1,2],"7":[3,2],"8":[1,1],"9":[2,1]},"meta":{"lastBranch":10,"lastFunction":10,"lastStatement":29,"seen":{"f:19:16:19:33":0,"s:20:20:20:Infinity":0,"b:21:2:21:Infinity:undefined:undefined:undefined:undefined":0,"s:21:2:21:Infinity":1,"s:21:33:21:Infinity":2,"s:23:2:34:Infinity":3,"s:24:20:24:Infinity":4,"s:25:4:31:Infinity":5,"f:26:14:26:22":1,"s:26:22:26:33":6,"f:27:11:27:19":2,"s:28:8:29:Infinity":7,"s:28:14:28:55":8,"s:29:16:29:28":9,"s:33:4:33:Infinity":10,"f:40:16:40:33":3,"b:41:2:41:Infinity:undefined:undefined:undefined:undefined":1,"s:41:2:41:Infinity":11,"s:41:34:41:Infinity":12,"s:43:20:43:Infinity":13,"s:44:18:44:Infinity":14,"f:44:31:44:36":4,"s:44:36:44:53":15,"s:45:2:45:Infinity":16,"f:51:16:51:30":5,"s:52:20:52:Infinity":17,"b:53:2:53:Infinity:undefined:undefined:undefined:undefined":2,"s:53:2:53:Infinity":18,"s:53:34:53:Infinity":19,"s:54:2:54:Infinity":20,"f:60:16:60:34":6,"s:61:2:65:Infinity":21,"b:62:38:62:52:62:52:62:Infinity":3,"b:62:74:62:83:62:83:62:Infinity":4,"b:63:47:63:61:63:61:63:Infinity":5,"f:71:16:71:34":7,"s:72:2:72:Infinity":22,"f:72:22:72:28":8,"s:72:28:72:65":23,"f:78:16:78:36":9,"b:79:2:81:Infinity:undefined:undefined:undefined:undefined":6,"s:79:2:81:Infinity":24,"b:79:6:79:33:79:33:79:59":7,"s:80:4:80:Infinity":25,"b:82:2:84:Infinity:undefined:undefined:undefined:undefined":8,"s:82:2:84:Infinity":26,"b:82:6:82:36:82:36:82:59":9,"s:83:4:83:Infinity":27,"s:85:2:85:Infinity":28},"fnNames":{}}}
,"F:\\小说桌面端工具\\do-zhou\\src\\main\\engine\\universal\\agent-loop.ts": {"path":"F:\\小说桌面端工具\\do-zhou\\src\\main\\engine\\universal\\agent-loop.ts","statementMap":{"0":{"start":{"line":15,"column":17},"end":{"line":15,"column":null}},"1":{"start":{"line":18,"column":84},"end":{"line":18,"column":null}},"2":{"start":{"line":19,"column":17},"end":{"line":19,"column":null}},"3":{"start":{"line":20,"column":19},"end":{"line":20,"column":null}},"4":{"start":{"line":22,"column":34},"end":{"line":22,"column":null}},"5":{"start":{"line":25,"column":2},"end":{"line":34,"column":null}},"6":{"start":{"line":26,"column":4},"end":{"line":28,"column":null}},"7":{"start":{"line":27,"column":6},"end":{"line":27,"column":null}},"8":{"start":{"line":29,"column":4},"end":{"line":33,"column":null}},"9":{"start":{"line":30,"column":6},"end":{"line":32,"column":null}},"10":{"start":{"line":31,"column":8},"end":{"line":31,"column":null}},"11":{"start":{"line":31,"column":20},"end":{"line":31,"column":null}},"12":{"start":{"line":37,"column":2},"end":{"line":39,"column":null}},"13":{"start":{"line":37,"column":46},"end":{"line":37,"column":65}},"14":{"start":{"line":38,"column":4},"end":{"line":38,"column":null}},"15":{"start":{"line":41,"column":2},"end":{"line":79,"column":null}},"16":{"start":{"line":41,"column":15},"end":{"line":41,"column":18}},"17":{"start":{"line":42,"column":4},"end":{"line":42,"column":null}},"18":{"start":{"line":42,"column":25},"end":{"line":42,"column":null}},"19":{"start":{"line":45,"column":21},"end":{"line":49,"column":null}},"20":{"start":{"line":52,"column":4},"end":{"line":54,"column":null}},"21":{"start":{"line":53,"column":6},"end":{"line":53,"column":null}},"22":{"start":{"line":56,"column":34},"end":{"line":61,"column":null}},"23":{"start":{"line":62,"column":4},"end":{"line":62,"column":null}},"24":{"start":{"line":65,"column":4},"end":{"line":65,"column":null}},"25":{"start":{"line":65,"column":64},"end":{"line":65,"column":null}},"26":{"start":{"line":68,"column":4},"end":{"line":78,"column":null}},"27":{"start":{"line":69,"column":6},"end":{"line":69,"column":null}},"28":{"start":{"line":69,"column":27},"end":{"line":69,"column":null}},"29":{"start":{"line":70,"column":21},"end":{"line":70,"column":null}},"30":{"start":{"line":71,"column":6},"end":{"line":77,"column":null}},"31":{"start":{"line":81,"column":2},"end":{"line":81,"column":null}}},"fnMap":{"0":{"name":"agentLoop","decl":{"start":{"line":17,"column":22},"end":{"line":17,"column":32}},"loc":{"start":{"line":17,"column":74},"end":{"line":82,"column":null}},"line":17},"1":{"name":"(anonymous_1)","decl":{"start":{"line":37,"column":41},"end":{"line":37,"column":46}},"loc":{"start":{"line":37,"column":46},"end":{"line":37,"column":65}},"line":37}},"branchMap":{"0":{"loc":{"start":{"line":26,"column":4},"end":{"line":28,"column":null}},"type":"if","locations":[{"start":{"line":26,"column":4},"end":{"line":28,"column":null}},{"start":{},"end":{}}],"line":26},"1":{"loc":{"start":{"line":26,"column":8},"end":{"line":26,"column":50}},"type":"binary-expr","locations":[{"start":{"line":26,"column":8},"end":{"line":26,"column":31}},{"start":{"line":26,"column":31},"end":{"line":26,"column":50}}],"line":26},"2":{"loc":{"start":{"line":29,"column":4},"end":{"line":33,"column":null}},"type":"if","locations":[{"start":{"line":29,"column":4},"end":{"line":33,"column":null}},{"start":{},"end":{}}],"line":29},"3":{"loc":{"start":{"line":29,"column":8},"end":{"line":29,"column":52}},"type":"binary-expr","locations":[{"start":{"line":29,"column":8},"end":{"line":29,"column":36}},{"start":{"line":29,"column":36},"end":{"line":29,"column":52}}],"line":29},"4":{"loc":{"start":{"line":31,"column":8},"end":{"line":31,"column":null}},"type":"if","locations":[{"start":{"line":31,"column":8},"end":{"line":31,"column":null}},{"start":{},"end":{}}],"line":31},"5":{"loc":{"start":{"line":37,"column":2},"end":{"line":39,"column":null}},"type":"if","locations":[{"start":{"line":37,"column":2},"end":{"line":39,"column":null}},{"start":{},"end":{}}],"line":37},"6":{"loc":{"start":{"line":37,"column":6},"end":{"line":37,"column":68}},"type":"binary-expr","locations":[{"start":{"line":37,"column":6},"end":{"line":37,"column":22}},{"start":{"line":37,"column":22},"end":{"line":37,"column":68}}],"line":37},"7":{"loc":{"start":{"line":42,"column":4},"end":{"line":42,"column":null}},"type":"if","locations":[{"start":{"line":42,"column":4},"end":{"line":42,"column":null}},{"start":{},"end":{}}],"line":42},"8":{"loc":{"start":{"line":52,"column":4},"end":{"line":54,"column":null}},"type":"if","locations":[{"start":{"line":52,"column":4},"end":{"line":54,"column":null}},{"start":{},"end":{}}],"line":52},"9":{"loc":{"start":{"line":52,"column":8},"end":{"line":52,"column":35}},"type":"binary-expr","locations":[{"start":{"line":52,"column":8},"end":{"line":52,"column":19}},{"start":{"line":52,"column":19},"end":{"line":52,"column":35}}],"line":52},"10":{"loc":{"start":{"line":58,"column":15},"end":{"line":58,"column":null}},"type":"binary-expr","locations":[{"start":{"line":58,"column":15},"end":{"line":58,"column":35}},{"start":{"line":58,"column":35},"end":{"line":58,"column":null}}],"line":58},"11":{"loc":{"start":{"line":65,"column":4},"end":{"line":65,"column":null}},"type":"if","locations":[{"start":{"line":65,"column":4},"end":{"line":65,"column":null}},{"start":{},"end":{}}],"line":65},"12":{"loc":{"start":{"line":65,"column":8},"end":{"line":65,"column":64}},"type":"binary-expr","locations":[{"start":{"line":65,"column":8},"end":{"line":65,"column":31}},{"start":{"line":65,"column":31},"end":{"line":65,"column":64}}],"line":65},"13":{"loc":{"start":{"line":69,"column":6},"end":{"line":69,"column":null}},"type":"if","locations":[{"start":{"line":69,"column":6},"end":{"line":69,"column":null}},{"start":{},"end":{}}],"line":69},"14":{"loc":{"start":{"line":73,"column":17},"end":{"line":73,"column":null}},"type":"cond-expr","locations":[{"start":{"line":73,"column":32},"end":{"line":73,"column":75}},{"start":{"line":73,"column":75},"end":{"line":73,"column":null}}],"line":73}},"s":{"0":1,"1":2,"2":2,"3":2,"4":2,"5":2,"6":1,"7":0,"8":1,"9":0,"10":0,"11":0,"12":2,"13":1,"14":1,"15":2,"16":2,"17":2,"18":0,"19":2,"20":2,"21":0,"22":2,"23":2,"24":2,"25":2,"26":0,"27":0,"28":0,"29":0,"30":0,"31":2},"f":{"0":2,"1":1},"b":{"0":[0,1],"1":[1,0],"2":[0,1],"3":[1,0],"4":[0,0],"5":[1,1],"6":[2,1],"7":[0,2],"8":[0,2],"9":[2,0],"10":[2,0],"11":[2,0],"12":[2,0],"13":[0,0],"14":[0,0]},"meta":{"lastBranch":15,"lastFunction":2,"lastStatement":32,"seen":{"s:15:17:15:Infinity":0,"f:17:22:17:32":0,"s:18:84:18:Infinity":1,"s:19:17:19:Infinity":2,"s:20:19:20:Infinity":3,"s:22:34:22:Infinity":4,"s:25:2:34:Infinity":5,"b:26:4:28:Infinity:undefined:undefined:undefined:undefined":0,"s:26:4:28:Infinity":6,"b:26:8:26:31:26:31:26:50":1,"s:27:6:27:Infinity":7,"b:29:4:33:Infinity:undefined:undefined:undefined:undefined":2,"s:29:4:33:Infinity":8,"b:29:8:29:36:29:36:29:52":3,"s:30:6:32:Infinity":9,"b:31:8:31:Infinity:undefined:undefined:undefined:undefined":4,"s:31:8:31:Infinity":10,"s:31:20:31:Infinity":11,"b:37:2:39:Infinity:undefined:undefined:undefined:undefined":5,"s:37:2:39:Infinity":12,"b:37:6:37:22:37:22:37:68":6,"f:37:41:37:46":1,"s:37:46:37:65":13,"s:38:4:38:Infinity":14,"s:41:2:79:Infinity":15,"s:41:15:41:18":16,"b:42:4:42:Infinity:undefined:undefined:undefined:undefined":7,"s:42:4:42:Infinity":17,"s:42:25:42:Infinity":18,"s:45:21:49:Infinity":19,"b:52:4:54:Infinity:undefined:undefined:undefined:undefined":8,"s:52:4:54:Infinity":20,"b:52:8:52:19:52:19:52:35":9,"s:53:6:53:Infinity":21,"s:56:34:61:Infinity":22,"b:58:15:58:35:58:35:58:Infinity":10,"s:62:4:62:Infinity":23,"b:65:4:65:Infinity:undefined:undefined:undefined:undefined":11,"s:65:4:65:Infinity":24,"b:65:8:65:31:65:31:65:64":12,"s:65:64:65:Infinity":25,"s:68:4:78:Infinity":26,"b:69:6:69:Infinity:undefined:undefined:undefined:undefined":13,"s:69:6:69:Infinity":27,"s:69:27:69:Infinity":28,"s:70:21:70:Infinity":29,"s:71:6:77:Infinity":30,"b:73:32:73:75:73:75:73:Infinity":14,"s:81:2:81:Infinity":31},"fnNames":{}}}
[...]
e":78,"column":31},"end":{"line":78,"column":50}},"44":{"start":{"line":79,"column":32},"end":{"line":79,"column":51}},"45":{"start":{"line":80,"column":33},"end":{"line":80,"column":50}},"46":{"start":{"line":83,"column":28},"end":{"line":83,"column":47}},"47":{"start":{"line":84,"column":29},"end":{"line":84,"column":46}},"48":{"start":{"line":85,"column":24},"end":{"line":85,"column":43}},"49":{"start":{"line":86,"column":24},"end":{"line":86,"column":43}},"50":{"start":{"line":89,"column":28},"end":{"line":89,"column":45}},"51":{"start":{"line":90,"column":25},"end":{"line":90,"column":42}},"52":{"start":{"line":93,"column":31},"end":{"line":93,"column":67}},"53":{"start":{"line":99,"column":2},"end":{"line":99,"column":null}},"54":{"start":{"line":102,"column":2},"end":{"line":104,"column":null}},"55":{"start":{"line":103,"column":4},"end":{"line":103,"column":null}},"56":{"start":{"line":106,"column":2},"end":{"line":106,"column":null}}},"fnMap":{"0":{"name":"setupIPCMock","decl":{"start":{"line":14,"column":16},"end":{"line":14,"column":29}},"loc":{"start":{"line":14,"column":66},"end":{"line":107,"column":null}},"line":14},"1":{"name":"(anonymous_1)","decl":{"start":{"line":20,"column":25},"end":{"line":20,"column":31}},"loc":{"start":{"line":20,"column":31},"end":{"line":20,"column":53}},"line":20},"2":{"name":"(anonymous_2)","decl":{"start":{"line":23,"column":18},"end":{"line":23,"column":24}},"loc":{"start":{"line":23,"column":24},"end":{"line":23,"column":43}},"line":23},"3":{"name":"(anonymous_3)","decl":{"start":{"line":24,"column":19},"end":{"line":24,"column":25}},"loc":{"start":{"line":24,"column":25},"end":{"line":24,"column":42}},"line":24},"4":{"name":"(anonymous_4)","decl":{"start":{"line":25,"column":18},"end":{"line":25,"column":24}},"loc":{"start":{"line":25,"column":24},"end":{"line":25,"column":43}},"line":25},"5":{"name":"(anonymous_5)","decl":{"start":{"line":26,"column":20},"end":{"line":26,"column":26}},"loc":{"start":{"line":26,"column":26},"end":{"line":26,"column":43}},"line":26},"6":{"name":"(anonymous_6)","decl":{"start":{"line":27,"column":20},"end":{"line":27,"column":26}},"loc":{"start":{"line":27,"column":26},"end":{"line":27,"column":43}},"line":27},"7":{"name":"(anonymous_7)","decl":{"start":{"line":28,"column":19},"end":{"line":28,"column":25}},"loc":{"start":{"line":28,"column":25},"end":{"line":28,"column":42}},"line":28},"8":{"name":"(anonymous_8)","decl":{"start":{"line":29,"column":20},"end":{"line":29,"column":26}},"loc":{"start":{"line":29,"column":26},"end":{"line":29,"column":48}},"line":29},"9":{"name":"(anonymous_9)","decl":{"start":{"line":32,"column":20},"end":{"line":32,"column":26}},"loc":{"start":{"line":32,"column":26},"end":{"line":32,"column":102}},"line":32},"10":{"name":"(anonymous_10)","decl":{"start":{"line":33,"column":18},"end":{"line":33,"column":24}},"loc":{"start":{"line":33,"column":24},"end":{"line":33,"column":43}},"line":33},"11":{"name":"(anonymous_11)","decl":{"start":{"line":34,"column":17},"end":{"line":34,"column":23}},"loc":{"start":{"line":34,"column":23},"end":{"line":34,"column":44}},"line":34},"12":{"name":"(anonymous_12)","decl":{"start":{"line":35,"column":20},"end":{"line":35,"column":26}},"loc":{"start":{"line":35,"column":26},"end":{"line":35,"column":43}},"line":35},"13":{"name":"(anonymous_13)","decl":{"start":{"line":36,"column":20},"end":{"line":36,"column":26}},"loc":{"start":{"line":36,"column":26},"end":{"line":36,"column":43}},"line":36},"14":{"name":"(anonymous_14)","decl":{"start":{"line":37,"column":23},"end":{"line":37,"column":29}},"loc":{"start":{"line":37,"column":29},"end":{"line":37,"column":48}},"line":37},"15":{"name":"(anonymous_15)","decl":{"start":{"line":40,"column":18},"end":{"line":40,"column":24}},"loc":{"start":{"line":40,"column":24},"end":{"line":40,"column":43}},"line":40},"16":{"name":"(anonymous_16)","decl":{"start":{"line":41,"column":21},"end":{"line":41,"column":27}},"loc":{"start":{"line":41,"column":27},"end":{"line":41,"column":46}},"line":41},"17":{"name":"(anonymous_17)","decl":{"start":{"line":42,"column":19},"end":{"line":42,"column":25}},"loc":{"start":{"line":42,"column":25},"end":{"line":42,"column":42}},"line":42},"18":{"name":"(anonymous_18)","decl":{"start":{"line":45,"column":20},"end":{"line":45,"column":26}},"loc":{"start":{"line":45,"column":26},"end":{"line":45,"column":45}},"line":45},"19":{"name":"(anonymous_19)","decl":{"start":{"line":46,"column":20},"end":{"line":46,"column":26}},"loc":{"start":{"line":46,"column":26},"end":{"line":46,"column":45}},"line":46},"20":{"name":"(anonymous_20)","decl":{"start":{"line":47,"column":20},"end":{"line":47,"column":26}},"loc":{"start":{"line":47,"column":26},"end":{"line":47,"column":47}},"line":47},"21":{"name":"(anonymous_21)","decl":{"start":{"line":48,"column":23},"end":{"line":48,"column":29}},"loc":{"start":{"line":48,"column":29},"end":{"line":48,"column":134}},"line":48},"22":{"name":"(anonymous_22)","decl":{"start":{"line":49,"column":20},"end":{"line":49,"column":26}},"loc":{"start":{"line":49,"column":26},"end":{"line":49,"column":48}},"line":49},"23":{"name":"(anonymous_23)","decl":{"start":{"line":50,"column":21},"end":{"line":50,"column":27}},"loc":{"start":{"line":50,"column":27},"end":{"line":50,"column":44}},"line":50},"24":{"name":"(anonymous_24)","decl":{"start":{"line":51,"column":25},"end":{"line":51,"column":31}},"loc":{"start":{"line":51,"column":31},"end":{"line":51,"column":50}},"line":51},"25":{"name":"(anonymous_25)","decl":{"start":{"line":52,"column":28},"end":{"line":52,"column":34}},"loc":{"start":{"line":52,"column":34},"end":{"line":52,"column":56}},"line":52},"26":{"name":"(anonymous_26)","decl":{"start":{"line":55,"column":20},"end":{"line":55,"column":26}},"loc":{"start":{"line":55,"column":26},"end":{"line":55,"column":45}},"line":55},"27":{"name":"(anonymous_27)","decl":{"start":{"line":56,"column":20},"end":{"line":56,"column":26}},"loc":{"start":{"line":56,"column":26},"end":{"line":56,"column":163}},"line":56},"28":{"name":"(anonymous_28)","decl":{"start":{"line":57,"column":20},"end":{"line":57,"column":26}},"loc":{"start":{"line":57,"column":26},"end":{"line":57,"column":47}},"line":57},"29":{"name":"(anonymous_29)","decl":{"start":{"line":58,"column":20},"end":{"line":58,"column":26}},"loc":{"start":{"line":58,"column":26},"end":{"line":58,"column":45}},"line":58},"30":{"name":"(anonymous_30)","decl":{"start":{"line":59,"column":20},"end":{"line":59,"column":26}},"loc":{"start":{"line":59,"column":26},"end":{"line":59,"column":79}},"line":59},"31":{"name":"(anonymous_31)","decl":{"start":{"line":60,"column":20},"end":{"line":60,"column":26}},"loc":{"start":{"line":60,"column":26},"end":{"line":60,"column":43}},"line":60},"32":{"name":"(anonymous_32)","decl":{"start":{"line":61,"column":29},"end":{"line":61,"column":35}},"loc":{"start":{"line":61,"column":35},"end":{"line":61,"column":52}},"line":61},"33":{"name":"(anonymous_33)","decl":{"start":{"line":62,"column":26},"end":{"line":62,"column":32}},"loc":{"start":{"line":62,"column":32},"end":{"line":62,"column":49}},"line":62},"34":{"name":"(anonymous_34)","decl":{"start":{"line":65,"column":17},"end":{"line":65,"column":23}},"loc":{"start":{"line":65,"column":23},"end":{"line":65,"column":116}},"line":65},"35":{"name":"(anonymous_35)","decl":{"start":{"line":66,"column":18},"end":{"line":66,"column":24}},"loc":{"start":{"line":66,"column":24},"end":{"line":66,"column":43}},"line":66},"36":{"name":"(anonymous_36)","decl":{"start":{"line":67,"column":19},"end":{"line":67,"column":25}},"loc":{"start":{"line":67,"column":25},"end":{"line":67,"column":44}},"line":67},"37":{"name":"(anonymous_37)","decl":{"start":{"line":70,"column":18},"end":{"line":70,"column":24}},"loc":{"start":{"line":70,"column":24},"end":{"line":70,"column":43}},"line":70},"38":{"name":"(anonymous_38)","decl":{"start":{"line":71,"column":20},"end":{"line":71,"column":26}},"loc":{"start":{"line":71,"column":26},"end":{"line":71,"column":45}},"line":71},"39":{"name":"(anonymous_39)","decl":{"start":{"line":72,"column":21},"end":{"line":72,"column":27}},"loc":{"start":{"line":72,"column":27},"end":{"line":72,"column":46}},"line":72},"40":{"name":"(anonymous_40)","decl":{"start":{"line":73,"column":19},"end":{"line":73,"column":25}},"loc":{"start":{"line":73,"column":25},"end":{"line":73,"column":42}},"line":73},"41":{"name":"(anonymous_41)","decl":{"start":{"line":76,"column":18},"end":{"line":76,"column":24}},"loc":{"start":{"line":76,"column":24},"end":{"line":76,"column":72}},"line":76},"42":{"name":"(anonymous_42)","decl":{"start":{"line":77,"column":24},"end":{"line":77,"column":30}},"loc":{"start":{"line":77,"column":30},"end":{"line":77,"column":47}},"line":77},"43":{"name":"(anonymous_43)","decl":{"start":{"line":78,"column":25},"end":{"line":78,"column":31}},"loc":{"start":{"line":78,"column":31},"end":{"line":78,"column":50}},"line":78},"44":{"name":"(anonymous_44)","decl":{"start":{"line":79,"column":26},"end":{"line":79,"column":32}},"loc":{"start":{"line":79,"column":32},"end":{"line":79,"column":51}},"line":79},"45":{"name":"(anonymous_45)","decl":{"start":{"line":80,"column":27},"end":{"line":80,"column":33}},"loc":{"start":{"line":80,"column":33},"end":{"line":80,"column":50}},"line":80},"46":{"name":"(anonymous_46)","decl":{"start":{"line":83,"column":22},"end":{"line":83,"column":28}},"loc":{"start":{"line":83,"column":28},"end":{"line":83,"column":47}},"line":83},"47":{"name":"(anonymous_47)","decl":{"start":{"line":84,"column":23},"end":{"line":84,"column":29}},"loc":{"start":{"line":84,"column":29},"end":{"line":84,"column":46}},"line":84},"48":{"name":"(anonymous_48)","decl":{"start":{"line":85,"column":18},"end":{"line":85,"column":24}},"loc":{"start":{"line":85,"column":24},"end":{"line":85,"column":43}},"line":85},"49":{"name":"(anonymous_49)","decl":{"start":{"line":86,"column":18},"end":{"line":86,"column":24}},"loc":{"start":{"line":86,"column":24},"end":{"line":86,"column":43}},"line":86},"50":{"name":"(anonymous_50)","decl":{"start":{"line":89,"column":22},"end":{"line":89,"column":28}},"loc":{"start":{"line":89,"column":28},"end":{"line":89,"column":45}},"line":89},"51":{"name":"(anonymous_51)","decl":{"start":{"line":90,"column":19},"end":{"line":90,"column":25}},"loc":{"start":{"line":90,"column":25},"end":{"line":90,"column":42}},"line":90},"52":{"name":"(anonymous_52)","decl":{"start":{"line":93,"column":25},"end":{"line":93,"column":31}},"loc":{"start":{"line":93,"column":31},"end":{"line":93,"column":67}},"line":93}},"branchMap":{"0":{"loc":{"start":{"line":14,"column":29},"end":{"line":14,"column":66}},"type":"default-arg","locations":[{"start":{"line":14,"column":62},"end":{"line":14,"column":66}}],"line":14},"1":{"loc":{"start":{"line":102,"column":2},"end":{"line":104,"column":null}},"type":"if","locations":[{"start":{"line":102,"column":2},"end":{"line":104,"column":null}},{"start":{},"end":{}}],"line":102}},"s":{"0":11,"1":9,"2":5,"3":0,"4":1,"5":0,"6":0,"7":0,"8":0,"9":0,"10":0,"11":0,"12":0,"13":0,"14":1,"15":2,"16":0,"17":0,"18":0,"19":0,"20":0,"21":0,"22":0,"23":0,"24":0,"25":0,"26":2,"27":0,"28":0,"29":0,"30":0,"31":0,"32":0,"33":0,"34":2,"35":0,"36":0,"37":0,"38":0,"39":0,"40":0,"41":0,"42":0,"43":2,"44":0,"45":0,"46":1,"47":0,"48":0,"49":0,"50":0,"51":0,"52":1,"53":11,"54":11,"55":7,"56":11},"f":{"0":11,"1":9,"2":5,"3":0,"4":1,"5":0,"6":0,"7":0,"8":0,"9":0,"10":0,"11":0,"12":0,"13":0,"14":1,"15":2,"16":0,"17":0,"18":0,"19":0,"20":0,"21":0,"22":0,"23":0,"24":0,"25":0,"26":2,"27":0,"28":0,"29":0,"30":0,"31":0,"32":0,"33":0,"34":2,"35":0,"36":0,"37":0,"38":0,"39":0,"40":0,"41":0,"42":0,"43":2,"44":0,"45":0,"46":1,"47":0,"48":0,"49":0,"50":0,"51":0,"52":1},"b":{"0":[11],"1":[7,4]},"meta":{"lastBranch":2,"lastFunction":53,"lastStatement":57,"seen":{"f:14:16:14:29":0,"b:14:62:14:66":0,"s:15:15:97:Infinity":0,"f:20:25:20:31":1,"s:20:31:20:53":1,"f:23:18:23:24":2,"s:23:24:23:43":2,"f:24:19:24:25":3,"s:24:25:24:42":3,"f:25:18:25:24":4,"s:25:24:25:43":4,"f:26:20:26:26":5,"s:26:26:26:43":5,"f:27:20:27:26":6,"s:27:26:27:43":6,"f:28:19:28:25":7,"s:28:25:28:42":7,"f:29:20:29:26":8,"s:29:26:29:48":8,"f:32:20:32:26":9,"s:32:26:32:102":9,"f:33:18:33:24":10,"s:33:24:33:43":10,"f:34:17:34:23":11,"s:34:23:34:44":11,"f:35:20:35:26":12,"s:35:26:35:43":12,"f:36:20:36:26":13,"s:36:26:36:43":13,"f:37:23:37:29":14,"s:37:29:37:48":14,"f:40:18:40:24":15,"s:40:24:40:43":15,"f:41:21:41:27":16,"s:41:27:41:46":16,"f:42:19:42:25":17,"s:42:25:42:42":17,"f:45:20:45:26":18,"s:45:26:45:45":18,"f:46:20:46:26":19,"s:46:26:46:45":19,"f:47:20:47:26":20,"s:47:26:47:47":20,"f:48:23:48:29":21,"s:48:29:48:134":21,"f:49:20:49:26":22,"s:49:26:49:48":22,"f:50:21:50:27":23,"s:50:27:50:44":23,"f:51:25:51:31":24,"s:51:31:51:50":24,"f:52:28:52:34":25,"s:52:34:52:56":25,"f:55:20:55:26":26,"s:55:26:55:45":26,"f:56:20:56:26":27,"s:56:26:56:163":27,"f:57:20:57:26":28,"s:57:26:57:47":28,"f:58:20:58:26":29,"s:58:26:58:45":29,"f:59:20:59:26":30,"s:59:26:59:79":30,"f:60:20:60:26":31,"s:60:26:60:43":31,"f:61:29:61:35":32,"s:61:35:61:52":32,"f:62:26:62:32":33,"s:62:32:62:49":33,"f:65:17:65:23":34,"s:65:23:65:116":34,"f:66:18:66:24":35,"s:66:24:66:43":35,"f:67:19:67:25":36,"s:67:25:67:44":36,"f:70:18:70:24":37,"s:70:24:70:43":37,"f:71:20:71:26":38,"s:71:26:71:45":38,"f:72:21:72:27":39,"s:72:27:72:46":39,"f:73:19:73:25":40,"s:73:25:73:42":40,"f:76:18:76:24":41,"s:76:24:76:72":41,"f:77:24:77:30":42,"s:77:30:77:47":42,"f:78:25:78:31":43,"s:78:31:78:50":43,"f:79:26:79:32":44,"s:79:32:79:51":44,"f:80:27:80:33":45,"s:80:33:80:50":45,"f:83:22:83:28":46,"s:83:28:83:47":46,"f:84:23:84:29":47,"s:84:29:84:46":47,"f:85:18:85:24":48,"s:85:24:85:43":48,"f:86:18:86:24":49,"s:86:24:86:43":49,"f:89:22:89:28":50,"s:89:28:89:45":50,"f:90:19:90:25":51,"s:90:25:90:42":51,"f:93:25:93:31":52,"s:93:31:93:67":52,"s:99:2:99:Infinity":53,"b:102:2:104:Infinity:undefined:undefined:undefined:undefined":1,"s:102:2:104:Infinity":54,"s:103:4:103:Infinity":55,"s:106:2:106:Infinity":56},"fnNames":{}}}
,"F:\\小说桌面端工具\\do-zhou\\src\\renderer\\theme\\theme-provider.tsx": {"path":"F:\\小说桌面端工具\\do-zhou\\src\\renderer\\theme\\theme-provider.tsx","statementMap":{"0":{"start":{"line":5,"column":6},"end":{"line":5,"column":null}},"1":{"start":{"line":8,"column":17},"end":{"line":8,"column":null}},"2":{"start":{"line":9,"column":2},"end":{"line":9,"column":null}},"3":{"start":{"line":9,"column":47},"end":{"line":9,"column":null}},"4":{"start":{"line":10,"column":2},"end":{"line":10,"column":null}},"5":{"start":{"line":10,"column":66},"end":{"line":10,"column":null}},"6":{"start":{"line":11,"column":2},"end":{"line":11,"column":null}},"7":{"start":{"line":15,"column":29},"end":{"line":15,"column":null}},"8":{"start":{"line":15,"column":55},"end":{"line":15,"column":79}},"9":{"start":{"line":17,"column":2},"end":{"line":20,"column":null}},"10":{"start":{"line":18,"column":4},"end":{"line":18,"column":null}},"11":{"start":{"line":19,"column":4},"end":{"line":19,"column":null}},"12":{"start":{"line":22,"column":8},"end":{"line":22,"column":null}},"13":{"start":{"line":22,"column":45},"end":{"line":22,"column":63}},"14":{"start":{"line":23,"column":8},"end":{"line":23,"column":null}},"15":{"start":{"line":23,"column":40},"end":{"line":23,"column":97}},"16":{"start":{"line":23,"column":62},"end":{"line":23,"column":94}},"17":{"start":{"line":25,"column":2},"end":{"line":28,"column":null}},"18":{"start":{"line":33,"column":8},"end":{"line":33,"column":null}},"19":{"start":{"line":34,"column":2},"end":{"line":34,"column":null}},"20":{"start":{"line":34,"column":12},"end":{"line":34,"column":null}},"21":{"start":{"line":35,"column":2},"end":{"line":35,"column":null}}},"fnMap":{"0":{"name":"getInitial","decl":{"start":{"line":7,"column":9},"end":{"line":7,"column":20}},"loc":{"start":{"line":7,"column":48},"end":{"line":12,"column":null}},"line":7},"1":{"name":"ThemeProvider","decl":{"start":{"line":14,"column":16},"end":{"line":14,"column":30}},"loc":{"start":{"line":14,"column":134},"end":{"line":30,"column":null}},"line":14},"2":{"name":"(anonymous_2)","decl":{"start":{"line":15,"column":49},"end":{"line":15,"column":55}},"loc":{"start":{"line":15,"column":55},"end":{"line":15,"column":79}},"line":15},"3":{"name":"(anonymous_3)","decl":{"start":{"line":17,"column":12},"end":{"line":17,"column":18}},"loc":{"start":{"line":17,"column":18},"end":{"line":20,"column":5}},"line":17},"4":{"name":"(anonymous_4)","decl":{"start":{"line":22,"column":31},"end":{"line":22,"column":32}},"loc":{"start":{"line":22,"column":45},"end":{"line":22,"column":63}},"line":22},"5":{"name":"(anonymous_5)","decl":{"start":{"line":23,"column":34},"end":{"line":23,"column":40}},"loc":{"start":{"line":23,"column":40},"end":{"line":23,"column":97}},"line":23},"6":{"name":"(anonymous_6)","decl":{"start":{"line":23,"column":54},"end":{"line":23,"column":55}},"loc":{"start":{"line":23,"column":62},"end":{"line":23,"column":94}},"line":23},"7":{"name":"useTheme","decl":{"start":{"line":32,"column":16},"end":{"line":32,"column":27}},"loc":{"start":{"line":32,"column":27},"end":{"line":36,"column":null}},"line":32}},"branchMap":{"0":{"loc":{"start":{"line":9,"column":2},"end":{"line":9,"column":null}},"type":"if","locations":[{"start":{"line":9,"column":2},"end":{"line":9,"column":null}},{"start":{},"end":{}}],"line":9},"1":{"loc":{"start":{"line":9,"column":6},"end":{"line":9,"column":47}},"type":"binary-expr","locations":[{"start":{"line":9,"column":6},"end":{"line":9,"column":27}},{"start":{"line":9,"column":27},"end":{"line":9,"column":47}}],"line":9},"2":{"loc":{"start":{"line":10,"column":2},"end":{"line":10,"column":null}},"type":"if","locations":[{"start":{"line":10,"column":2},"end":{"line":10,"column":null}},{"start":{},"end":{}}],"line":10},"3":{"loc":{"start":{"line":14,"column":42},"end":{"line":14,"column":64}},"type":"default-arg","locations":[{"start":{"line":14,"column":57},"end":{"line":14,"column":64}}],"line":14},"4":{"loc":{"start":{"line":23,"column":62},"end":{"line":23,"column":94}},"type":"cond-expr","locations":[{"start":{"line":23,"column":77},"end":{"line":23,"column":87}},{"start":{"line":23,"column":87},"end":{"line":23,"column":94}}],"line":23},"5":{"loc":{"start":{"line":34,"column":2},"end":{"line":34,"column":null}},"type":"if","locations":[{"start":{"line":34,"column":2},"end":{"line":34,"column":null}},{"start":{},"end":{}}],"line":34}},"s":{"0":0,"1":0,"2":0,"3":0,"4":0,"5":0,"6":0,"7":0,"8":0,"9":0,"10":0,"11":0,"12":0,"13":0,"14":0,"15":0,"16":0,"17":0,"18":0,"19":0,"20":0,"21":0},"f":{"0":0,"1":0,"2":0,"3":0,"4":0,"5":0,"6":0,"7":0},"b":{"0":[0,0],"1":[0,0],"2":[0,0],"3":[0],"4":[0,0],"5":[0,0]},"meta":{"lastBranch":6,"lastFunction":8,"lastStatement":22,"seen":{"s:5:6:5:Infinity":0,"f:7:9:7:20":0,"s:8:17:8:Infinity":1,"b:9:2:9:Infinity:undefined:undefined:undefined:undefined":0,"s:9:2:9:Infinity":2,"b:9:6:9:27:9:27:9:47":1,"s:9:47:9:Infinity":3,"b:10:2:10:Infinity:undefined:undefined:undefined:undefined":2,"s:10:2:10:Infinity":4,"s:10:66:10:Infinity":5,"s:11:2:11:Infinity":6,"f:14:16:14:30":1,"b:14:57:14:64":3,"s:15:29:15:Infinity":7,"f:15:49:15:55":2,"s:15:55:15:79":8,"s:17:2:20:Infinity":9,"f:17:12:17:18":3,"s:18:4:18:Infinity":10,"s:19:4:19:Infinity":11,"s:22:8:22:Infinity":12,"f:22:31:22:32":4,"s:22:45:22:63":13,"s:23:8:23:Infinity":14,"f:23:34:23:40":5,"s:23:40:23:97":15,"f:23:54:23:55":6,"s:23:62:23:94":16,"b:23:77:23:87:23:87:23:94":4,"s:25:2:28:Infinity":17,"f:32:16:32:27":7,"s:33:8:33:Infinity":18,"b:34:2:34:Infinity:undefined:undefined:undefined:undefined":5,"s:34:2:34:Infinity":19,"s:34:12:34:Infinity":20,"s:35:2:35:Infinity":21},"fnNames":{}}}
,"F:\\小说桌面端工具\\do-zhou\\src\\renderer\\types\\electron.d.ts": {"path":"F:\\小说桌面端工具\\do-zhou\\src\\renderer\\types\\electron.d.ts","statementMap":{},"fnMap":{},"branchMap":{},"s":{},"f":{},"b":{},"meta":{"lastBranch":0,"lastFunction":0,"lastStatement":0,"seen":{},"fnNames":{}}}
}
